[ 2019-06-24T18:15:55+08:00 ] 127.0.0.1 /online-study/admin.php/Index/index.html
INFO: [ route_check ] --START--
INFO: CheckRoute Behavior ::run [ RunTime:0.000797s ]
INFO: [ route_check ] --END-- [ RunTime:0.000921s ]
NOTIC: [8192] preg_replace(): The /e modifier is deprecated, use preg_replace_callback instead H:\study\wamp64\www\online-study\ThinkPHP\Lib\Core\Dispatcher.class.php 第 132 行.
INFO: [ app_begin ] --START--
INFO: ReadHtmlCache Behavior ::run [ RunTime:0.000650s ]
INFO: [ app_begin ] --END-- [ RunTime:0.000752s ]

[ 2019-06-24T18:15:55+08:00 ] 127.0.0.1 /online-study/admin.php/Public/login.html
INFO: [ route_check ] --START--
INFO: CheckRoute Behavior ::run [ RunTime:0.000911s ]
INFO: [ route_check ] --END-- [ RunTime:0.001095s ]
NOTIC: [8192] preg_replace(): The /e modifier is deprecated, use preg_replace_callback instead H:\study\wamp64\www\online-study\ThinkPHP\Lib\Core\Dispatcher.class.php 第 132 行.
INFO: [ app_begin ] --START--
INFO: ReadHtmlCache Behavior ::run [ RunTime:0.001148s ]
INFO: [ app_begin ] --END-- [ RunTime:0.001300s ]
INFO: [ view_parse ] --START--
NOTIC: [8] Undefined index: errorinfo H:\study\wamp64\www\online-study\Admin\Runtime\Cache\754afcf016435756ef11c645ae70896ba2ab8d15.file.login.html.php 第 74 行.
NOTIC: [8] Trying to get property of non-object H:\study\wamp64\www\online-study\Admin\Runtime\Cache\754afcf016435756ef11c645ae70896ba2ab8d15.file.login.html.php 第 74 行.
INFO: ParseTemplate Behavior ::run [ RunTime:0.009395s ]
INFO: [ view_parse ] --END-- [ RunTime:0.009509s ]
INFO: [ view_filter ] --START--
INFO: ContentReplace Behavior ::run [ RunTime:0.000708s ]
INFO: TokenBuild Behavior ::run [ RunTime:0.002128s ]
INFO: WriteHtmlCache Behavior ::run [ RunTime:0.000825s ]
INFO: ShowRuntime Behavior ::run [ RunTime:0.001222s ]
INFO: [ view_filter ] --END-- [ RunTime:0.005300s ]
INFO: [ view_end ] --START--
INFO: ShowPageTrace Behavior ::run [ RunTime:0.000863s ]
INFO: [ view_end ] --END-- [ RunTime:0.000976s ]

[ 2019-06-24T18:15:55+08:00 ] 127.0.0.1 /online-study/admin.php/Public/verify/
INFO: [ route_check ] --START--
INFO: CheckRoute Behavior ::run [ RunTime:0.003406s ]
INFO: [ route_check ] --END-- [ RunTime:0.003692s ]
NOTIC: [8192] preg_replace(): The /e modifier is deprecated, use preg_replace_callback instead H:\study\wamp64\www\online-study\ThinkPHP\Lib\Core\Dispatcher.class.php 第 132 行.
INFO: [ app_begin ] --START--
INFO: ReadHtmlCache Behavior ::run [ RunTime:0.001960s ]
INFO: [ app_begin ] --END-- [ RunTime:0.002465s ]

