[ 2019-06-26T23:37:46+08:00 ] 127.0.0.1 /online-study/admin.php/Index/index.html
INFO: [ route_check ] --START--
INFO: CheckRoute Behavior ::run [ RunTime:0.000860s ]
INFO: [ route_check ] --END-- [ RunTime:0.001070s ]
NOTIC: [8192] preg_replace(): The /e modifier is deprecated, use preg_replace_callback instead H:\study\wamp64\www\online-study\ThinkPHP\Lib\Core\Dispatcher.class.php 第 132 行.
INFO: [ app_begin ] --START--
INFO: ReadHtmlCache Behavior ::run [ RunTime:0.000719s ]
INFO: [ app_begin ] --END-- [ RunTime:0.000911s ]

[ 2019-06-26T23:37:46+08:00 ] 127.0.0.1 /online-study/admin.php/Public/login.html
INFO: [ route_check ] --START--
INFO: CheckRoute Behavior ::run [ RunTime:0.000697s ]
INFO: [ route_check ] --END-- [ RunTime:0.000839s ]
NOTIC: [8192] preg_replace(): The /e modifier is deprecated, use preg_replace_callback instead H:\study\wamp64\www\online-study\ThinkPHP\Lib\Core\Dispatcher.class.php 第 132 行.
INFO: [ app_begin ] --START--
INFO: ReadHtmlCache Behavior ::run [ RunTime:0.000535s ]
INFO: [ app_begin ] --END-- [ RunTime:0.000668s ]
INFO: [ view_parse ] --START--
NOTIC: [8] Undefined index: errorinfo H:\study\wamp64\www\online-study\Admin\Runtime\Cache\754afcf016435756ef11c645ae70896ba2ab8d15.file.login.html.php 第 74 行.
NOTIC: [8] Trying to get property of non-object H:\study\wamp64\www\online-study\Admin\Runtime\Cache\754afcf016435756ef11c645ae70896ba2ab8d15.file.login.html.php 第 74 行.
INFO: ParseTemplate Behavior ::run [ RunTime:0.023598s ]
INFO: [ view_parse ] --END-- [ RunTime:0.023716s ]
INFO: [ view_filter ] --START--
INFO: ContentReplace Behavior ::run [ RunTime:0.000533s ]
INFO: TokenBuild Behavior ::run [ RunTime:0.000369s ]
INFO: WriteHtmlCache Behavior ::run [ RunTime:0.000314s ]
INFO: ShowRuntime Behavior ::run [ RunTime:0.000406s ]
INFO: [ view_filter ] --END-- [ RunTime:0.001897s ]
INFO: [ view_end ] --START--
INFO: ShowPageTrace Behavior ::run [ RunTime:0.000426s ]
INFO: [ view_end ] --END-- [ RunTime:0.000521s ]

[ 2019-06-26T23:37:47+08:00 ] 127.0.0.1 /online-study/admin.php/Public/verify/
INFO: [ route_check ] --START--
INFO: CheckRoute Behavior ::run [ RunTime:0.001242s ]
INFO: [ route_check ] --END-- [ RunTime:0.001503s ]
NOTIC: [8192] preg_replace(): The /e modifier is deprecated, use preg_replace_callback instead H:\study\wamp64\www\online-study\ThinkPHP\Lib\Core\Dispatcher.class.php 第 132 行.
INFO: [ app_begin ] --START--
INFO: ReadHtmlCache Behavior ::run [ RunTime:0.000946s ]
INFO: [ app_begin ] --END-- [ RunTime:0.001234s ]

[ 2019-06-26T23:37:55+08:00 ] 127.0.0.1 /online-study/admin.php/Public/checkLogin
INFO: [ route_check ] --START--
INFO: CheckRoute Behavior ::run [ RunTime:0.000663s ]
INFO: [ route_check ] --END-- [ RunTime:0.000782s ]
NOTIC: [8192] preg_replace(): The /e modifier is deprecated, use preg_replace_callback instead H:\study\wamp64\www\online-study\ThinkPHP\Lib\Core\Dispatcher.class.php 第 132 行.
INFO: [ app_begin ] --START--
INFO: ReadHtmlCache Behavior ::run [ RunTime:0.001333s ]
INFO: [ app_begin ] --END-- [ RunTime:0.001586s ]
NOTIC: [8192] mysql_connect(): The mysql extension is deprecated and will be removed in the future: use mysqli or PDO instead H:\study\wamp64\www\online-study\ThinkPHP\Lib\Driver\Db\DbMysql.class.php 第 55 行.
SQL: SHOW COLUMNS FROM `edu_users` [ RunTime:0.001781s ]
NOTIC: [8192] preg_replace(): The /e modifier is deprecated, use preg_replace_callback instead H:\study\wamp64\www\online-study\ThinkPHP\Lib\Core\Db.class.php 第 604 行.
SQL: SELECT * FROM `edu_users` WHERE ( username = 'admin' ) LIMIT 1   [ RunTime:0.001806s ]
NOTIC: [8192] preg_replace(): The /e modifier is deprecated, use preg_replace_callback instead H:\study\wamp64\www\online-study\ThinkPHP\Lib\Core\Db.class.php 第 604 行.
SQL: SELECT * FROM `edu_users` WHERE ( `id` = 55 ) LIMIT 1   [ RunTime:0.001653s ]
SQL: UPDATE `edu_users` SET `username`='admin',`userpass`='21232f297a57a5a743894a0e4a801fc3',`name`='管理员',`sex`=1,`age`=22,`email`='admin@admin.com',`class`='74',`picture`='530e9f9d3b45b.jpg',`level`=10,`point`=999,`addtime`=1393430863,`introduce`='无',`logintime`=1560942307,`logouttime`=1560942321,`loginnum`=73,`stu_num`='' WHERE ( `id` = 55 ) [ RunTime:0.168541s ]
SQL: select n.mname,n.aname from edu_userrole ur,edu_role_node rn,edu_node n where ur.rid=rn.rid and rn.nid=n.id and ur.uid=55 [ RunTime:0.077514s ]
SQL: SHOW COLUMNS FROM `edu_userrole` [ RunTime:0.000972s ]
NOTIC: [8192] preg_replace(): The /e modifier is deprecated, use preg_replace_callback instead H:\study\wamp64\www\online-study\ThinkPHP\Lib\Core\Db.class.php 第 604 行.
SQL: SELECT * FROM `edu_userrole` WHERE ( uid='55' )  [ RunTime:0.000570s ]

[ 2019-06-26T23:37:56+08:00 ] 127.0.0.1 /online-study/admin.php/Index/index.html
INFO: [ route_check ] --START--
INFO: CheckRoute Behavior ::run [ RunTime:0.000514s ]
INFO: [ route_check ] --END-- [ RunTime:0.000633s ]
NOTIC: [8192] preg_replace(): The /e modifier is deprecated, use preg_replace_callback instead H:\study\wamp64\www\online-study\ThinkPHP\Lib\Core\Dispatcher.class.php 第 132 行.
INFO: [ app_begin ] --START--
INFO: ReadHtmlCache Behavior ::run [ RunTime:0.000658s ]
INFO: [ app_begin ] --END-- [ RunTime:0.000789s ]
NOTIC: [8192] mysql_connect(): The mysql extension is deprecated and will be removed in the future: use mysqli or PDO instead H:\study\wamp64\www\online-study\ThinkPHP\Lib\Driver\Db\DbMysql.class.php 第 55 行.
SQL: SHOW COLUMNS FROM `edu_users` [ RunTime:0.000879s ]
NOTIC: [8192] preg_replace(): The /e modifier is deprecated, use preg_replace_callback instead H:\study\wamp64\www\online-study\ThinkPHP\Lib\Core\Db.class.php 第 604 行.
SQL: SELECT * FROM `edu_users` WHERE ( `id` = 55 ) LIMIT 1   [ RunTime:0.000626s ]
NOTIC: [8192] preg_replace(): The /e modifier is deprecated, use preg_replace_callback instead H:\study\wamp64\www\online-study\ThinkPHP\Lib\Core\Db.class.php 第 604 行.
SQL: SELECT COUNT(*) AS tp_count FROM `edu_users` WHERE (  (`addtime` BETWEEN '1560942321' AND '1561563475' ) ) LIMIT 1   [ RunTime:0.000495s ]
SQL: SHOW COLUMNS FROM `edu_video` [ RunTime:0.000747s ]
NOTIC: [8192] preg_replace(): The /e modifier is deprecated, use preg_replace_callback instead H:\study\wamp64\www\online-study\ThinkPHP\Lib\Core\Db.class.php 第 604 行.
SQL: SELECT COUNT(*) AS tp_count FROM `edu_video` WHERE ( status=1 ) LIMIT 1   [ RunTime:0.000516s ]
SQL: SHOW COLUMNS FROM `edu_library` [ RunTime:0.001186s ]
NOTIC: [8192] preg_replace(): The /e modifier is deprecated, use preg_replace_callback instead H:\study\wamp64\www\online-study\ThinkPHP\Lib\Core\Db.class.php 第 604 行.
SQL: SELECT COUNT(*) AS tp_count FROM `edu_library` WHERE ( status=1 ) LIMIT 1   [ RunTime:0.000522s ]
SQL: SHOW COLUMNS FROM `edu_clicknum` [ RunTime:0.000659s ]
NOTIC: [8192] preg_replace(): The /e modifier is deprecated, use preg_replace_callback instead H:\study\wamp64\www\online-study\ThinkPHP\Lib\Core\Db.class.php 第 604 行.
SQL: SELECT * FROM `edu_clicknum` WHERE ( `id` = 1 ) LIMIT 1   [ RunTime:0.000449s ]
INFO: [ view_parse ] --START--
INFO: ParseTemplate Behavior ::run [ RunTime:0.058051s ]
INFO: [ view_parse ] --END-- [ RunTime:0.058209s ]
INFO: [ view_filter ] --START--
INFO: ContentReplace Behavior ::run [ RunTime:0.000521s ]
INFO: TokenBuild Behavior ::run [ RunTime:0.000437s ]
INFO: WriteHtmlCache Behavior ::run [ RunTime:0.000336s ]
INFO: ShowRuntime Behavior ::run [ RunTime:0.000492s ]
INFO: [ view_filter ] --END-- [ RunTime:0.002060s ]
INFO: [ view_end ] --START--
INFO: ShowPageTrace Behavior ::run [ RunTime:0.002458s ]
INFO: [ view_end ] --END-- [ RunTime:0.002724s ]

[ 2019-06-26T23:38:01+08:00 ] 127.0.0.1 /online-study/admin.php/Classes/index?_=1561563481562
INFO: [ route_check ] --START--
INFO: CheckRoute Behavior ::run [ RunTime:0.001089s ]
INFO: [ route_check ] --END-- [ RunTime:0.001297s ]
NOTIC: [8192] preg_replace(): The /e modifier is deprecated, use preg_replace_callback instead H:\study\wamp64\www\online-study\ThinkPHP\Lib\Core\Dispatcher.class.php 第 132 行.
INFO: [ app_begin ] --START--
INFO: ReadHtmlCache Behavior ::run [ RunTime:0.002403s ]
INFO: [ app_begin ] --END-- [ RunTime:0.002700s ]
NOTIC: [8192] mysql_connect(): The mysql extension is deprecated and will be removed in the future: use mysqli or PDO instead H:\study\wamp64\www\online-study\ThinkPHP\Lib\Driver\Db\DbMysql.class.php 第 55 行.
SQL: SHOW COLUMNS FROM `edu_classes` [ RunTime:0.001263s ]
NOTIC: [8192] preg_replace(): The /e modifier is deprecated, use preg_replace_callback instead H:\study\wamp64\www\online-study\ThinkPHP\Lib\Core\Db.class.php 第 604 行.
SQL: SELECT COUNT(*) AS tp_count FROM `edu_classes` LIMIT 1   [ RunTime:0.001046s ]
NOTIC: [8192] preg_replace(): The /e modifier is deprecated, use preg_replace_callback instead H:\study\wamp64\www\online-study\ThinkPHP\Lib\Core\Db.class.php 第 604 行.
SQL: SELECT * FROM `edu_classes` ORDER BY id desc LIMIT 0,10   [ RunTime:0.001192s ]
NOTIC: [8] Undefined variable: search H:\study\wamp64\www\online-study\Admin\Lib\Action\CommonAction.class.php 第 310 行.
NOTIC: [8] Undefined index: values H:\study\wamp64\www\online-study\Admin\Lib\Action\CommonAction.class.php 第 311 行.
NOTIC: [8] Undefined index: id H:\study\wamp64\www\online-study\Admin\Lib\Action\CatAction.class.php 第 179 行.
SQL: SHOW COLUMNS FROM `edu_cat` [ RunTime:0.001395s ]
NOTIC: [8192] preg_replace(): The /e modifier is deprecated, use preg_replace_callback instead H:\study\wamp64\www\online-study\ThinkPHP\Lib\Core\Db.class.php 第 604 行.
SQL: SELECT `id`,`name`,`path` FROM `edu_cat` ORDER BY concat(path,id)  [ RunTime:0.000930s ]
INFO: [ view_parse ] --START--
NOTIC: [8] Undefined index: _order H:\study\wamp64\www\online-study\Admin\Runtime\Cache\9b58476071dcf322d7a032b16e5bfba3e2c4a166.file.pagerForm.html.php 第 32 行.
NOTIC: [8] Undefined index: _sort H:\study\wamp64\www\online-study\Admin\Runtime\Cache\9b58476071dcf322d7a032b16e5bfba3e2c4a166.file.pagerForm.html.php 第 34 行.
NOTIC: [8] Undefined index: class_name H:\study\wamp64\www\online-study\Admin\Runtime\Cache\2f3a7a0d3bf520d920bc98294e9e9a3447241ff0.file.index.html.php 第 41 行.
NOTIC: [8] Undefined index: _sort H:\study\wamp64\www\online-study\Admin\Runtime\Cache\2f3a7a0d3bf520d920bc98294e9e9a3447241ff0.file.index.html.php 第 70 行.
NOTIC: [8] Undefined index: name H:\study\wamp64\www\online-study\Admin\Runtime\Cache\2f3a7a0d3bf520d920bc98294e9e9a3447241ff0.file.index.html.php 第 93 行.
NOTIC: [8] Undefined index: name H:\study\wamp64\www\online-study\Admin\Runtime\Cache\2f3a7a0d3bf520d920bc98294e9e9a3447241ff0.file.index.html.php 第 94 行.
NOTIC: [8] Undefined index: name H:\study\wamp64\www\online-study\Admin\Runtime\Cache\2f3a7a0d3bf520d920bc98294e9e9a3447241ff0.file.index.html.php 第 93 行.
NOTIC: [8] Undefined index: name H:\study\wamp64\www\online-study\Admin\Runtime\Cache\2f3a7a0d3bf520d920bc98294e9e9a3447241ff0.file.index.html.php 第 94 行.
NOTIC: [8] Undefined index: name H:\study\wamp64\www\online-study\Admin\Runtime\Cache\2f3a7a0d3bf520d920bc98294e9e9a3447241ff0.file.index.html.php 第 93 行.
NOTIC: [8] Undefined index: name H:\study\wamp64\www\online-study\Admin\Runtime\Cache\2f3a7a0d3bf520d920bc98294e9e9a3447241ff0.file.index.html.php 第 94 行.
NOTIC: [8] Undefined index: name H:\study\wamp64\www\online-study\Admin\Runtime\Cache\2f3a7a0d3bf520d920bc98294e9e9a3447241ff0.file.index.html.php 第 93 行.
NOTIC: [8] Undefined index: name H:\study\wamp64\www\online-study\Admin\Runtime\Cache\2f3a7a0d3bf520d920bc98294e9e9a3447241ff0.file.index.html.php 第 94 行.
NOTIC: [8] Undefined index: name H:\study\wamp64\www\online-study\Admin\Runtime\Cache\2f3a7a0d3bf520d920bc98294e9e9a3447241ff0.file.index.html.php 第 93 行.
NOTIC: [8] Undefined index: name H:\study\wamp64\www\online-study\Admin\Runtime\Cache\2f3a7a0d3bf520d920bc98294e9e9a3447241ff0.file.index.html.php 第 94 行.
NOTIC: [8] Undefined index: name H:\study\wamp64\www\online-study\Admin\Runtime\Cache\2f3a7a0d3bf520d920bc98294e9e9a3447241ff0.file.index.html.php 第 93 行.
NOTIC: [8] Undefined index: name H:\study\wamp64\www\online-study\Admin\Runtime\Cache\2f3a7a0d3bf520d920bc98294e9e9a3447241ff0.file.index.html.php 第 94 行.
NOTIC: [8] Undefined index: name H:\study\wamp64\www\online-study\Admin\Runtime\Cache\2f3a7a0d3bf520d920bc98294e9e9a3447241ff0.file.index.html.php 第 93 行.
NOTIC: [8] Undefined index: name H:\study\wamp64\www\online-study\Admin\Runtime\Cache\2f3a7a0d3bf520d920bc98294e9e9a3447241ff0.file.index.html.php 第 94 行.
INFO: ParseTemplate Behavior ::run [ RunTime:0.032186s ]
INFO: [ view_parse ] --END-- [ RunTime:0.032325s ]
INFO: [ view_filter ] --START--
INFO: ContentReplace Behavior ::run [ RunTime:0.000809s ]
INFO: TokenBuild Behavior ::run [ RunTime:0.000598s ]
INFO: WriteHtmlCache Behavior ::run [ RunTime:0.000503s ]
INFO: ShowRuntime Behavior ::run [ RunTime:0.000712s ]
INFO: [ view_filter ] --END-- [ RunTime:0.003011s ]
INFO: [ view_end ] --START--
INFO: ShowPageTrace Behavior ::run [ RunTime:0.000511s ]
INFO: [ view_end ] --END-- [ RunTime:0.000598s ]

[ 2019-06-26T23:38:03+08:00 ] 127.0.0.1 /online-study/admin.php/Classes/add/navTabId/listflink?_=1561563483026
INFO: [ route_check ] --START--
INFO: CheckRoute Behavior ::run [ RunTime:0.001594s ]
INFO: [ route_check ] --END-- [ RunTime:0.001860s ]
NOTIC: [8192] preg_replace(): The /e modifier is deprecated, use preg_replace_callback instead H:\study\wamp64\www\online-study\ThinkPHP\Lib\Core\Dispatcher.class.php 第 132 行.
INFO: [ app_begin ] --START--
INFO: ReadHtmlCache Behavior ::run [ RunTime:0.000933s ]
INFO: [ app_begin ] --END-- [ RunTime:0.001090s ]
NOTIC: [8192] mysql_connect(): The mysql extension is deprecated and will be removed in the future: use mysqli or PDO instead H:\study\wamp64\www\online-study\ThinkPHP\Lib\Driver\Db\DbMysql.class.php 第 55 行.
SQL: SHOW COLUMNS FROM `edu_users` [ RunTime:0.002278s ]
NOTIC: [8192] preg_replace(): The /e modifier is deprecated, use preg_replace_callback instead H:\study\wamp64\www\online-study\ThinkPHP\Lib\Core\Db.class.php 第 604 行.
SQL: SELECT * FROM `edu_users` WHERE ( id=55 )  [ RunTime:0.001877s ]
INFO: [ view_parse ] --START--
INFO: ParseTemplate Behavior ::run [ RunTime:0.020747s ]
INFO: [ view_parse ] --END-- [ RunTime:0.020910s ]
INFO: [ view_filter ] --START--
INFO: ContentReplace Behavior ::run [ RunTime:0.000586s ]
INFO: TokenBuild Behavior ::run [ RunTime:0.000567s ]
INFO: WriteHtmlCache Behavior ::run [ RunTime:0.000421s ]
INFO: ShowRuntime Behavior ::run [ RunTime:0.000832s ]
INFO: [ view_filter ] --END-- [ RunTime:0.002667s ]
INFO: [ view_end ] --START--
INFO: ShowPageTrace Behavior ::run [ RunTime:0.000753s ]
INFO: [ view_end ] --END-- [ RunTime:0.000850s ]

