[ 2019-04-27T19:44:06+08:00 ] 127.0.0.1 /online-study/index
INFO: [ app_begin ] --START--
INFO: ReadHtmlCache Behavior ::run [ RunTime:0.001486s ]
INFO: [ app_begin ] --END-- [ RunTime:0.001696s ]
NOTIC: [8192] mysql_connect(): The mysql extension is deprecated and will be removed in the future: use mysqli or PDO instead H:\study\wamp64\www\online-study\ThinkPHP\Lib\Driver\Db\DbMysql.class.php 第 55 行.
SQL: SHOW COLUMNS FROM `edu_clicknum` [ RunTime:0.050478s ]
NOTIC: [8192] preg_replace(): The /e modifier is deprecated, use preg_replace_callback instead H:\study\wamp64\www\online-study\ThinkPHP\Lib\Core\Db.class.php 第 604 行.
SQL: SELECT * FROM `edu_clicknum` WHERE ( `id` = 1 ) LIMIT 1   [ RunTime:0.000486s ]
SQL: UPDATE `edu_clicknum` SET `clicknum`=887,`clicktime`=1556365445 WHERE ( `id` = 1 ) [ RunTime:0.000580s ]
SQL: SHOW COLUMNS FROM `edu_notice` [ RunTime:0.025713s ]
NOTIC: [8192] preg_replace(): The /e modifier is deprecated, use preg_replace_callback instead H:\study\wamp64\www\online-study\ThinkPHP\Lib\Core\Db.class.php 第 604 行.
SQL: SELECT * FROM `edu_notice` ORDER BY addtime desc LIMIT 6   [ RunTime:0.029991s ]
SQL: SHOW COLUMNS FROM `edu_library` [ RunTime:0.028454s ]
NOTIC: [8192] preg_replace(): The /e modifier is deprecated, use preg_replace_callback instead H:\study\wamp64\www\online-study\ThinkPHP\Lib\Core\Db.class.php 第 604 行.
SQL: SELECT * FROM `edu_library` ORDER BY addtime desc LIMIT 3   [ RunTime:0.001208s ]
NOTIC: [8] Undefined index: _type H:\study\wamp64\www\online-study\ThinkPHP\Lib\Core\Model.class.php 第 583 行.
NOTIC: [8192] preg_replace(): The /e modifier is deprecated, use preg_replace_callback instead H:\study\wamp64\www\online-study\ThinkPHP\Lib\Core\Db.class.php 第 604 行.
SQL: SELECT `username` FROM `edu_users` WHERE ( `id` = '95' ) LIMIT 1   [ RunTime:0.030512s ]
NOTIC: [8] Undefined index: _type H:\study\wamp64\www\online-study\ThinkPHP\Lib\Core\Model.class.php 第 583 行.
NOTIC: [8192] preg_replace(): The /e modifier is deprecated, use preg_replace_callback instead H:\study\wamp64\www\online-study\ThinkPHP\Lib\Core\Db.class.php 第 604 行.
SQL: SELECT `username` FROM `edu_users` WHERE ( `id` = '95' ) LIMIT 1   [ RunTime:0.001379s ]
NOTIC: [8] Undefined index: _type H:\study\wamp64\www\online-study\ThinkPHP\Lib\Core\Model.class.php 第 583 行.
NOTIC: [8192] preg_replace(): The /e modifier is deprecated, use preg_replace_callback instead H:\study\wamp64\www\online-study\ThinkPHP\Lib\Core\Db.class.php 第 604 行.
SQL: SELECT `username` FROM `edu_users` WHERE ( `id` = '70' ) LIMIT 1   [ RunTime:0.000468s ]
NOTIC: [8192] preg_replace(): The /e modifier is deprecated, use preg_replace_callback instead H:\study\wamp64\www\online-study\ThinkPHP\Lib\Core\Db.class.php 第 604 行.
SQL: SELECT * FROM `edu_library` ORDER BY dwloadnum desc LIMIT 10   [ RunTime:0.000712s ]
NOTIC: [8] Undefined index: _type H:\study\wamp64\www\online-study\ThinkPHP\Lib\Core\Model.class.php 第 583 行.
NOTIC: [8192] preg_replace(): The /e modifier is deprecated, use preg_replace_callback instead H:\study\wamp64\www\online-study\ThinkPHP\Lib\Core\Db.class.php 第 604 行.
SQL: SELECT `username` FROM `edu_users` WHERE ( `id` = '70' ) LIMIT 1   [ RunTime:0.000351s ]
NOTIC: [8] Undefined index: _type H:\study\wamp64\www\online-study\ThinkPHP\Lib\Core\Model.class.php 第 583 行.
NOTIC: [8192] preg_replace(): The /e modifier is deprecated, use preg_replace_callback instead H:\study\wamp64\www\online-study\ThinkPHP\Lib\Core\Db.class.php 第 604 行.
SQL: SELECT `username` FROM `edu_users` WHERE ( `id` = '67' ) LIMIT 1   [ RunTime:0.000575s ]
NOTIC: [8] Undefined index: _type H:\study\wamp64\www\online-study\ThinkPHP\Lib\Core\Model.class.php 第 583 行.
NOTIC: [8192] preg_replace(): The /e modifier is deprecated, use preg_replace_callback instead H:\study\wamp64\www\online-study\ThinkPHP\Lib\Core\Db.class.php 第 604 行.
SQL: SELECT `username` FROM `edu_users` WHERE ( `id` = '64' ) LIMIT 1   [ RunTime:0.001170s ]
NOTIC: [8] Undefined index: _type H:\study\wamp64\www\online-study\ThinkPHP\Lib\Core\Model.class.php 第 583 行.
NOTIC: [8192] preg_replace(): The /e modifier is deprecated, use preg_replace_callback instead H:\study\wamp64\www\online-study\ThinkPHP\Lib\Core\Db.class.php 第 604 行.
SQL: SELECT `username` FROM `edu_users` WHERE ( `id` = '64' ) LIMIT 1   [ RunTime:0.000436s ]
NOTIC: [8] Undefined index: _type H:\study\wamp64\www\online-study\ThinkPHP\Lib\Core\Model.class.php 第 583 行.
NOTIC: [8192] preg_replace(): The /e modifier is deprecated, use preg_replace_callback instead H:\study\wamp64\www\online-study\ThinkPHP\Lib\Core\Db.class.php 第 604 行.
SQL: SELECT `username` FROM `edu_users` WHERE ( `id` = '63' ) LIMIT 1   [ RunTime:0.000300s ]
NOTIC: [8] Undefined index: _type H:\study\wamp64\www\online-study\ThinkPHP\Lib\Core\Model.class.php 第 583 行.
NOTIC: [8192] preg_replace(): The /e modifier is deprecated, use preg_replace_callback instead H:\study\wamp64\www\online-study\ThinkPHP\Lib\Core\Db.class.php 第 604 行.
SQL: SELECT `username` FROM `edu_users` WHERE ( `id` = '61' ) LIMIT 1   [ RunTime:0.000329s ]
NOTIC: [8] Undefined index: _type H:\study\wamp64\www\online-study\ThinkPHP\Lib\Core\Model.class.php 第 583 行.
NOTIC: [8192] preg_replace(): The /e modifier is deprecated, use preg_replace_callback instead H:\study\wamp64\www\online-study\ThinkPHP\Lib\Core\Db.class.php 第 604 行.
SQL: SELECT `username` FROM `edu_users` WHERE ( `id` = '61' ) LIMIT 1   [ RunTime:0.000298s ]
NOTIC: [8] Undefined index: _type H:\study\wamp64\www\online-study\ThinkPHP\Lib\Core\Model.class.php 第 583 行.
NOTIC: [8192] preg_replace(): The /e modifier is deprecated, use preg_replace_callback instead H:\study\wamp64\www\online-study\ThinkPHP\Lib\Core\Db.class.php 第 604 行.
SQL: SELECT `username` FROM `edu_users` WHERE ( `id` = '68' ) LIMIT 1   [ RunTime:0.000318s ]
NOTIC: [8] Undefined index: _type H:\study\wamp64\www\online-study\ThinkPHP\Lib\Core\Model.class.php 第 583 行.
NOTIC: [8192] preg_replace(): The /e modifier is deprecated, use preg_replace_callback instead H:\study\wamp64\www\online-study\ThinkPHP\Lib\Core\Db.class.php 第 604 行.
SQL: SELECT `username` FROM `edu_users` WHERE ( `id` = '70' ) LIMIT 1   [ RunTime:0.000307s ]
NOTIC: [8] Undefined index: _type H:\study\wamp64\www\online-study\ThinkPHP\Lib\Core\Model.class.php 第 583 行.
NOTIC: [8192] preg_replace(): The /e modifier is deprecated, use preg_replace_callback instead H:\study\wamp64\www\online-study\ThinkPHP\Lib\Core\Db.class.php 第 604 行.
SQL: SELECT `username` FROM `edu_users` WHERE ( `id` = '95' ) LIMIT 1   [ RunTime:0.000309s ]
SQL: select uid,count(*) num from edu_library group by uid order by num desc limit 8 [ RunTime:0.000674s ]
SQL: SHOW COLUMNS FROM `edu_users` [ RunTime:0.000961s ]
NOTIC: [8192] preg_replace(): The /e modifier is deprecated, use preg_replace_callback instead H:\study\wamp64\www\online-study\ThinkPHP\Lib\Core\Db.class.php 第 604 行.
SQL: SELECT `username`,`picture` FROM `edu_users` WHERE ( `id` = 64 ) LIMIT 1   [ RunTime:0.000360s ]
SQL: SHOW COLUMNS FROM `edu_friend` [ RunTime:0.040814s ]
NOTIC: [8192] preg_replace(): The /e modifier is deprecated, use preg_replace_callback instead H:\study\wamp64\www\online-study\ThinkPHP\Lib\Core\Db.class.php 第 604 行.
SQL: SELECT COUNT(*) AS tp_count FROM `edu_friend` WHERE ( uid=64 ) LIMIT 1   [ RunTime:0.000699s ]
NOTIC: [8192] preg_replace(): The /e modifier is deprecated, use preg_replace_callback instead H:\study\wamp64\www\online-study\ThinkPHP\Lib\Core\Db.class.php 第 604 行.
SQL: SELECT `username`,`picture` FROM `edu_users` WHERE ( `id` = 61 ) LIMIT 1   [ RunTime:0.000351s ]
NOTIC: [8192] preg_replace(): The /e modifier is deprecated, use preg_replace_callback instead H:\study\wamp64\www\online-study\ThinkPHP\Lib\Core\Db.class.php 第 604 行.
SQL: SELECT COUNT(*) AS tp_count FROM `edu_friend` WHERE ( uid=61 ) LIMIT 1   [ RunTime:0.000312s ]
NOTIC: [8192] preg_replace(): The /e modifier is deprecated, use preg_replace_callback instead H:\study\wamp64\www\online-study\ThinkPHP\Lib\Core\Db.class.php 第 604 行.
SQL: SELECT `username`,`picture` FROM `edu_users` WHERE ( `id` = 70 ) LIMIT 1   [ RunTime:0.000304s ]
NOTIC: [8192] preg_replace(): The /e modifier is deprecated, use preg_replace_callback instead H:\study\wamp64\www\online-study\ThinkPHP\Lib\Core\Db.class.php 第 604 行.
SQL: SELECT COUNT(*) AS tp_count FROM `edu_friend` WHERE ( uid=70 ) LIMIT 1   [ RunTime:0.000306s ]
NOTIC: [8192] preg_replace(): The /e modifier is deprecated, use preg_replace_callback instead H:\study\wamp64\www\online-study\ThinkPHP\Lib\Core\Db.class.php 第 604 行.
SQL: SELECT `username`,`picture` FROM `edu_users` WHERE ( `id` = 95 ) LIMIT 1   [ RunTime:0.000308s ]
NOTIC: [8192] preg_replace(): The /e modifier is deprecated, use preg_replace_callback instead H:\study\wamp64\www\online-study\ThinkPHP\Lib\Core\Db.class.php 第 604 行.
SQL: SELECT COUNT(*) AS tp_count FROM `edu_friend` WHERE ( uid=95 ) LIMIT 1   [ RunTime:0.000330s ]
NOTIC: [8192] preg_replace(): The /e modifier is deprecated, use preg_replace_callback instead H:\study\wamp64\www\online-study\ThinkPHP\Lib\Core\Db.class.php 第 604 行.
SQL: SELECT `username`,`picture` FROM `edu_users` WHERE ( `id` = 67 ) LIMIT 1   [ RunTime:0.000333s ]
NOTIC: [8192] preg_replace(): The /e modifier is deprecated, use preg_replace_callback instead H:\study\wamp64\www\online-study\ThinkPHP\Lib\Core\Db.class.php 第 604 行.
SQL: SELECT COUNT(*) AS tp_count FROM `edu_friend` WHERE ( uid=67 ) LIMIT 1   [ RunTime:0.000304s ]
NOTIC: [8192] preg_replace(): The /e modifier is deprecated, use preg_replace_callback instead H:\study\wamp64\www\online-study\ThinkPHP\Lib\Core\Db.class.php 第 604 行.
SQL: SELECT `username`,`picture` FROM `edu_users` WHERE ( `id` = 63 ) LIMIT 1   [ RunTime:0.000317s ]
NOTIC: [8192] preg_replace(): The /e modifier is deprecated, use preg_replace_callback instead H:\study\wamp64\www\online-study\ThinkPHP\Lib\Core\Db.class.php 第 604 行.
SQL: SELECT COUNT(*) AS tp_count FROM `edu_friend` WHERE ( uid=63 ) LIMIT 1   [ RunTime:0.000305s ]
NOTIC: [8192] preg_replace(): The /e modifier is deprecated, use preg_replace_callback instead H:\study\wamp64\www\online-study\ThinkPHP\Lib\Core\Db.class.php 第 604 行.
SQL: SELECT `username`,`picture` FROM `edu_users` WHERE ( `id` = 68 ) LIMIT 1   [ RunTime:0.000288s ]
NOTIC: [8192] preg_replace(): The /e modifier is deprecated, use preg_replace_callback instead H:\study\wamp64\www\online-study\ThinkPHP\Lib\Core\Db.class.php 第 604 行.
SQL: SELECT COUNT(*) AS tp_count FROM `edu_friend` WHERE ( uid=68 ) LIMIT 1   [ RunTime:0.000342s ]
SQL: SHOW COLUMNS FROM `edu_video` [ RunTime:0.030542s ]
NOTIC: [8192] preg_replace(): The /e modifier is deprecated, use preg_replace_callback instead H:\study\wamp64\www\online-study\ThinkPHP\Lib\Core\Db.class.php 第 604 行.
SQL: SELECT * FROM `edu_video` ORDER BY addtime desc LIMIT 3   [ RunTime:0.009695s ]
NOTIC: [8192] preg_replace(): The /e modifier is deprecated, use preg_replace_callback instead H:\study\wamp64\www\online-study\ThinkPHP\Lib\Core\Db.class.php 第 604 行.
SQL: SELECT * FROM `edu_video` WHERE ( status=2 ) ORDER BY favonum desc LIMIT 8   [ RunTime:0.000556s ]
NOTIC: [8192] preg_replace(): The /e modifier is deprecated, use preg_replace_callback instead H:\study\wamp64\www\online-study\ThinkPHP\Lib\Core\Db.class.php 第 604 行.
SQL: SELECT * FROM `edu_video` WHERE ( status=2 ) ORDER BY clicknum desc LIMIT 10   [ RunTime:0.000459s ]
SQL: SHOW COLUMNS FROM `edu_cat` [ RunTime:0.053115s ]
NOTIC: [8192] preg_replace(): The /e modifier is deprecated, use preg_replace_callback instead H:\study\wamp64\www\online-study\ThinkPHP\Lib\Core\Db.class.php 第 604 行.
SQL: SELECT `id`,`name` FROM `edu_cat` WHERE ( pid=0 ) LIMIT 6   [ RunTime:0.000462s ]
NOTIC: [8192] preg_replace(): The /e modifier is deprecated, use preg_replace_callback instead H:\study\wamp64\www\online-study\ThinkPHP\Lib\Core\Db.class.php 第 604 行.
SQL: SELECT * FROM `edu_video` WHERE ( status=2 ) ORDER BY addtime desc LIMIT 5   [ RunTime:0.000523s ]
SQL: select nid,count(*) num from edu_zan where nid<>0 group by nid order by num desc limit 3 [ RunTime:0.050501s ]
SQL: SHOW COLUMNS FROM `edu_note` [ RunTime:0.000919s ]
ERR: 1146:Table 'edu002.edu_note' doesn't exist
 [ SQL语句 ] : SHOW COLUMNS FROM `edu_note`
NOTIC: [8192] preg_replace(): The /e modifier is deprecated, use preg_replace_callback instead H:\study\wamp64\www\online-study\ThinkPHP\Lib\Core\Db.class.php 第 604 行.
SQL: SELECT * FROM `edu_note` WHERE ( `id` = '23' ) LIMIT 1   [ RunTime:0.000363s ]
ERR: 1146:Table 'edu002.edu_note' doesn't exist
 [ SQL语句 ] : SELECT * FROM `edu_note` WHERE ( `id` = '23' ) LIMIT 1  
NOTIC: [8192] preg_replace(): The /e modifier is deprecated, use preg_replace_callback instead H:\study\wamp64\www\online-study\ThinkPHP\Lib\Core\Db.class.php 第 604 行.
SQL: SELECT `username` FROM `edu_users` LIMIT 1   [ RunTime:0.000327s ]
SQL: SHOW COLUMNS FROM `edu_video` [ RunTime:0.000902s ]
NOTIC: [8192] preg_replace(): The /e modifier is deprecated, use preg_replace_callback instead H:\study\wamp64\www\online-study\ThinkPHP\Lib\Core\Db.class.php 第 604 行.
SQL: SELECT `videoname` FROM `edu_video` LIMIT 1   [ RunTime:0.000337s ]
NOTIC: [8192] preg_replace(): The /e modifier is deprecated, use preg_replace_callback instead H:\study\wamp64\www\online-study\ThinkPHP\Lib\Core\Db.class.php 第 604 行.
SQL: SELECT * FROM `edu_note` WHERE ( `id` = '35' ) LIMIT 1   [ RunTime:0.000500s ]
ERR: 1146:Table 'edu002.edu_note' doesn't exist
 [ SQL语句 ] : SELECT * FROM `edu_note` WHERE ( `id` = '35' ) LIMIT 1  
NOTIC: [8192] preg_replace(): The /e modifier is deprecated, use preg_replace_callback instead H:\study\wamp64\www\online-study\ThinkPHP\Lib\Core\Db.class.php 第 604 行.
SQL: SELECT `username` FROM `edu_users` LIMIT 1   [ RunTime:0.000376s ]
NOTIC: [8192] preg_replace(): The /e modifier is deprecated, use preg_replace_callback instead H:\study\wamp64\www\online-study\ThinkPHP\Lib\Core\Db.class.php 第 604 行.
SQL: SELECT `videoname` FROM `edu_video` LIMIT 1   [ RunTime:0.000295s ]
NOTIC: [8192] preg_replace(): The /e modifier is deprecated, use preg_replace_callback instead H:\study\wamp64\www\online-study\ThinkPHP\Lib\Core\Db.class.php 第 604 行.
SQL: SELECT * FROM `edu_note` WHERE ( `id` = '38' ) LIMIT 1   [ RunTime:0.000356s ]
ERR: 1146:Table 'edu002.edu_note' doesn't exist
 [ SQL语句 ] : SELECT * FROM `edu_note` WHERE ( `id` = '38' ) LIMIT 1  
NOTIC: [8192] preg_replace(): The /e modifier is deprecated, use preg_replace_callback instead H:\study\wamp64\www\online-study\ThinkPHP\Lib\Core\Db.class.php 第 604 行.
SQL: SELECT `username` FROM `edu_users` LIMIT 1   [ RunTime:0.000292s ]
NOTIC: [8192] preg_replace(): The /e modifier is deprecated, use preg_replace_callback instead H:\study\wamp64\www\online-study\ThinkPHP\Lib\Core\Db.class.php 第 604 行.
SQL: SELECT `videoname` FROM `edu_video` LIMIT 1   [ RunTime:0.000297s ]
SQL: select uid,count(*) num from edu_note group by uid order by num desc limit 8 [ RunTime:0.000332s ]
ERR: 1146:Table 'edu002.edu_note' doesn't exist
 [ SQL语句 ] : select uid,count(*) num from edu_note group by uid order by num desc limit 8
NOTIC: [2] Invalid argument supplied for foreach() H:\study\wamp64\www\online-study\Home\Lib\Action\IndexAction.class.php 第 79 行.
SQL: SHOW COLUMNS FROM `edu_cat` [ RunTime:0.000869s ]
NOTIC: [8192] preg_replace(): The /e modifier is deprecated, use preg_replace_callback instead H:\study\wamp64\www\online-study\ThinkPHP\Lib\Core\Db.class.php 第 604 行.
SQL: SELECT `id`,`name` FROM `edu_cat` WHERE ( pid!=0 )  [ RunTime:0.000388s ]
SQL: SHOW COLUMNS FROM `bbs_message` [ RunTime:0.051245s ]
NOTIC: [8192] preg_replace(): The /e modifier is deprecated, use preg_replace_callback instead H:\study\wamp64\www\online-study\ThinkPHP\Lib\Core\Db.class.php 第 604 行.
SQL: SELECT `id`,`title` FROM `bbs_message` WHERE ( (`keyword` LIKE '25') OR (`keyword` LIKE '%,25') OR (`keyword` LIKE '25,%') OR (`keyword` LIKE '%,25,%') ) AND ( `status` = '1' ) ORDER BY addtime desc LIMIT 3   [ RunTime:0.008476s ]
NOTIC: [8192] preg_replace(): The /e modifier is deprecated, use preg_replace_callback instead H:\study\wamp64\www\online-study\ThinkPHP\Lib\Core\Db.class.php 第 604 行.
SQL: SELECT COUNT(*) AS tp_count FROM `bbs_message` WHERE ( (`keyword` LIKE '25') OR (`keyword` LIKE '%,25') OR (`keyword` LIKE '25,%') OR (`keyword` LIKE '%,25,%') ) AND ( `status` = '1' ) LIMIT 1   [ RunTime:0.000582s ]
NOTIC: [8192] preg_replace(): The /e modifier is deprecated, use preg_replace_callback instead H:\study\wamp64\www\online-study\ThinkPHP\Lib\Core\Db.class.php 第 604 行.
SQL: SELECT `id`,`title` FROM `bbs_message` WHERE ( (`keyword` LIKE '11') OR (`keyword` LIKE '%,11') OR (`keyword` LIKE '11,%') OR (`keyword` LIKE '%,11,%') ) AND ( `status` = '1' ) ORDER BY addtime desc LIMIT 3   [ RunTime:0.000491s ]
NOTIC: [8192] preg_replace(): The /e modifier is deprecated, use preg_replace_callback instead H:\study\wamp64\www\online-study\ThinkPHP\Lib\Core\Db.class.php 第 604 行.
SQL: SELECT COUNT(*) AS tp_count FROM `bbs_message` WHERE ( (`keyword` LIKE '11') OR (`keyword` LIKE '%,11') OR (`keyword` LIKE '11,%') OR (`keyword` LIKE '%,11,%') ) AND ( `status` = '1' ) LIMIT 1   [ RunTime:0.000494s ]
NOTIC: [8192] preg_replace(): The /e modifier is deprecated, use preg_replace_callback instead H:\study\wamp64\www\online-study\ThinkPHP\Lib\Core\Db.class.php 第 604 行.
SQL: SELECT `id`,`title` FROM `bbs_message` WHERE ( (`keyword` LIKE '24') OR (`keyword` LIKE '%,24') OR (`keyword` LIKE '24,%') OR (`keyword` LIKE '%,24,%') ) AND ( `status` = '1' ) ORDER BY addtime desc LIMIT 3   [ RunTime:0.000483s ]
NOTIC: [8192] preg_replace(): The /e modifier is deprecated, use preg_replace_callback instead H:\study\wamp64\www\online-study\ThinkPHP\Lib\Core\Db.class.php 第 604 行.
SQL: SELECT COUNT(*) AS tp_count FROM `bbs_message` WHERE ( (`keyword` LIKE '24') OR (`keyword` LIKE '%,24') OR (`keyword` LIKE '24,%') OR (`keyword` LIKE '%,24,%') ) AND ( `status` = '1' ) LIMIT 1   [ RunTime:0.000581s ]
NOTIC: [8192] preg_replace(): The /e modifier is deprecated, use preg_replace_callback instead H:\study\wamp64\www\online-study\ThinkPHP\Lib\Core\Db.class.php 第 604 行.
SQL: SELECT `id`,`title` FROM `bbs_message` WHERE ( (`keyword` LIKE '10') OR (`keyword` LIKE '%,10') OR (`keyword` LIKE '10,%') OR (`keyword` LIKE '%,10,%') ) AND ( `status` = '1' ) ORDER BY addtime desc LIMIT 3   [ RunTime:0.000425s ]
NOTIC: [8192] preg_replace(): The /e modifier is deprecated, use preg_replace_callback instead H:\study\wamp64\www\online-study\ThinkPHP\Lib\Core\Db.class.php 第 604 行.
SQL: SELECT COUNT(*) AS tp_count FROM `bbs_message` WHERE ( (`keyword` LIKE '10') OR (`keyword` LIKE '%,10') OR (`keyword` LIKE '10,%') OR (`keyword` LIKE '%,10,%') ) AND ( `status` = '1' ) LIMIT 1   [ RunTime:0.000481s ]
NOTIC: [8192] preg_replace(): The /e modifier is deprecated, use preg_replace_callback instead H:\study\wamp64\www\online-study\ThinkPHP\Lib\Core\Db.class.php 第 604 行.
SQL: SELECT `id`,`title` FROM `bbs_message` WHERE ( (`keyword` LIKE '14') OR (`keyword` LIKE '%,14') OR (`keyword` LIKE '14,%') OR (`keyword` LIKE '%,14,%') ) AND ( `status` = '1' ) ORDER BY addtime desc LIMIT 3   [ RunTime:0.000869s ]
NOTIC: [8192] preg_replace(): The /e modifier is deprecated, use preg_replace_callback instead H:\study\wamp64\www\online-study\ThinkPHP\Lib\Core\Db.class.php 第 604 行.
SQL: SELECT COUNT(*) AS tp_count FROM `bbs_message` WHERE ( (`keyword` LIKE '14') OR (`keyword` LIKE '%,14') OR (`keyword` LIKE '14,%') OR (`keyword` LIKE '%,14,%') ) AND ( `status` = '1' ) LIMIT 1   [ RunTime:0.000683s ]
NOTIC: [8192] preg_replace(): The /e modifier is deprecated, use preg_replace_callback instead H:\study\wamp64\www\online-study\ThinkPHP\Lib\Core\Db.class.php 第 604 行.
SQL: SELECT `id`,`title` FROM `bbs_message` WHERE ( (`keyword` LIKE '12') OR (`keyword` LIKE '%,12') OR (`keyword` LIKE '12,%') OR (`keyword` LIKE '%,12,%') ) AND ( `status` = '1' ) ORDER BY addtime desc LIMIT 3   [ RunTime:0.000765s ]
NOTIC: [8192] preg_replace(): The /e modifier is deprecated, use preg_replace_callback instead H:\study\wamp64\www\online-study\ThinkPHP\Lib\Core\Db.class.php 第 604 行.
SQL: SELECT COUNT(*) AS tp_count FROM `bbs_message` WHERE ( (`keyword` LIKE '12') OR (`keyword` LIKE '%,12') OR (`keyword` LIKE '12,%') OR (`keyword` LIKE '%,12,%') ) AND ( `status` = '1' ) LIMIT 1   [ RunTime:0.001212s ]
SQL: SHOW COLUMNS FROM `bbs_question` [ RunTime:0.063142s ]
NOTIC: [8192] preg_replace(): The /e modifier is deprecated, use preg_replace_callback instead H:\study\wamp64\www\online-study\ThinkPHP\Lib\Core\Db.class.php 第 604 行.
SQL: SELECT `id`,`uid`,`content` FROM `bbs_question` WHERE ( `status` = '1' ) AND ( `isbest` = '1' ) AND ( `replay` <> '' ) ORDER BY addtime desc LIMIT 6   [ RunTime:0.013201s ]
NOTIC: [8192] preg_replace(): The /e modifier is deprecated, use preg_replace_callback instead H:\study\wamp64\www\online-study\ThinkPHP\Lib\Core\Db.class.php 第 604 行.
SQL: SELECT `username`,`name` FROM `edu_users` WHERE ( `id` = 65 ) LIMIT 1   [ RunTime:0.000460s ]
NOTIC: [8192] preg_replace(): The /e modifier is deprecated, use preg_replace_callback instead H:\study\wamp64\www\online-study\ThinkPHP\Lib\Core\Db.class.php 第 604 行.
SQL: SELECT `username`,`name` FROM `edu_users` WHERE ( `id` = 93 ) LIMIT 1   [ RunTime:0.000308s ]
NOTIC: [8192] preg_replace(): The /e modifier is deprecated, use preg_replace_callback instead H:\study\wamp64\www\online-study\ThinkPHP\Lib\Core\Db.class.php 第 604 行.
SQL: SELECT `username`,`name` FROM `edu_users` WHERE ( `id` = 76 ) LIMIT 1   [ RunTime:0.000345s ]
NOTIC: [8192] preg_replace(): The /e modifier is deprecated, use preg_replace_callback instead H:\study\wamp64\www\online-study\ThinkPHP\Lib\Core\Db.class.php 第 604 行.
SQL: SELECT `username`,`name` FROM `edu_users` WHERE ( `id` = 74 ) LIMIT 1   [ RunTime:0.000351s ]
NOTIC: [8192] preg_replace(): The /e modifier is deprecated, use preg_replace_callback instead H:\study\wamp64\www\online-study\ThinkPHP\Lib\Core\Db.class.php 第 604 行.
SQL: SELECT `username`,`name` FROM `edu_users` WHERE ( `id` = 71 ) LIMIT 1   [ RunTime:0.000302s ]
NOTIC: [8192] preg_replace(): The /e modifier is deprecated, use preg_replace_callback instead H:\study\wamp64\www\online-study\ThinkPHP\Lib\Core\Db.class.php 第 604 行.
SQL: SELECT `username`,`name` FROM `edu_users` WHERE ( `id` = 69 ) LIMIT 1   [ RunTime:0.000454s ]
SQL: SHOW COLUMNS FROM `edu_flink` [ RunTime:0.035361s ]
NOTIC: [8192] preg_replace(): The /e modifier is deprecated, use preg_replace_callback instead H:\study\wamp64\www\online-study\ThinkPHP\Lib\Core\Db.class.php 第 604 行.
SQL: SELECT * FROM `edu_flink` WHERE ( status=2 )  [ RunTime:0.000361s ]
ERR: 1054:Unknown column 'status' in 'where clause'
 [ SQL语句 ] : SELECT * FROM `edu_flink` WHERE ( status=2 ) 
NOTIC: [8] Undefined index: user H:\study\wamp64\www\online-study\Home\Lib\Action\IndexAction.class.php 第 132 行.
INFO: [ view_parse ] --START--
NOTIC: [8] Undefined index: user H:\study\wamp64\www\online-study\Home\Runtime\Cache\a0df498f3fa8ed5d3704c11b76d93149f0b249f5.file.index.html.php 第 146 行.
NOTIC: [8] Undefined index: user H:\study\wamp64\www\online-study\Home\Runtime\Cache\a0df498f3fa8ed5d3704c11b76d93149f0b249f5.file.index.html.php 第 205 行.
INFO: ParseTemplate Behavior ::run [ RunTime:0.323948s ]
INFO: [ view_parse ] --END-- [ RunTime:0.324100s ]
INFO: [ view_filter ] --START--
INFO: ContentReplace Behavior ::run [ RunTime:0.017676s ]
INFO: TokenBuild Behavior ::run [ RunTime:0.006044s ]
INFO: WriteHtmlCache Behavior ::run [ RunTime:0.000790s ]
INFO: ShowRuntime Behavior ::run [ RunTime:0.001628s ]
INFO: [ view_filter ] --END-- [ RunTime:0.026659s ]
INFO: [ view_end ] --START--
INFO: ShowPageTrace Behavior ::run [ RunTime:0.001734s ]
INFO: [ view_end ] --END-- [ RunTime:0.001982s ]

[ 2019-04-27T19:44:09+08:00 ] 127.0.0.1 /online-study/index.php/Users/login
INFO: [ route_check ] --START--
INFO: CheckRoute Behavior ::run [ RunTime:0.029538s ]
INFO: [ route_check ] --END-- [ RunTime:0.029671s ]
NOTIC: [8192] preg_replace(): The /e modifier is deprecated, use preg_replace_callback instead H:\study\wamp64\www\online-study\ThinkPHP\Lib\Core\Dispatcher.class.php 第 132 行.
INFO: [ app_begin ] --START--
INFO: ReadHtmlCache Behavior ::run [ RunTime:0.000762s ]
INFO: [ app_begin ] --END-- [ RunTime:0.000900s ]
NOTIC: [8] A session had already been started - ignoring session_start() H:\study\wamp64\www\online-study\Home\Lib\Action\UsersAction.class.php 第 2 行.
INFO: [ view_parse ] --START--
NOTIC: [8] Undefined index: user H:\study\wamp64\www\online-study\Home\Runtime\Cache\5eb86b5f52faad6893408a91f10736e2d8252303.file.login.html.php 第 72 行.
NOTIC: [8] Undefined index: user H:\study\wamp64\www\online-study\Home\Runtime\Cache\5eb86b5f52faad6893408a91f10736e2d8252303.file.login.html.php 第 81 行.
INFO: ParseTemplate Behavior ::run [ RunTime:0.061522s ]
INFO: [ view_parse ] --END-- [ RunTime:0.061673s ]
INFO: [ view_filter ] --START--
INFO: ContentReplace Behavior ::run [ RunTime:0.000680s ]
INFO: TokenBuild Behavior ::run [ RunTime:0.000533s ]
INFO: WriteHtmlCache Behavior ::run [ RunTime:0.000419s ]
INFO: ShowRuntime Behavior ::run [ RunTime:0.000620s ]
INFO: [ view_filter ] --END-- [ RunTime:0.002644s ]
INFO: [ view_end ] --START--
INFO: ShowPageTrace Behavior ::run [ RunTime:0.001043s ]
INFO: [ view_end ] --END-- [ RunTime:0.001237s ]

[ 2019-04-27T19:44:09+08:00 ] 127.0.0.1 /online-study/index.php/Users/online-study/Public/css/simple.css
INFO: [ route_check ] --START--
INFO: CheckRoute Behavior ::run [ RunTime:0.002127s ]
INFO: [ route_check ] --END-- [ RunTime:0.002377s ]
NOTIC: [8192] preg_replace(): The /e modifier is deprecated, use preg_replace_callback instead H:\study\wamp64\www\online-study\ThinkPHP\Lib\Core\Dispatcher.class.php 第 132 行.
INFO: [ app_begin ] --START--
INFO: ReadHtmlCache Behavior ::run [ RunTime:0.001221s ]
INFO: [ app_begin ] --END-- [ RunTime:0.001553s ]
NOTIC: [8] A session had already been started - ignoring session_start() H:\study\wamp64\www\online-study\Home\Lib\Action\UsersAction.class.php 第 2 行.
ERR: 非法操作:online-study

[ 2019-04-27T19:44:20+08:00 ] 127.0.0.1 /online-study/index.php/Users/index
INFO: [ route_check ] --START--
INFO: CheckRoute Behavior ::run [ RunTime:0.000808s ]
INFO: [ route_check ] --END-- [ RunTime:0.000929s ]
NOTIC: [8192] preg_replace(): The /e modifier is deprecated, use preg_replace_callback instead H:\study\wamp64\www\online-study\ThinkPHP\Lib\Core\Dispatcher.class.php 第 132 行.
INFO: [ app_begin ] --START--
INFO: ReadHtmlCache Behavior ::run [ RunTime:0.000994s ]
INFO: [ app_begin ] --END-- [ RunTime:0.001157s ]
NOTIC: [8] A session had already been started - ignoring session_start() H:\study\wamp64\www\online-study\Home\Lib\Action\UsersAction.class.php 第 2 行.
NOTIC: [8] Undefined index: user H:\study\wamp64\www\online-study\Home\Lib\Action\UsersAction.class.php 第 9 行.
NOTIC: [8] Undefined index: user H:\study\wamp64\www\online-study\Home\Lib\Action\UsersAction.class.php 第 13 行.
INFO: [ view_parse ] --START--
NOTIC: [8] Undefined index: user H:\study\wamp64\www\online-study\Home\Runtime\Cache\69b97ade90a25858ccad3747410006eb9957dae3.file.index.html.php 第 98 行.
NOTIC: [8] Undefined index: user H:\study\wamp64\www\online-study\Home\Runtime\Cache\69b97ade90a25858ccad3747410006eb9957dae3.file.index.html.php 第 108 行.
INFO: ParseTemplate Behavior ::run [ RunTime:0.016163s ]
INFO: [ view_parse ] --END-- [ RunTime:0.016304s ]
INFO: [ view_filter ] --START--
INFO: ContentReplace Behavior ::run [ RunTime:0.000725s ]
INFO: TokenBuild Behavior ::run [ RunTime:0.000614s ]
INFO: WriteHtmlCache Behavior ::run [ RunTime:0.000476s ]
INFO: ShowRuntime Behavior ::run [ RunTime:0.000685s ]
INFO: [ view_filter ] --END-- [ RunTime:0.002807s ]
INFO: [ view_end ] --START--
INFO: ShowPageTrace Behavior ::run [ RunTime:0.001351s ]
INFO: [ view_end ] --END-- [ RunTime:0.001603s ]

[ 2019-04-27T19:44:20+08:00 ] 127.0.0.1 /online-study/index.php/Users/online-study/Public/css/simple.css
INFO: [ route_check ] --START--
INFO: CheckRoute Behavior ::run [ RunTime:0.001014s ]
INFO: [ route_check ] --END-- [ RunTime:0.001138s ]
NOTIC: [8192] preg_replace(): The /e modifier is deprecated, use preg_replace_callback instead H:\study\wamp64\www\online-study\ThinkPHP\Lib\Core\Dispatcher.class.php 第 132 行.
INFO: [ app_begin ] --START--
INFO: ReadHtmlCache Behavior ::run [ RunTime:0.001412s ]
INFO: [ app_begin ] --END-- [ RunTime:0.001594s ]
NOTIC: [8] A session had already been started - ignoring session_start() H:\study\wamp64\www\online-study\Home\Lib\Action\UsersAction.class.php 第 2 行.
ERR: 非法操作:online-study

