[ 2019-04-28T08:55:48+08:00 ] 127.0.0.1 /online-study/index
INFO: [ app_begin ] --START--
INFO: ReadHtmlCache Behavior ::run [ RunTime:0.002730s ]
INFO: [ app_begin ] --END-- [ RunTime:0.003258s ]
NOTIC: [8192] mysql_connect(): The mysql extension is deprecated and will be removed in the future: use mysqli or PDO instead H:\study\wamp64\www\online-study\ThinkPHP\Lib\Driver\Db\DbMysql.class.php 第 55 行.
SQL: SHOW COLUMNS FROM `edu_clicknum` [ RunTime:0.005517s ]
NOTIC: [8192] preg_replace(): The /e modifier is deprecated, use preg_replace_callback instead H:\study\wamp64\www\online-study\ThinkPHP\Lib\Core\Db.class.php 第 604 行.
SQL: SELECT * FROM `edu_clicknum` WHERE ( `id` = 1 ) LIMIT 1   [ RunTime:0.003268s ]
SQL: UPDATE `edu_clicknum` SET `clicknum`=888,`clicktime`=1556412948 WHERE ( `id` = 1 ) [ RunTime:0.018175s ]
SQL: SHOW COLUMNS FROM `edu_notice` [ RunTime:0.002723s ]
NOTIC: [8192] preg_replace(): The /e modifier is deprecated, use preg_replace_callback instead H:\study\wamp64\www\online-study\ThinkPHP\Lib\Core\Db.class.php 第 604 行.
SQL: SELECT * FROM `edu_notice` ORDER BY addtime desc LIMIT 6   [ RunTime:0.006076s ]
SQL: SHOW COLUMNS FROM `edu_library` [ RunTime:0.002410s ]
NOTIC: [8192] preg_replace(): The /e modifier is deprecated, use preg_replace_callback instead H:\study\wamp64\www\online-study\ThinkPHP\Lib\Core\Db.class.php 第 604 行.
SQL: SELECT * FROM `edu_library` ORDER BY addtime desc LIMIT 3   [ RunTime:0.004307s ]
NOTIC: [8] Undefined index: _type H:\study\wamp64\www\online-study\ThinkPHP\Lib\Core\Model.class.php 第 583 行.
NOTIC: [8192] preg_replace(): The /e modifier is deprecated, use preg_replace_callback instead H:\study\wamp64\www\online-study\ThinkPHP\Lib\Core\Db.class.php 第 604 行.
SQL: SELECT `username` FROM `edu_users` WHERE ( `id` = '95' ) LIMIT 1   [ RunTime:0.003970s ]
NOTIC: [8] Undefined index: _type H:\study\wamp64\www\online-study\ThinkPHP\Lib\Core\Model.class.php 第 583 行.
NOTIC: [8192] preg_replace(): The /e modifier is deprecated, use preg_replace_callback instead H:\study\wamp64\www\online-study\ThinkPHP\Lib\Core\Db.class.php 第 604 行.
SQL: SELECT `username` FROM `edu_users` WHERE ( `id` = '95' ) LIMIT 1   [ RunTime:0.001438s ]
NOTIC: [8] Undefined index: _type H:\study\wamp64\www\online-study\ThinkPHP\Lib\Core\Model.class.php 第 583 行.
NOTIC: [8192] preg_replace(): The /e modifier is deprecated, use preg_replace_callback instead H:\study\wamp64\www\online-study\ThinkPHP\Lib\Core\Db.class.php 第 604 行.
SQL: SELECT `username` FROM `edu_users` WHERE ( `id` = '70' ) LIMIT 1   [ RunTime:0.003811s ]
NOTIC: [8192] preg_replace(): The /e modifier is deprecated, use preg_replace_callback instead H:\study\wamp64\www\online-study\ThinkPHP\Lib\Core\Db.class.php 第 604 行.
SQL: SELECT * FROM `edu_library` ORDER BY dwloadnum desc LIMIT 10   [ RunTime:0.002879s ]
NOTIC: [8] Undefined index: _type H:\study\wamp64\www\online-study\ThinkPHP\Lib\Core\Model.class.php 第 583 行.
NOTIC: [8192] preg_replace(): The /e modifier is deprecated, use preg_replace_callback instead H:\study\wamp64\www\online-study\ThinkPHP\Lib\Core\Db.class.php 第 604 行.
SQL: SELECT `username` FROM `edu_users` WHERE ( `id` = '70' ) LIMIT 1   [ RunTime:0.002238s ]
NOTIC: [8] Undefined index: _type H:\study\wamp64\www\online-study\ThinkPHP\Lib\Core\Model.class.php 第 583 行.
NOTIC: [8192] preg_replace(): The /e modifier is deprecated, use preg_replace_callback instead H:\study\wamp64\www\online-study\ThinkPHP\Lib\Core\Db.class.php 第 604 行.
SQL: SELECT `username` FROM `edu_users` WHERE ( `id` = '67' ) LIMIT 1   [ RunTime:0.002688s ]
NOTIC: [8] Undefined index: _type H:\study\wamp64\www\online-study\ThinkPHP\Lib\Core\Model.class.php 第 583 行.
NOTIC: [8192] preg_replace(): The /e modifier is deprecated, use preg_replace_callback instead H:\study\wamp64\www\online-study\ThinkPHP\Lib\Core\Db.class.php 第 604 行.
SQL: SELECT `username` FROM `edu_users` WHERE ( `id` = '64' ) LIMIT 1   [ RunTime:0.001939s ]
NOTIC: [8] Undefined index: _type H:\study\wamp64\www\online-study\ThinkPHP\Lib\Core\Model.class.php 第 583 行.
NOTIC: [8192] preg_replace(): The /e modifier is deprecated, use preg_replace_callback instead H:\study\wamp64\www\online-study\ThinkPHP\Lib\Core\Db.class.php 第 604 行.
SQL: SELECT `username` FROM `edu_users` WHERE ( `id` = '64' ) LIMIT 1   [ RunTime:0.001946s ]
NOTIC: [8] Undefined index: _type H:\study\wamp64\www\online-study\ThinkPHP\Lib\Core\Model.class.php 第 583 行.
NOTIC: [8192] preg_replace(): The /e modifier is deprecated, use preg_replace_callback instead H:\study\wamp64\www\online-study\ThinkPHP\Lib\Core\Db.class.php 第 604 行.
SQL: SELECT `username` FROM `edu_users` WHERE ( `id` = '63' ) LIMIT 1   [ RunTime:0.001801s ]
NOTIC: [8] Undefined index: _type H:\study\wamp64\www\online-study\ThinkPHP\Lib\Core\Model.class.php 第 583 行.
NOTIC: [8192] preg_replace(): The /e modifier is deprecated, use preg_replace_callback instead H:\study\wamp64\www\online-study\ThinkPHP\Lib\Core\Db.class.php 第 604 行.
SQL: SELECT `username` FROM `edu_users` WHERE ( `id` = '61' ) LIMIT 1   [ RunTime:0.002908s ]
NOTIC: [8] Undefined index: _type H:\study\wamp64\www\online-study\ThinkPHP\Lib\Core\Model.class.php 第 583 行.
NOTIC: [8192] preg_replace(): The /e modifier is deprecated, use preg_replace_callback instead H:\study\wamp64\www\online-study\ThinkPHP\Lib\Core\Db.class.php 第 604 行.
SQL: SELECT `username` FROM `edu_users` WHERE ( `id` = '61' ) LIMIT 1   [ RunTime:0.002071s ]
NOTIC: [8] Undefined index: _type H:\study\wamp64\www\online-study\ThinkPHP\Lib\Core\Model.class.php 第 583 行.
NOTIC: [8192] preg_replace(): The /e modifier is deprecated, use preg_replace_callback instead H:\study\wamp64\www\online-study\ThinkPHP\Lib\Core\Db.class.php 第 604 行.
SQL: SELECT `username` FROM `edu_users` WHERE ( `id` = '68' ) LIMIT 1   [ RunTime:0.003601s ]
NOTIC: [8] Undefined index: _type H:\study\wamp64\www\online-study\ThinkPHP\Lib\Core\Model.class.php 第 583 行.
NOTIC: [8192] preg_replace(): The /e modifier is deprecated, use preg_replace_callback instead H:\study\wamp64\www\online-study\ThinkPHP\Lib\Core\Db.class.php 第 604 行.
SQL: SELECT `username` FROM `edu_users` WHERE ( `id` = '70' ) LIMIT 1   [ RunTime:0.001794s ]
NOTIC: [8] Undefined index: _type H:\study\wamp64\www\online-study\ThinkPHP\Lib\Core\Model.class.php 第 583 行.
NOTIC: [8192] preg_replace(): The /e modifier is deprecated, use preg_replace_callback instead H:\study\wamp64\www\online-study\ThinkPHP\Lib\Core\Db.class.php 第 604 行.
SQL: SELECT `username` FROM `edu_users` WHERE ( `id` = '95' ) LIMIT 1   [ RunTime:0.006856s ]
SQL: select uid,count(*) num from edu_library group by uid order by num desc limit 8 [ RunTime:0.001775s ]
SQL: SHOW COLUMNS FROM `edu_users` [ RunTime:0.002805s ]
NOTIC: [8192] preg_replace(): The /e modifier is deprecated, use preg_replace_callback instead H:\study\wamp64\www\online-study\ThinkPHP\Lib\Core\Db.class.php 第 604 行.
SQL: SELECT `username`,`picture` FROM `edu_users` WHERE ( `id` = 64 ) LIMIT 1   [ RunTime:0.001155s ]
SQL: SHOW COLUMNS FROM `edu_friend` [ RunTime:0.005710s ]
NOTIC: [8192] preg_replace(): The /e modifier is deprecated, use preg_replace_callback instead H:\study\wamp64\www\online-study\ThinkPHP\Lib\Core\Db.class.php 第 604 行.
SQL: SELECT COUNT(*) AS tp_count FROM `edu_friend` WHERE ( uid=64 ) LIMIT 1   [ RunTime:0.003144s ]
NOTIC: [8192] preg_replace(): The /e modifier is deprecated, use preg_replace_callback instead H:\study\wamp64\www\online-study\ThinkPHP\Lib\Core\Db.class.php 第 604 行.
SQL: SELECT `username`,`picture` FROM `edu_users` WHERE ( `id` = 61 ) LIMIT 1   [ RunTime:0.001832s ]
NOTIC: [8192] preg_replace(): The /e modifier is deprecated, use preg_replace_callback instead H:\study\wamp64\www\online-study\ThinkPHP\Lib\Core\Db.class.php 第 604 行.
SQL: SELECT COUNT(*) AS tp_count FROM `edu_friend` WHERE ( uid=61 ) LIMIT 1   [ RunTime:0.002231s ]
NOTIC: [8192] preg_replace(): The /e modifier is deprecated, use preg_replace_callback instead H:\study\wamp64\www\online-study\ThinkPHP\Lib\Core\Db.class.php 第 604 行.
SQL: SELECT `username`,`picture` FROM `edu_users` WHERE ( `id` = 70 ) LIMIT 1   [ RunTime:0.002623s ]
NOTIC: [8192] preg_replace(): The /e modifier is deprecated, use preg_replace_callback instead H:\study\wamp64\www\online-study\ThinkPHP\Lib\Core\Db.class.php 第 604 行.
SQL: SELECT COUNT(*) AS tp_count FROM `edu_friend` WHERE ( uid=70 ) LIMIT 1   [ RunTime:0.002844s ]
NOTIC: [8192] preg_replace(): The /e modifier is deprecated, use preg_replace_callback instead H:\study\wamp64\www\online-study\ThinkPHP\Lib\Core\Db.class.php 第 604 行.
SQL: SELECT `username`,`picture` FROM `edu_users` WHERE ( `id` = 95 ) LIMIT 1   [ RunTime:0.002848s ]
NOTIC: [8192] preg_replace(): The /e modifier is deprecated, use preg_replace_callback instead H:\study\wamp64\www\online-study\ThinkPHP\Lib\Core\Db.class.php 第 604 行.
SQL: SELECT COUNT(*) AS tp_count FROM `edu_friend` WHERE ( uid=95 ) LIMIT 1   [ RunTime:0.002033s ]
NOTIC: [8192] preg_replace(): The /e modifier is deprecated, use preg_replace_callback instead H:\study\wamp64\www\online-study\ThinkPHP\Lib\Core\Db.class.php 第 604 行.
SQL: SELECT `username`,`picture` FROM `edu_users` WHERE ( `id` = 67 ) LIMIT 1   [ RunTime:0.001894s ]
NOTIC: [8192] preg_replace(): The /e modifier is deprecated, use preg_replace_callback instead H:\study\wamp64\www\online-study\ThinkPHP\Lib\Core\Db.class.php 第 604 行.
SQL: SELECT COUNT(*) AS tp_count FROM `edu_friend` WHERE ( uid=67 ) LIMIT 1   [ RunTime:0.003329s ]
NOTIC: [8192] preg_replace(): The /e modifier is deprecated, use preg_replace_callback instead H:\study\wamp64\www\online-study\ThinkPHP\Lib\Core\Db.class.php 第 604 行.
SQL: SELECT `username`,`picture` FROM `edu_users` WHERE ( `id` = 63 ) LIMIT 1   [ RunTime:0.001151s ]
NOTIC: [8192] preg_replace(): The /e modifier is deprecated, use preg_replace_callback instead H:\study\wamp64\www\online-study\ThinkPHP\Lib\Core\Db.class.php 第 604 行.
SQL: SELECT COUNT(*) AS tp_count FROM `edu_friend` WHERE ( uid=63 ) LIMIT 1   [ RunTime:0.001126s ]
NOTIC: [8192] preg_replace(): The /e modifier is deprecated, use preg_replace_callback instead H:\study\wamp64\www\online-study\ThinkPHP\Lib\Core\Db.class.php 第 604 行.
SQL: SELECT `username`,`picture` FROM `edu_users` WHERE ( `id` = 68 ) LIMIT 1   [ RunTime:0.001106s ]
NOTIC: [8192] preg_replace(): The /e modifier is deprecated, use preg_replace_callback instead H:\study\wamp64\www\online-study\ThinkPHP\Lib\Core\Db.class.php 第 604 行.
SQL: SELECT COUNT(*) AS tp_count FROM `edu_friend` WHERE ( uid=68 ) LIMIT 1   [ RunTime:0.001085s ]
SQL: SHOW COLUMNS FROM `edu_video` [ RunTime:0.002061s ]
NOTIC: [8192] preg_replace(): The /e modifier is deprecated, use preg_replace_callback instead H:\study\wamp64\www\online-study\ThinkPHP\Lib\Core\Db.class.php 第 604 行.
SQL: SELECT * FROM `edu_video` ORDER BY addtime desc LIMIT 3   [ RunTime:0.001626s ]
NOTIC: [8192] preg_replace(): The /e modifier is deprecated, use preg_replace_callback instead H:\study\wamp64\www\online-study\ThinkPHP\Lib\Core\Db.class.php 第 604 行.
SQL: SELECT * FROM `edu_video` WHERE ( status=2 ) ORDER BY favonum desc LIMIT 8   [ RunTime:0.002950s ]
NOTIC: [8192] preg_replace(): The /e modifier is deprecated, use preg_replace_callback instead H:\study\wamp64\www\online-study\ThinkPHP\Lib\Core\Db.class.php 第 604 行.
SQL: SELECT * FROM `edu_video` WHERE ( status=2 ) ORDER BY clicknum desc LIMIT 10   [ RunTime:0.003271s ]
SQL: SHOW COLUMNS FROM `edu_cat` [ RunTime:0.003053s ]
NOTIC: [8192] preg_replace(): The /e modifier is deprecated, use preg_replace_callback instead H:\study\wamp64\www\online-study\ThinkPHP\Lib\Core\Db.class.php 第 604 行.
SQL: SELECT `id`,`name` FROM `edu_cat` WHERE ( pid=0 ) LIMIT 6   [ RunTime:0.003032s ]
NOTIC: [8192] preg_replace(): The /e modifier is deprecated, use preg_replace_callback instead H:\study\wamp64\www\online-study\ThinkPHP\Lib\Core\Db.class.php 第 604 行.
SQL: SELECT * FROM `edu_video` WHERE ( status=2 ) ORDER BY addtime desc LIMIT 5   [ RunTime:0.004639s ]
SQL: select nid,count(*) num from edu_zan where nid<>0 group by nid order by num desc limit 3 [ RunTime:0.002222s ]
SQL: SHOW COLUMNS FROM `edu_note` [ RunTime:0.002369s ]
ERR: 1146:Table 'edu002.edu_note' doesn't exist
 [ SQL语句 ] : SHOW COLUMNS FROM `edu_note`
NOTIC: [8192] preg_replace(): The /e modifier is deprecated, use preg_replace_callback instead H:\study\wamp64\www\online-study\ThinkPHP\Lib\Core\Db.class.php 第 604 行.
SQL: SELECT * FROM `edu_note` WHERE ( `id` = '23' ) LIMIT 1   [ RunTime:0.001636s ]
ERR: 1146:Table 'edu002.edu_note' doesn't exist
 [ SQL语句 ] : SELECT * FROM `edu_note` WHERE ( `id` = '23' ) LIMIT 1  
NOTIC: [8192] preg_replace(): The /e modifier is deprecated, use preg_replace_callback instead H:\study\wamp64\www\online-study\ThinkPHP\Lib\Core\Db.class.php 第 604 行.
SQL: SELECT `username` FROM `edu_users` LIMIT 1   [ RunTime:0.002185s ]
SQL: SHOW COLUMNS FROM `edu_video` [ RunTime:0.003059s ]
NOTIC: [8192] preg_replace(): The /e modifier is deprecated, use preg_replace_callback instead H:\study\wamp64\www\online-study\ThinkPHP\Lib\Core\Db.class.php 第 604 行.
SQL: SELECT `videoname` FROM `edu_video` LIMIT 1   [ RunTime:0.002024s ]
NOTIC: [8192] preg_replace(): The /e modifier is deprecated, use preg_replace_callback instead H:\study\wamp64\www\online-study\ThinkPHP\Lib\Core\Db.class.php 第 604 行.
SQL: SELECT * FROM `edu_note` WHERE ( `id` = '35' ) LIMIT 1   [ RunTime:0.002447s ]
ERR: 1146:Table 'edu002.edu_note' doesn't exist
 [ SQL语句 ] : SELECT * FROM `edu_note` WHERE ( `id` = '35' ) LIMIT 1  
NOTIC: [8192] preg_replace(): The /e modifier is deprecated, use preg_replace_callback instead H:\study\wamp64\www\online-study\ThinkPHP\Lib\Core\Db.class.php 第 604 行.
SQL: SELECT `username` FROM `edu_users` LIMIT 1   [ RunTime:0.001473s ]
NOTIC: [8192] preg_replace(): The /e modifier is deprecated, use preg_replace_callback instead H:\study\wamp64\www\online-study\ThinkPHP\Lib\Core\Db.class.php 第 604 行.
SQL: SELECT `videoname` FROM `edu_video` LIMIT 1   [ RunTime:0.002020s ]
NOTIC: [8192] preg_replace(): The /e modifier is deprecated, use preg_replace_callback instead H:\study\wamp64\www\online-study\ThinkPHP\Lib\Core\Db.class.php 第 604 行.
SQL: SELECT * FROM `edu_note` WHERE ( `id` = '38' ) LIMIT 1   [ RunTime:0.002233s ]
ERR: 1146:Table 'edu002.edu_note' doesn't exist
 [ SQL语句 ] : SELECT * FROM `edu_note` WHERE ( `id` = '38' ) LIMIT 1  
NOTIC: [8192] preg_replace(): The /e modifier is deprecated, use preg_replace_callback instead H:\study\wamp64\www\online-study\ThinkPHP\Lib\Core\Db.class.php 第 604 行.
SQL: SELECT `username` FROM `edu_users` LIMIT 1   [ RunTime:0.001812s ]
NOTIC: [8192] preg_replace(): The /e modifier is deprecated, use preg_replace_callback instead H:\study\wamp64\www\online-study\ThinkPHP\Lib\Core\Db.class.php 第 604 行.
SQL: SELECT `videoname` FROM `edu_video` LIMIT 1   [ RunTime:0.002481s ]
SQL: select uid,count(*) num from edu_note group by uid order by num desc limit 8 [ RunTime:0.000906s ]
ERR: 1146:Table 'edu002.edu_note' doesn't exist
 [ SQL语句 ] : select uid,count(*) num from edu_note group by uid order by num desc limit 8
NOTIC: [2] Invalid argument supplied for foreach() H:\study\wamp64\www\online-study\Home\Lib\Action\IndexAction.class.php 第 79 行.
SQL: SHOW COLUMNS FROM `edu_cat` [ RunTime:0.001196s ]
NOTIC: [8192] preg_replace(): The /e modifier is deprecated, use preg_replace_callback instead H:\study\wamp64\www\online-study\ThinkPHP\Lib\Core\Db.class.php 第 604 行.
SQL: SELECT `id`,`name` FROM `edu_cat` WHERE ( pid!=0 )  [ RunTime:0.001441s ]
SQL: SHOW COLUMNS FROM `bbs_message` [ RunTime:0.003836s ]
NOTIC: [8192] preg_replace(): The /e modifier is deprecated, use preg_replace_callback instead H:\study\wamp64\www\online-study\ThinkPHP\Lib\Core\Db.class.php 第 604 行.
SQL: SELECT `id`,`title` FROM `bbs_message` WHERE ( (`keyword` LIKE '23') OR (`keyword` LIKE '%,23') OR (`keyword` LIKE '23,%') OR (`keyword` LIKE '%,23,%') ) AND ( `status` = '1' ) ORDER BY addtime desc LIMIT 3   [ RunTime:0.002095s ]
NOTIC: [8192] preg_replace(): The /e modifier is deprecated, use preg_replace_callback instead H:\study\wamp64\www\online-study\ThinkPHP\Lib\Core\Db.class.php 第 604 行.
SQL: SELECT COUNT(*) AS tp_count FROM `bbs_message` WHERE ( (`keyword` LIKE '23') OR (`keyword` LIKE '%,23') OR (`keyword` LIKE '23,%') OR (`keyword` LIKE '%,23,%') ) AND ( `status` = '1' ) LIMIT 1   [ RunTime:0.001795s ]
NOTIC: [8192] preg_replace(): The /e modifier is deprecated, use preg_replace_callback instead H:\study\wamp64\www\online-study\ThinkPHP\Lib\Core\Db.class.php 第 604 行.
SQL: SELECT `id`,`title` FROM `bbs_message` WHERE ( (`keyword` LIKE '13') OR (`keyword` LIKE '%,13') OR (`keyword` LIKE '13,%') OR (`keyword` LIKE '%,13,%') ) AND ( `status` = '1' ) ORDER BY addtime desc LIMIT 3   [ RunTime:0.005325s ]
NOTIC: [8192] preg_replace(): The /e modifier is deprecated, use preg_replace_callback instead H:\study\wamp64\www\online-study\ThinkPHP\Lib\Core\Db.class.php 第 604 行.
SQL: SELECT COUNT(*) AS tp_count FROM `bbs_message` WHERE ( (`keyword` LIKE '13') OR (`keyword` LIKE '%,13') OR (`keyword` LIKE '13,%') OR (`keyword` LIKE '%,13,%') ) AND ( `status` = '1' ) LIMIT 1   [ RunTime:0.006927s ]
NOTIC: [8192] preg_replace(): The /e modifier is deprecated, use preg_replace_callback instead H:\study\wamp64\www\online-study\ThinkPHP\Lib\Core\Db.class.php 第 604 行.
SQL: SELECT `id`,`title` FROM `bbs_message` WHERE ( (`keyword` LIKE '27') OR (`keyword` LIKE '%,27') OR (`keyword` LIKE '27,%') OR (`keyword` LIKE '%,27,%') ) AND ( `status` = '1' ) ORDER BY addtime desc LIMIT 3   [ RunTime:0.001994s ]
NOTIC: [8192] preg_replace(): The /e modifier is deprecated, use preg_replace_callback instead H:\study\wamp64\www\online-study\ThinkPHP\Lib\Core\Db.class.php 第 604 行.
SQL: SELECT COUNT(*) AS tp_count FROM `bbs_message` WHERE ( (`keyword` LIKE '27') OR (`keyword` LIKE '%,27') OR (`keyword` LIKE '27,%') OR (`keyword` LIKE '%,27,%') ) AND ( `status` = '1' ) LIMIT 1   [ RunTime:0.001324s ]
NOTIC: [8192] preg_replace(): The /e modifier is deprecated, use preg_replace_callback instead H:\study\wamp64\www\online-study\ThinkPHP\Lib\Core\Db.class.php 第 604 行.
SQL: SELECT `id`,`title` FROM `bbs_message` WHERE ( (`keyword` LIKE '15') OR (`keyword` LIKE '%,15') OR (`keyword` LIKE '15,%') OR (`keyword` LIKE '%,15,%') ) AND ( `status` = '1' ) ORDER BY addtime desc LIMIT 3   [ RunTime:0.001396s ]
NOTIC: [8192] preg_replace(): The /e modifier is deprecated, use preg_replace_callback instead H:\study\wamp64\www\online-study\ThinkPHP\Lib\Core\Db.class.php 第 604 行.
SQL: SELECT COUNT(*) AS tp_count FROM `bbs_message` WHERE ( (`keyword` LIKE '15') OR (`keyword` LIKE '%,15') OR (`keyword` LIKE '15,%') OR (`keyword` LIKE '%,15,%') ) AND ( `status` = '1' ) LIMIT 1   [ RunTime:0.001371s ]
NOTIC: [8192] preg_replace(): The /e modifier is deprecated, use preg_replace_callback instead H:\study\wamp64\www\online-study\ThinkPHP\Lib\Core\Db.class.php 第 604 行.
SQL: SELECT `id`,`title` FROM `bbs_message` WHERE ( (`keyword` LIKE '29') OR (`keyword` LIKE '%,29') OR (`keyword` LIKE '29,%') OR (`keyword` LIKE '%,29,%') ) AND ( `status` = '1' ) ORDER BY addtime desc LIMIT 3   [ RunTime:0.001280s ]
NOTIC: [8192] preg_replace(): The /e modifier is deprecated, use preg_replace_callback instead H:\study\wamp64\www\online-study\ThinkPHP\Lib\Core\Db.class.php 第 604 行.
SQL: SELECT COUNT(*) AS tp_count FROM `bbs_message` WHERE ( (`keyword` LIKE '29') OR (`keyword` LIKE '%,29') OR (`keyword` LIKE '29,%') OR (`keyword` LIKE '%,29,%') ) AND ( `status` = '1' ) LIMIT 1   [ RunTime:0.000988s ]
NOTIC: [8192] preg_replace(): The /e modifier is deprecated, use preg_replace_callback instead H:\study\wamp64\www\online-study\ThinkPHP\Lib\Core\Db.class.php 第 604 行.
SQL: SELECT `id`,`title` FROM `bbs_message` WHERE ( (`keyword` LIKE '10') OR (`keyword` LIKE '%,10') OR (`keyword` LIKE '10,%') OR (`keyword` LIKE '%,10,%') ) AND ( `status` = '1' ) ORDER BY addtime desc LIMIT 3   [ RunTime:0.000820s ]
NOTIC: [8192] preg_replace(): The /e modifier is deprecated, use preg_replace_callback instead H:\study\wamp64\www\online-study\ThinkPHP\Lib\Core\Db.class.php 第 604 行.
SQL: SELECT COUNT(*) AS tp_count FROM `bbs_message` WHERE ( (`keyword` LIKE '10') OR (`keyword` LIKE '%,10') OR (`keyword` LIKE '10,%') OR (`keyword` LIKE '%,10,%') ) AND ( `status` = '1' ) LIMIT 1   [ RunTime:0.001047s ]
SQL: SHOW COLUMNS FROM `bbs_question` [ RunTime:0.004441s ]
NOTIC: [8192] preg_replace(): The /e modifier is deprecated, use preg_replace_callback instead H:\study\wamp64\www\online-study\ThinkPHP\Lib\Core\Db.class.php 第 604 行.
SQL: SELECT `id`,`uid`,`content` FROM `bbs_question` WHERE ( `status` = '1' ) AND ( `isbest` = '1' ) AND ( `replay` <> '' ) ORDER BY addtime desc LIMIT 6   [ RunTime:0.001953s ]
NOTIC: [8192] preg_replace(): The /e modifier is deprecated, use preg_replace_callback instead H:\study\wamp64\www\online-study\ThinkPHP\Lib\Core\Db.class.php 第 604 行.
SQL: SELECT `username`,`name` FROM `edu_users` WHERE ( `id` = 65 ) LIMIT 1   [ RunTime:0.001663s ]
NOTIC: [8192] preg_replace(): The /e modifier is deprecated, use preg_replace_callback instead H:\study\wamp64\www\online-study\ThinkPHP\Lib\Core\Db.class.php 第 604 行.
SQL: SELECT `username`,`name` FROM `edu_users` WHERE ( `id` = 93 ) LIMIT 1   [ RunTime:0.001744s ]
NOTIC: [8192] preg_replace(): The /e modifier is deprecated, use preg_replace_callback instead H:\study\wamp64\www\online-study\ThinkPHP\Lib\Core\Db.class.php 第 604 行.
SQL: SELECT `username`,`name` FROM `edu_users` WHERE ( `id` = 76 ) LIMIT 1   [ RunTime:0.001330s ]
NOTIC: [8192] preg_replace(): The /e modifier is deprecated, use preg_replace_callback instead H:\study\wamp64\www\online-study\ThinkPHP\Lib\Core\Db.class.php 第 604 行.
SQL: SELECT `username`,`name` FROM `edu_users` WHERE ( `id` = 74 ) LIMIT 1   [ RunTime:0.002891s ]
NOTIC: [8192] preg_replace(): The /e modifier is deprecated, use preg_replace_callback instead H:\study\wamp64\www\online-study\ThinkPHP\Lib\Core\Db.class.php 第 604 行.
SQL: SELECT `username`,`name` FROM `edu_users` WHERE ( `id` = 71 ) LIMIT 1   [ RunTime:0.002308s ]
NOTIC: [8192] preg_replace(): The /e modifier is deprecated, use preg_replace_callback instead H:\study\wamp64\www\online-study\ThinkPHP\Lib\Core\Db.class.php 第 604 行.
SQL: SELECT `username`,`name` FROM `edu_users` WHERE ( `id` = 69 ) LIMIT 1   [ RunTime:0.002614s ]
SQL: SHOW COLUMNS FROM `edu_flink` [ RunTime:0.001904s ]
NOTIC: [8192] preg_replace(): The /e modifier is deprecated, use preg_replace_callback instead H:\study\wamp64\www\online-study\ThinkPHP\Lib\Core\Db.class.php 第 604 行.
SQL: SELECT * FROM `edu_flink` WHERE ( status=2 )  [ RunTime:0.000990s ]
ERR: 1054:Unknown column 'status' in 'where clause'
 [ SQL语句 ] : SELECT * FROM `edu_flink` WHERE ( status=2 ) 
NOTIC: [8] Undefined index: user H:\study\wamp64\www\online-study\Home\Lib\Action\IndexAction.class.php 第 132 行.
INFO: [ view_parse ] --START--
NOTIC: [8] Undefined index: user H:\study\wamp64\www\online-study\Home\Runtime\Cache\a0df498f3fa8ed5d3704c11b76d93149f0b249f5.file.index.html.php 第 146 行.
NOTIC: [8] Undefined index: user H:\study\wamp64\www\online-study\Home\Runtime\Cache\a0df498f3fa8ed5d3704c11b76d93149f0b249f5.file.index.html.php 第 205 行.
INFO: ParseTemplate Behavior ::run [ RunTime:0.028187s ]
INFO: [ view_parse ] --END-- [ RunTime:0.028373s ]
INFO: [ view_filter ] --START--
INFO: ContentReplace Behavior ::run [ RunTime:0.001109s ]
INFO: TokenBuild Behavior ::run [ RunTime:0.000665s ]
INFO: WriteHtmlCache Behavior ::run [ RunTime:0.000558s ]
INFO: ShowRuntime Behavior ::run [ RunTime:0.000995s ]
INFO: [ view_filter ] --END-- [ RunTime:0.003674s ]
INFO: [ view_end ] --START--
INFO: ShowPageTrace Behavior ::run [ RunTime:0.002273s ]
INFO: [ view_end ] --END-- [ RunTime:0.002679s ]

[ 2019-04-28T08:58:42+08:00 ] 127.0.0.1 /online-study/index.php/Users/myclass
INFO: [ route_check ] --START--
INFO: CheckRoute Behavior ::run [ RunTime:0.000824s ]
INFO: [ route_check ] --END-- [ RunTime:0.000948s ]
NOTIC: [8192] preg_replace(): The /e modifier is deprecated, use preg_replace_callback instead H:\study\wamp64\www\online-study\ThinkPHP\Lib\Core\Dispatcher.class.php 第 132 行.
INFO: [ app_begin ] --START--
INFO: ReadHtmlCache Behavior ::run [ RunTime:0.001046s ]
INFO: [ app_begin ] --END-- [ RunTime:0.001194s ]
NOTIC: [8] A session had already been started - ignoring session_start() H:\study\wamp64\www\online-study\Home\Lib\Action\UsersAction.class.php 第 2 行.
NOTIC: [8] Constant THEME_NAME already defined H:\study\wamp64\www\online-study\ThinkPHP\Lib\Core\View.class.php 第 223 行.
NOTIC: [8] Constant THEME_PATH already defined H:\study\wamp64\www\online-study\ThinkPHP\Lib\Core\View.class.php 第 174 行.
NOTIC: [8] Constant APP_TMPL_PATH already defined H:\study\wamp64\www\online-study\ThinkPHP\Lib\Core\View.class.php 第 175 行.
INFO: [ view_parse ] --START--
NOTIC: [8] Undefined index: title H:\study\wamp64\www\online-study\Home\Runtime\Cache\53c35cff55e11efff2116a8453e2a440811ddc45.file.head2.html.php 第 29 行.
NOTIC: [8] Trying to get property of non-object H:\study\wamp64\www\online-study\Home\Runtime\Cache\53c35cff55e11efff2116a8453e2a440811ddc45.file.head2.html.php 第 29 行.
NOTIC: [8] Undefined index: user H:\study\wamp64\www\online-study\Home\Runtime\Cache\53c35cff55e11efff2116a8453e2a440811ddc45.file.head2.html.php 第 120 行.
NOTIC: [8] Undefined index: user H:\study\wamp64\www\online-study\Home\Runtime\Cache\53c35cff55e11efff2116a8453e2a440811ddc45.file.head2.html.php 第 137 行.
NOTIC: [8] Undefined index: user H:\study\wamp64\www\online-study\Home\Runtime\Cache\53c35cff55e11efff2116a8453e2a440811ddc45.file.head2.html.php 第 141 行.
NOTIC: [8] Undefined index: user H:\study\wamp64\www\online-study\Home\Runtime\Cache\53c35cff55e11efff2116a8453e2a440811ddc45.file.head2.html.php 第 142 行.
NOTIC: [8] Undefined index: user H:\study\wamp64\www\online-study\Home\Runtime\Cache\53c35cff55e11efff2116a8453e2a440811ddc45.file.head2.html.php 第 143 行.
NOTIC: [8] Undefined index: user H:\study\wamp64\www\online-study\Home\Runtime\Cache\53c35cff55e11efff2116a8453e2a440811ddc45.file.head2.html.php 第 143 行.
NOTIC: [8] Undefined index: user H:\study\wamp64\www\online-study\Home\Runtime\Cache\53c35cff55e11efff2116a8453e2a440811ddc45.file.head2.html.php 第 144 行.
NOTIC: [8] Undefined index: user H:\study\wamp64\www\online-study\Home\Runtime\Cache\53c35cff55e11efff2116a8453e2a440811ddc45.file.head2.html.php 第 145 行.
NOTIC: [8] Undefined index: note H:\study\wamp64\www\online-study\Home\Runtime\Cache\bf381cfd66ff7f81f12723b07f020423970d27b4.file.myclass.html.php 第 105 行.
NOTIC: [8] Trying to get property of non-object H:\study\wamp64\www\online-study\Home\Runtime\Cache\bf381cfd66ff7f81f12723b07f020423970d27b4.file.myclass.html.php 第 105 行.
NOTIC: [8] Undefined index: user H:\study\wamp64\www\online-study\Home\Runtime\Cache\bf381cfd66ff7f81f12723b07f020423970d27b4.file.myclass.html.php 第 143 行.
NOTIC: [8] Undefined index: user H:\study\wamp64\www\online-study\Home\Runtime\Cache\bf381cfd66ff7f81f12723b07f020423970d27b4.file.myclass.html.php 第 146 行.
NOTIC: [8] Undefined index: user H:\study\wamp64\www\online-study\Home\Runtime\Cache\bf381cfd66ff7f81f12723b07f020423970d27b4.file.myclass.html.php 第 146 行.
NOTIC: [8] Undefined index: user H:\study\wamp64\www\online-study\Home\Runtime\Cache\bf381cfd66ff7f81f12723b07f020423970d27b4.file.myclass.html.php 第 147 行.
NOTIC: [8] Undefined index: user H:\study\wamp64\www\online-study\Home\Runtime\Cache\bf381cfd66ff7f81f12723b07f020423970d27b4.file.myclass.html.php 第 155 行.
NOTIC: [8] Undefined index: user H:\study\wamp64\www\online-study\Home\Runtime\Cache\bf381cfd66ff7f81f12723b07f020423970d27b4.file.myclass.html.php 第 157 行.
NOTIC: [8] Undefined index: user H:\study\wamp64\www\online-study\Home\Runtime\Cache\bf381cfd66ff7f81f12723b07f020423970d27b4.file.myclass.html.php 第 163 行.
NOTIC: [8] Undefined index: videonum H:\study\wamp64\www\online-study\Home\Runtime\Cache\bf381cfd66ff7f81f12723b07f020423970d27b4.file.myclass.html.php 第 164 行.
NOTIC: [8] Trying to get property of non-object H:\study\wamp64\www\online-study\Home\Runtime\Cache\bf381cfd66ff7f81f12723b07f020423970d27b4.file.myclass.html.php 第 164 行.
NOTIC: [8] Undefined index: user H:\study\wamp64\www\online-study\Home\Runtime\Cache\bf381cfd66ff7f81f12723b07f020423970d27b4.file.myclass.html.php 第 168 行.
NOTIC: [8] Undefined index: notenum H:\study\wamp64\www\online-study\Home\Runtime\Cache\bf381cfd66ff7f81f12723b07f020423970d27b4.file.myclass.html.php 第 169 行.
NOTIC: [8] Trying to get property of non-object H:\study\wamp64\www\online-study\Home\Runtime\Cache\bf381cfd66ff7f81f12723b07f020423970d27b4.file.myclass.html.php 第 169 行.
NOTIC: [8] Undefined index: user H:\study\wamp64\www\online-study\Home\Runtime\Cache\bf381cfd66ff7f81f12723b07f020423970d27b4.file.myclass.html.php 第 173 行.
NOTIC: [8] Undefined index: libnum H:\study\wamp64\www\online-study\Home\Runtime\Cache\bf381cfd66ff7f81f12723b07f020423970d27b4.file.myclass.html.php 第 174 行.
NOTIC: [8] Trying to get property of non-object H:\study\wamp64\www\online-study\Home\Runtime\Cache\bf381cfd66ff7f81f12723b07f020423970d27b4.file.myclass.html.php 第 174 行.
NOTIC: [8] Undefined index: messnum H:\study\wamp64\www\online-study\Home\Runtime\Cache\bf381cfd66ff7f81f12723b07f020423970d27b4.file.myclass.html.php 第 178 行.
NOTIC: [8] Trying to get property of non-object H:\study\wamp64\www\online-study\Home\Runtime\Cache\bf381cfd66ff7f81f12723b07f020423970d27b4.file.myclass.html.php 第 178 行.
NOTIC: [8] Undefined index: mymes1 H:\study\wamp64\www\online-study\Home\Runtime\Cache\bf381cfd66ff7f81f12723b07f020423970d27b4.file.myclass.html.php 第 192 行.
NOTIC: [8] Trying to get property of non-object H:\study\wamp64\www\online-study\Home\Runtime\Cache\bf381cfd66ff7f81f12723b07f020423970d27b4.file.myclass.html.php 第 192 行.
NOTIC: [8] Undefined index: myfrinum H:\study\wamp64\www\online-study\Home\Runtime\Cache\bf381cfd66ff7f81f12723b07f020423970d27b4.file.myclass.html.php 第 213 行.
NOTIC: [8] Trying to get property of non-object H:\study\wamp64\www\online-study\Home\Runtime\Cache\bf381cfd66ff7f81f12723b07f020423970d27b4.file.myclass.html.php 第 213 行.
NOTIC: [8] Undefined index: myfrinum H:\study\wamp64\www\online-study\Home\Runtime\Cache\bf381cfd66ff7f81f12723b07f020423970d27b4.file.myclass.html.php 第 218 行.
NOTIC: [8] Trying to get property of non-object H:\study\wamp64\www\online-study\Home\Runtime\Cache\bf381cfd66ff7f81f12723b07f020423970d27b4.file.myclass.html.php 第 218 行.
NOTIC: [8] Undefined index: myfsnum H:\study\wamp64\www\online-study\Home\Runtime\Cache\bf381cfd66ff7f81f12723b07f020423970d27b4.file.myclass.html.php 第 243 行.
NOTIC: [8] Trying to get property of non-object H:\study\wamp64\www\online-study\Home\Runtime\Cache\bf381cfd66ff7f81f12723b07f020423970d27b4.file.myclass.html.php 第 243 行.
NOTIC: [8] Undefined index: number1 H:\study\wamp64\www\online-study\Home\Runtime\Cache\bf381cfd66ff7f81f12723b07f020423970d27b4.file.myclass.html.php 第 253 行.
NOTIC: [8] Trying to get property of non-object H:\study\wamp64\www\online-study\Home\Runtime\Cache\bf381cfd66ff7f81f12723b07f020423970d27b4.file.myclass.html.php 第 253 行.
NOTIC: [8] Undefined index: number H:\study\wamp64\www\online-study\Home\Runtime\Cache\bf381cfd66ff7f81f12723b07f020423970d27b4.file.myclass.html.php 第 285 行.
NOTIC: [8] Trying to get property of non-object H:\study\wamp64\www\online-study\Home\Runtime\Cache\bf381cfd66ff7f81f12723b07f020423970d27b4.file.myclass.html.php 第 285 行.
INFO: ParseTemplate Behavior ::run [ RunTime:0.094031s ]
INFO: [ view_parse ] --END-- [ RunTime:0.094180s ]
INFO: [ view_filter ] --START--
INFO: ContentReplace Behavior ::run [ RunTime:0.000896s ]
INFO: TokenBuild Behavior ::run [ RunTime:0.000639s ]
INFO: WriteHtmlCache Behavior ::run [ RunTime:0.000496s ]
INFO: ShowRuntime Behavior ::run [ RunTime:0.000675s ]
INFO: [ view_filter ] --END-- [ RunTime:0.003003s ]
INFO: [ view_end ] --START--
INFO: ShowPageTrace Behavior ::run [ RunTime:0.002475s ]
INFO: [ view_end ] --END-- [ RunTime:0.003085s ]

[ 2019-04-28T08:58:50+08:00 ] 127.0.0.1 /online-study/index.php/Index/index
INFO: [ route_check ] --START--
INFO: CheckRoute Behavior ::run [ RunTime:0.001931s ]
INFO: [ route_check ] --END-- [ RunTime:0.002210s ]
NOTIC: [8192] preg_replace(): The /e modifier is deprecated, use preg_replace_callback instead H:\study\wamp64\www\online-study\ThinkPHP\Lib\Core\Dispatcher.class.php 第 132 行.
INFO: [ app_begin ] --START--
INFO: ReadHtmlCache Behavior ::run [ RunTime:0.000702s ]
INFO: [ app_begin ] --END-- [ RunTime:0.000804s ]
NOTIC: [8192] mysql_connect(): The mysql extension is deprecated and will be removed in the future: use mysqli or PDO instead H:\study\wamp64\www\online-study\ThinkPHP\Lib\Driver\Db\DbMysql.class.php 第 55 行.
SQL: SHOW COLUMNS FROM `edu_clicknum` [ RunTime:0.002555s ]
NOTIC: [8192] preg_replace(): The /e modifier is deprecated, use preg_replace_callback instead H:\study\wamp64\www\online-study\ThinkPHP\Lib\Core\Db.class.php 第 604 行.
SQL: SELECT * FROM `edu_clicknum` WHERE ( `id` = 1 ) LIMIT 1   [ RunTime:0.001117s ]
SQL: UPDATE `edu_clicknum` SET `clicknum`=889,`clicktime`=1556413129 WHERE ( `id` = 1 ) [ RunTime:0.000882s ]
SQL: SHOW COLUMNS FROM `edu_notice` [ RunTime:0.002225s ]
NOTIC: [8192] preg_replace(): The /e modifier is deprecated, use preg_replace_callback instead H:\study\wamp64\www\online-study\ThinkPHP\Lib\Core\Db.class.php 第 604 行.
SQL: SELECT * FROM `edu_notice` ORDER BY addtime desc LIMIT 6   [ RunTime:0.003530s ]
SQL: SHOW COLUMNS FROM `edu_library` [ RunTime:0.001947s ]
NOTIC: [8192] preg_replace(): The /e modifier is deprecated, use preg_replace_callback instead H:\study\wamp64\www\online-study\ThinkPHP\Lib\Core\Db.class.php 第 604 行.
SQL: SELECT * FROM `edu_library` ORDER BY addtime desc LIMIT 3   [ RunTime:0.002137s ]
NOTIC: [8] Undefined index: _type H:\study\wamp64\www\online-study\ThinkPHP\Lib\Core\Model.class.php 第 583 行.
NOTIC: [8192] preg_replace(): The /e modifier is deprecated, use preg_replace_callback instead H:\study\wamp64\www\online-study\ThinkPHP\Lib\Core\Db.class.php 第 604 行.
SQL: SELECT `username` FROM `edu_users` WHERE ( `id` = '95' ) LIMIT 1   [ RunTime:0.002734s ]
NOTIC: [8] Undefined index: _type H:\study\wamp64\www\online-study\ThinkPHP\Lib\Core\Model.class.php 第 583 行.
NOTIC: [8192] preg_replace(): The /e modifier is deprecated, use preg_replace_callback instead H:\study\wamp64\www\online-study\ThinkPHP\Lib\Core\Db.class.php 第 604 行.
SQL: SELECT `username` FROM `edu_users` WHERE ( `id` = '95' ) LIMIT 1   [ RunTime:0.001354s ]
NOTIC: [8] Undefined index: _type H:\study\wamp64\www\online-study\ThinkPHP\Lib\Core\Model.class.php 第 583 行.
NOTIC: [8192] preg_replace(): The /e modifier is deprecated, use preg_replace_callback instead H:\study\wamp64\www\online-study\ThinkPHP\Lib\Core\Db.class.php 第 604 行.
SQL: SELECT `username` FROM `edu_users` WHERE ( `id` = '70' ) LIMIT 1   [ RunTime:0.000893s ]
NOTIC: [8192] preg_replace(): The /e modifier is deprecated, use preg_replace_callback instead H:\study\wamp64\www\online-study\ThinkPHP\Lib\Core\Db.class.php 第 604 行.
SQL: SELECT * FROM `edu_library` ORDER BY dwloadnum desc LIMIT 10   [ RunTime:0.001354s ]
NOTIC: [8] Undefined index: _type H:\study\wamp64\www\online-study\ThinkPHP\Lib\Core\Model.class.php 第 583 行.
NOTIC: [8192] preg_replace(): The /e modifier is deprecated, use preg_replace_callback instead H:\study\wamp64\www\online-study\ThinkPHP\Lib\Core\Db.class.php 第 604 行.
SQL: SELECT `username` FROM `edu_users` WHERE ( `id` = '70' ) LIMIT 1   [ RunTime:0.001119s ]
NOTIC: [8] Undefined index: _type H:\study\wamp64\www\online-study\ThinkPHP\Lib\Core\Model.class.php 第 583 行.
NOTIC: [8192] preg_replace(): The /e modifier is deprecated, use preg_replace_callback instead H:\study\wamp64\www\online-study\ThinkPHP\Lib\Core\Db.class.php 第 604 行.
SQL: SELECT `username` FROM `edu_users` WHERE ( `id` = '67' ) LIMIT 1   [ RunTime:0.000843s ]
NOTIC: [8] Undefined index: _type H:\study\wamp64\www\online-study\ThinkPHP\Lib\Core\Model.class.php 第 583 行.
NOTIC: [8192] preg_replace(): The /e modifier is deprecated, use preg_replace_callback instead H:\study\wamp64\www\online-study\ThinkPHP\Lib\Core\Db.class.php 第 604 行.
SQL: SELECT `username` FROM `edu_users` WHERE ( `id` = '64' ) LIMIT 1   [ RunTime:0.001918s ]
NOTIC: [8] Undefined index: _type H:\study\wamp64\www\online-study\ThinkPHP\Lib\Core\Model.class.php 第 583 行.
NOTIC: [8192] preg_replace(): The /e modifier is deprecated, use preg_replace_callback instead H:\study\wamp64\www\online-study\ThinkPHP\Lib\Core\Db.class.php 第 604 行.
SQL: SELECT `username` FROM `edu_users` WHERE ( `id` = '64' ) LIMIT 1   [ RunTime:0.002238s ]
NOTIC: [8] Undefined index: _type H:\study\wamp64\www\online-study\ThinkPHP\Lib\Core\Model.class.php 第 583 行.
NOTIC: [8192] preg_replace(): The /e modifier is deprecated, use preg_replace_callback instead H:\study\wamp64\www\online-study\ThinkPHP\Lib\Core\Db.class.php 第 604 行.
SQL: SELECT `username` FROM `edu_users` WHERE ( `id` = '63' ) LIMIT 1   [ RunTime:0.002668s ]
NOTIC: [8] Undefined index: _type H:\study\wamp64\www\online-study\ThinkPHP\Lib\Core\Model.class.php 第 583 行.
NOTIC: [8192] preg_replace(): The /e modifier is deprecated, use preg_replace_callback instead H:\study\wamp64\www\online-study\ThinkPHP\Lib\Core\Db.class.php 第 604 行.
SQL: SELECT `username` FROM `edu_users` WHERE ( `id` = '61' ) LIMIT 1   [ RunTime:0.001062s ]
NOTIC: [8] Undefined index: _type H:\study\wamp64\www\online-study\ThinkPHP\Lib\Core\Model.class.php 第 583 行.
NOTIC: [8192] preg_replace(): The /e modifier is deprecated, use preg_replace_callback instead H:\study\wamp64\www\online-study\ThinkPHP\Lib\Core\Db.class.php 第 604 行.
SQL: SELECT `username` FROM `edu_users` WHERE ( `id` = '61' ) LIMIT 1   [ RunTime:0.000848s ]
NOTIC: [8] Undefined index: _type H:\study\wamp64\www\online-study\ThinkPHP\Lib\Core\Model.class.php 第 583 行.
NOTIC: [8192] preg_replace(): The /e modifier is deprecated, use preg_replace_callback instead H:\study\wamp64\www\online-study\ThinkPHP\Lib\Core\Db.class.php 第 604 行.
SQL: SELECT `username` FROM `edu_users` WHERE ( `id` = '68' ) LIMIT 1   [ RunTime:0.000766s ]
NOTIC: [8] Undefined index: _type H:\study\wamp64\www\online-study\ThinkPHP\Lib\Core\Model.class.php 第 583 行.
NOTIC: [8192] preg_replace(): The /e modifier is deprecated, use preg_replace_callback instead H:\study\wamp64\www\online-study\ThinkPHP\Lib\Core\Db.class.php 第 604 行.
SQL: SELECT `username` FROM `edu_users` WHERE ( `id` = '70' ) LIMIT 1   [ RunTime:0.001482s ]
NOTIC: [8] Undefined index: _type H:\study\wamp64\www\online-study\ThinkPHP\Lib\Core\Model.class.php 第 583 行.
NOTIC: [8192] preg_replace(): The /e modifier is deprecated, use preg_replace_callback instead H:\study\wamp64\www\online-study\ThinkPHP\Lib\Core\Db.class.php 第 604 行.
SQL: SELECT `username` FROM `edu_users` WHERE ( `id` = '95' ) LIMIT 1   [ RunTime:0.000904s ]
SQL: select uid,count(*) num from edu_library group by uid order by num desc limit 8 [ RunTime:0.001404s ]
SQL: SHOW COLUMNS FROM `edu_users` [ RunTime:0.002413s ]
NOTIC: [8192] preg_replace(): The /e modifier is deprecated, use preg_replace_callback instead H:\study\wamp64\www\online-study\ThinkPHP\Lib\Core\Db.class.php 第 604 行.
SQL: SELECT `username`,`picture` FROM `edu_users` WHERE ( `id` = 64 ) LIMIT 1   [ RunTime:0.002249s ]
SQL: SHOW COLUMNS FROM `edu_friend` [ RunTime:0.001643s ]
NOTIC: [8192] preg_replace(): The /e modifier is deprecated, use preg_replace_callback instead H:\study\wamp64\www\online-study\ThinkPHP\Lib\Core\Db.class.php 第 604 行.
SQL: SELECT COUNT(*) AS tp_count FROM `edu_friend` WHERE ( uid=64 ) LIMIT 1   [ RunTime:0.000897s ]
NOTIC: [8192] preg_replace(): The /e modifier is deprecated, use preg_replace_callback instead H:\study\wamp64\www\online-study\ThinkPHP\Lib\Core\Db.class.php 第 604 行.
SQL: SELECT `username`,`picture` FROM `edu_users` WHERE ( `id` = 61 ) LIMIT 1   [ RunTime:0.001115s ]
NOTIC: [8192] preg_replace(): The /e modifier is deprecated, use preg_replace_callback instead H:\study\wamp64\www\online-study\ThinkPHP\Lib\Core\Db.class.php 第 604 行.
SQL: SELECT COUNT(*) AS tp_count FROM `edu_friend` WHERE ( uid=61 ) LIMIT 1   [ RunTime:0.000791s ]
NOTIC: [8192] preg_replace(): The /e modifier is deprecated, use preg_replace_callback instead H:\study\wamp64\www\online-study\ThinkPHP\Lib\Core\Db.class.php 第 604 行.
SQL: SELECT `username`,`picture` FROM `edu_users` WHERE ( `id` = 70 ) LIMIT 1   [ RunTime:0.000800s ]
NOTIC: [8192] preg_replace(): The /e modifier is deprecated, use preg_replace_callback instead H:\study\wamp64\www\online-study\ThinkPHP\Lib\Core\Db.class.php 第 604 行.
SQL: SELECT COUNT(*) AS tp_count FROM `edu_friend` WHERE ( uid=70 ) LIMIT 1   [ RunTime:0.001172s ]
NOTIC: [8192] preg_replace(): The /e modifier is deprecated, use preg_replace_callback instead H:\study\wamp64\www\online-study\ThinkPHP\Lib\Core\Db.class.php 第 604 行.
SQL: SELECT `username`,`picture` FROM `edu_users` WHERE ( `id` = 95 ) LIMIT 1   [ RunTime:0.002031s ]
NOTIC: [8192] preg_replace(): The /e modifier is deprecated, use preg_replace_callback instead H:\study\wamp64\www\online-study\ThinkPHP\Lib\Core\Db.class.php 第 604 行.
SQL: SELECT COUNT(*) AS tp_count FROM `edu_friend` WHERE ( uid=95 ) LIMIT 1   [ RunTime:0.002199s ]
NOTIC: [8192] preg_replace(): The /e modifier is deprecated, use preg_replace_callback instead H:\study\wamp64\www\online-study\ThinkPHP\Lib\Core\Db.class.php 第 604 行.
SQL: SELECT `username`,`picture` FROM `edu_users` WHERE ( `id` = 67 ) LIMIT 1   [ RunTime:0.001896s ]
NOTIC: [8192] preg_replace(): The /e modifier is deprecated, use preg_replace_callback instead H:\study\wamp64\www\online-study\ThinkPHP\Lib\Core\Db.class.php 第 604 行.
SQL: SELECT COUNT(*) AS tp_count FROM `edu_friend` WHERE ( uid=67 ) LIMIT 1   [ RunTime:0.000871s ]
NOTIC: [8192] preg_replace(): The /e modifier is deprecated, use preg_replace_callback instead H:\study\wamp64\www\online-study\ThinkPHP\Lib\Core\Db.class.php 第 604 行.
SQL: SELECT `username`,`picture` FROM `edu_users` WHERE ( `id` = 63 ) LIMIT 1   [ RunTime:0.001297s ]
NOTIC: [8192] preg_replace(): The /e modifier is deprecated, use preg_replace_callback instead H:\study\wamp64\www\online-study\ThinkPHP\Lib\Core\Db.class.php 第 604 行.
SQL: SELECT COUNT(*) AS tp_count FROM `edu_friend` WHERE ( uid=63 ) LIMIT 1   [ RunTime:0.000940s ]
NOTIC: [8192] preg_replace(): The /e modifier is deprecated, use preg_replace_callback instead H:\study\wamp64\www\online-study\ThinkPHP\Lib\Core\Db.class.php 第 604 行.
SQL: SELECT `username`,`picture` FROM `edu_users` WHERE ( `id` = 68 ) LIMIT 1   [ RunTime:0.000917s ]
NOTIC: [8192] preg_replace(): The /e modifier is deprecated, use preg_replace_callback instead H:\study\wamp64\www\online-study\ThinkPHP\Lib\Core\Db.class.php 第 604 行.
SQL: SELECT COUNT(*) AS tp_count FROM `edu_friend` WHERE ( uid=68 ) LIMIT 1   [ RunTime:0.001294s ]
SQL: SHOW COLUMNS FROM `edu_video` [ RunTime:0.002323s ]
NOTIC: [8192] preg_replace(): The /e modifier is deprecated, use preg_replace_callback instead H:\study\wamp64\www\online-study\ThinkPHP\Lib\Core\Db.class.php 第 604 行.
SQL: SELECT * FROM `edu_video` ORDER BY addtime desc LIMIT 3   [ RunTime:0.003034s ]
NOTIC: [8192] preg_replace(): The /e modifier is deprecated, use preg_replace_callback instead H:\study\wamp64\www\online-study\ThinkPHP\Lib\Core\Db.class.php 第 604 行.
SQL: SELECT * FROM `edu_video` WHERE ( status=2 ) ORDER BY favonum desc LIMIT 8   [ RunTime:0.002088s ]
NOTIC: [8192] preg_replace(): The /e modifier is deprecated, use preg_replace_callback instead H:\study\wamp64\www\online-study\ThinkPHP\Lib\Core\Db.class.php 第 604 行.
SQL: SELECT * FROM `edu_video` WHERE ( status=2 ) ORDER BY clicknum desc LIMIT 10   [ RunTime:0.001417s ]
SQL: SHOW COLUMNS FROM `edu_cat` [ RunTime:0.001753s ]
NOTIC: [8192] preg_replace(): The /e modifier is deprecated, use preg_replace_callback instead H:\study\wamp64\www\online-study\ThinkPHP\Lib\Core\Db.class.php 第 604 行.
SQL: SELECT `id`,`name` FROM `edu_cat` WHERE ( pid=0 ) LIMIT 6   [ RunTime:0.000922s ]
NOTIC: [8192] preg_replace(): The /e modifier is deprecated, use preg_replace_callback instead H:\study\wamp64\www\online-study\ThinkPHP\Lib\Core\Db.class.php 第 604 行.
SQL: SELECT * FROM `edu_video` WHERE ( status=2 ) ORDER BY addtime desc LIMIT 5   [ RunTime:0.001109s ]
SQL: select nid,count(*) num from edu_zan where nid<>0 group by nid order by num desc limit 3 [ RunTime:0.001821s ]
SQL: SHOW COLUMNS FROM `edu_note` [ RunTime:0.001485s ]
ERR: 1146:Table 'edu002.edu_note' doesn't exist
 [ SQL语句 ] : SHOW COLUMNS FROM `edu_note`
NOTIC: [8192] preg_replace(): The /e modifier is deprecated, use preg_replace_callback instead H:\study\wamp64\www\online-study\ThinkPHP\Lib\Core\Db.class.php 第 604 行.
SQL: SELECT * FROM `edu_note` WHERE ( `id` = '23' ) LIMIT 1   [ RunTime:0.001011s ]
ERR: 1146:Table 'edu002.edu_note' doesn't exist
 [ SQL语句 ] : SELECT * FROM `edu_note` WHERE ( `id` = '23' ) LIMIT 1  
NOTIC: [8192] preg_replace(): The /e modifier is deprecated, use preg_replace_callback instead H:\study\wamp64\www\online-study\ThinkPHP\Lib\Core\Db.class.php 第 604 行.
SQL: SELECT `username` FROM `edu_users` LIMIT 1   [ RunTime:0.000781s ]
SQL: SHOW COLUMNS FROM `edu_video` [ RunTime:0.001547s ]
NOTIC: [8192] preg_replace(): The /e modifier is deprecated, use preg_replace_callback instead H:\study\wamp64\www\online-study\ThinkPHP\Lib\Core\Db.class.php 第 604 行.
SQL: SELECT `videoname` FROM `edu_video` LIMIT 1   [ RunTime:0.000886s ]
NOTIC: [8192] preg_replace(): The /e modifier is deprecated, use preg_replace_callback instead H:\study\wamp64\www\online-study\ThinkPHP\Lib\Core\Db.class.php 第 604 行.
SQL: SELECT * FROM `edu_note` WHERE ( `id` = '35' ) LIMIT 1   [ RunTime:0.000903s ]
ERR: 1146:Table 'edu002.edu_note' doesn't exist
 [ SQL语句 ] : SELECT * FROM `edu_note` WHERE ( `id` = '35' ) LIMIT 1  
NOTIC: [8192] preg_replace(): The /e modifier is deprecated, use preg_replace_callback instead H:\study\wamp64\www\online-study\ThinkPHP\Lib\Core\Db.class.php 第 604 行.
SQL: SELECT `username` FROM `edu_users` LIMIT 1   [ RunTime:0.000732s ]
NOTIC: [8192] preg_replace(): The /e modifier is deprecated, use preg_replace_callback instead H:\study\wamp64\www\online-study\ThinkPHP\Lib\Core\Db.class.php 第 604 行.
SQL: SELECT `videoname` FROM `edu_video` LIMIT 1   [ RunTime:0.000696s ]
NOTIC: [8192] preg_replace(): The /e modifier is deprecated, use preg_replace_callback instead H:\study\wamp64\www\online-study\ThinkPHP\Lib\Core\Db.class.php 第 604 行.
SQL: SELECT * FROM `edu_note` WHERE ( `id` = '38' ) LIMIT 1   [ RunTime:0.000750s ]
ERR: 1146:Table 'edu002.edu_note' doesn't exist
 [ SQL语句 ] : SELECT * FROM `edu_note` WHERE ( `id` = '38' ) LIMIT 1  
NOTIC: [8192] preg_replace(): The /e modifier is deprecated, use preg_replace_callback instead H:\study\wamp64\www\online-study\ThinkPHP\Lib\Core\Db.class.php 第 604 行.
SQL: SELECT `username` FROM `edu_users` LIMIT 1   [ RunTime:0.001139s ]
NOTIC: [8192] preg_replace(): The /e modifier is deprecated, use preg_replace_callback instead H:\study\wamp64\www\online-study\ThinkPHP\Lib\Core\Db.class.php 第 604 行.
SQL: SELECT `videoname` FROM `edu_video` LIMIT 1   [ RunTime:0.001416s ]
SQL: select uid,count(*) num from edu_note group by uid order by num desc limit 8 [ RunTime:0.002258s ]
ERR: 1146:Table 'edu002.edu_note' doesn't exist
 [ SQL语句 ] : select uid,count(*) num from edu_note group by uid order by num desc limit 8
NOTIC: [2] Invalid argument supplied for foreach() H:\study\wamp64\www\online-study\Home\Lib\Action\IndexAction.class.php 第 79 行.
SQL: SHOW COLUMNS FROM `edu_cat` [ RunTime:0.004420s ]
NOTIC: [8192] preg_replace(): The /e modifier is deprecated, use preg_replace_callback instead H:\study\wamp64\www\online-study\ThinkPHP\Lib\Core\Db.class.php 第 604 行.
SQL: SELECT `id`,`name` FROM `edu_cat` WHERE ( pid!=0 )  [ RunTime:0.001469s ]
SQL: SHOW COLUMNS FROM `bbs_message` [ RunTime:0.001781s ]
NOTIC: [8192] preg_replace(): The /e modifier is deprecated, use preg_replace_callback instead H:\study\wamp64\www\online-study\ThinkPHP\Lib\Core\Db.class.php 第 604 行.
SQL: SELECT `id`,`title` FROM `bbs_message` WHERE ( (`keyword` LIKE '11') OR (`keyword` LIKE '%,11') OR (`keyword` LIKE '11,%') OR (`keyword` LIKE '%,11,%') ) AND ( `status` = '1' ) ORDER BY addtime desc LIMIT 3   [ RunTime:0.001909s ]
NOTIC: [8192] preg_replace(): The /e modifier is deprecated, use preg_replace_callback instead H:\study\wamp64\www\online-study\ThinkPHP\Lib\Core\Db.class.php 第 604 行.
SQL: SELECT COUNT(*) AS tp_count FROM `bbs_message` WHERE ( (`keyword` LIKE '11') OR (`keyword` LIKE '%,11') OR (`keyword` LIKE '11,%') OR (`keyword` LIKE '%,11,%') ) AND ( `status` = '1' ) LIMIT 1   [ RunTime:0.001265s ]
NOTIC: [8192] preg_replace(): The /e modifier is deprecated, use preg_replace_callback instead H:\study\wamp64\www\online-study\ThinkPHP\Lib\Core\Db.class.php 第 604 行.
SQL: SELECT `id`,`title` FROM `bbs_message` WHERE ( (`keyword` LIKE '17') OR (`keyword` LIKE '%,17') OR (`keyword` LIKE '17,%') OR (`keyword` LIKE '%,17,%') ) AND ( `status` = '1' ) ORDER BY addtime desc LIMIT 3   [ RunTime:0.001168s ]
NOTIC: [8192] preg_replace(): The /e modifier is deprecated, use preg_replace_callback instead H:\study\wamp64\www\online-study\ThinkPHP\Lib\Core\Db.class.php 第 604 行.
SQL: SELECT COUNT(*) AS tp_count FROM `bbs_message` WHERE ( (`keyword` LIKE '17') OR (`keyword` LIKE '%,17') OR (`keyword` LIKE '17,%') OR (`keyword` LIKE '%,17,%') ) AND ( `status` = '1' ) LIMIT 1   [ RunTime:0.002034s ]
NOTIC: [8192] preg_replace(): The /e modifier is deprecated, use preg_replace_callback instead H:\study\wamp64\www\online-study\ThinkPHP\Lib\Core\Db.class.php 第 604 行.
SQL: SELECT `id`,`title` FROM `bbs_message` WHERE ( (`keyword` LIKE '15') OR (`keyword` LIKE '%,15') OR (`keyword` LIKE '15,%') OR (`keyword` LIKE '%,15,%') ) AND ( `status` = '1' ) ORDER BY addtime desc LIMIT 3   [ RunTime:0.002352s ]
NOTIC: [8192] preg_replace(): The /e modifier is deprecated, use preg_replace_callback instead H:\study\wamp64\www\online-study\ThinkPHP\Lib\Core\Db.class.php 第 604 行.
SQL: SELECT COUNT(*) AS tp_count FROM `bbs_message` WHERE ( (`keyword` LIKE '15') OR (`keyword` LIKE '%,15') OR (`keyword` LIKE '15,%') OR (`keyword` LIKE '%,15,%') ) AND ( `status` = '1' ) LIMIT 1   [ RunTime:0.001507s ]
NOTIC: [8192] preg_replace(): The /e modifier is deprecated, use preg_replace_callback instead H:\study\wamp64\www\online-study\ThinkPHP\Lib\Core\Db.class.php 第 604 行.
SQL: SELECT `id`,`title` FROM `bbs_message` WHERE ( (`keyword` LIKE '12') OR (`keyword` LIKE '%,12') OR (`keyword` LIKE '12,%') OR (`keyword` LIKE '%,12,%') ) AND ( `status` = '1' ) ORDER BY addtime desc LIMIT 3   [ RunTime:0.000987s ]
NOTIC: [8192] preg_replace(): The /e modifier is deprecated, use preg_replace_callback instead H:\study\wamp64\www\online-study\ThinkPHP\Lib\Core\Db.class.php 第 604 行.
SQL: SELECT COUNT(*) AS tp_count FROM `bbs_message` WHERE ( (`keyword` LIKE '12') OR (`keyword` LIKE '%,12') OR (`keyword` LIKE '12,%') OR (`keyword` LIKE '%,12,%') ) AND ( `status` = '1' ) LIMIT 1   [ RunTime:0.000859s ]
NOTIC: [8192] preg_replace(): The /e modifier is deprecated, use preg_replace_callback instead H:\study\wamp64\www\online-study\ThinkPHP\Lib\Core\Db.class.php 第 604 行.
SQL: SELECT `id`,`title` FROM `bbs_message` WHERE ( (`keyword` LIKE '19') OR (`keyword` LIKE '%,19') OR (`keyword` LIKE '19,%') OR (`keyword` LIKE '%,19,%') ) AND ( `status` = '1' ) ORDER BY addtime desc LIMIT 3   [ RunTime:0.001157s ]
NOTIC: [8192] preg_replace(): The /e modifier is deprecated, use preg_replace_callback instead H:\study\wamp64\www\online-study\ThinkPHP\Lib\Core\Db.class.php 第 604 行.
SQL: SELECT COUNT(*) AS tp_count FROM `bbs_message` WHERE ( (`keyword` LIKE '19') OR (`keyword` LIKE '%,19') OR (`keyword` LIKE '19,%') OR (`keyword` LIKE '%,19,%') ) AND ( `status` = '1' ) LIMIT 1   [ RunTime:0.000939s ]
NOTIC: [8192] preg_replace(): The /e modifier is deprecated, use preg_replace_callback instead H:\study\wamp64\www\online-study\ThinkPHP\Lib\Core\Db.class.php 第 604 行.
SQL: SELECT `id`,`title` FROM `bbs_message` WHERE ( (`keyword` LIKE '26') OR (`keyword` LIKE '%,26') OR (`keyword` LIKE '26,%') OR (`keyword` LIKE '%,26,%') ) AND ( `status` = '1' ) ORDER BY addtime desc LIMIT 3   [ RunTime:0.000862s ]
NOTIC: [8192] preg_replace(): The /e modifier is deprecated, use preg_replace_callback instead H:\study\wamp64\www\online-study\ThinkPHP\Lib\Core\Db.class.php 第 604 行.
SQL: SELECT COUNT(*) AS tp_count FROM `bbs_message` WHERE ( (`keyword` LIKE '26') OR (`keyword` LIKE '%,26') OR (`keyword` LIKE '26,%') OR (`keyword` LIKE '%,26,%') ) AND ( `status` = '1' ) LIMIT 1   [ RunTime:0.001227s ]
SQL: SHOW COLUMNS FROM `bbs_question` [ RunTime:0.001817s ]
NOTIC: [8192] preg_replace(): The /e modifier is deprecated, use preg_replace_callback instead H:\study\wamp64\www\online-study\ThinkPHP\Lib\Core\Db.class.php 第 604 行.
SQL: SELECT `id`,`uid`,`content` FROM `bbs_question` WHERE ( `status` = '1' ) AND ( `isbest` = '1' ) AND ( `replay` <> '' ) ORDER BY addtime desc LIMIT 6   [ RunTime:0.001330s ]
NOTIC: [8192] preg_replace(): The /e modifier is deprecated, use preg_replace_callback instead H:\study\wamp64\www\online-study\ThinkPHP\Lib\Core\Db.class.php 第 604 行.
SQL: SELECT `username`,`name` FROM `edu_users` WHERE ( `id` = 65 ) LIMIT 1   [ RunTime:0.000877s ]
NOTIC: [8192] preg_replace(): The /e modifier is deprecated, use preg_replace_callback instead H:\study\wamp64\www\online-study\ThinkPHP\Lib\Core\Db.class.php 第 604 行.
SQL: SELECT `username`,`name` FROM `edu_users` WHERE ( `id` = 93 ) LIMIT 1   [ RunTime:0.000751s ]
NOTIC: [8192] preg_replace(): The /e modifier is deprecated, use preg_replace_callback instead H:\study\wamp64\www\online-study\ThinkPHP\Lib\Core\Db.class.php 第 604 行.
SQL: SELECT `username`,`name` FROM `edu_users` WHERE ( `id` = 76 ) LIMIT 1   [ RunTime:0.000733s ]
NOTIC: [8192] preg_replace(): The /e modifier is deprecated, use preg_replace_callback instead H:\study\wamp64\www\online-study\ThinkPHP\Lib\Core\Db.class.php 第 604 行.
SQL: SELECT `username`,`name` FROM `edu_users` WHERE ( `id` = 74 ) LIMIT 1   [ RunTime:0.000703s ]
NOTIC: [8192] preg_replace(): The /e modifier is deprecated, use preg_replace_callback instead H:\study\wamp64\www\online-study\ThinkPHP\Lib\Core\Db.class.php 第 604 行.
SQL: SELECT `username`,`name` FROM `edu_users` WHERE ( `id` = 71 ) LIMIT 1   [ RunTime:0.000812s ]
NOTIC: [8192] preg_replace(): The /e modifier is deprecated, use preg_replace_callback instead H:\study\wamp64\www\online-study\ThinkPHP\Lib\Core\Db.class.php 第 604 行.
SQL: SELECT `username`,`name` FROM `edu_users` WHERE ( `id` = 69 ) LIMIT 1   [ RunTime:0.001057s ]
SQL: SHOW COLUMNS FROM `edu_flink` [ RunTime:0.001899s ]
NOTIC: [8192] preg_replace(): The /e modifier is deprecated, use preg_replace_callback instead H:\study\wamp64\www\online-study\ThinkPHP\Lib\Core\Db.class.php 第 604 行.
SQL: SELECT * FROM `edu_flink` WHERE ( status=2 )  [ RunTime:0.000880s ]
ERR: 1054:Unknown column 'status' in 'where clause'
 [ SQL语句 ] : SELECT * FROM `edu_flink` WHERE ( status=2 ) 
NOTIC: [8] Undefined index: user H:\study\wamp64\www\online-study\Home\Lib\Action\IndexAction.class.php 第 132 行.
INFO: [ view_parse ] --START--
NOTIC: [8] Undefined index: user H:\study\wamp64\www\online-study\Home\Runtime\Cache\a0df498f3fa8ed5d3704c11b76d93149f0b249f5.file.index.html.php 第 146 行.
NOTIC: [8] Undefined index: user H:\study\wamp64\www\online-study\Home\Runtime\Cache\a0df498f3fa8ed5d3704c11b76d93149f0b249f5.file.index.html.php 第 205 行.
INFO: ParseTemplate Behavior ::run [ RunTime:0.018628s ]
INFO: [ view_parse ] --END-- [ RunTime:0.018846s ]
INFO: [ view_filter ] --START--
INFO: ContentReplace Behavior ::run [ RunTime:0.001354s ]
INFO: TokenBuild Behavior ::run [ RunTime:0.000755s ]
INFO: WriteHtmlCache Behavior ::run [ RunTime:0.000477s ]
INFO: ShowRuntime Behavior ::run [ RunTime:0.000721s ]
INFO: [ view_filter ] --END-- [ RunTime:0.003700s ]
INFO: [ view_end ] --START--
INFO: ShowPageTrace Behavior ::run [ RunTime:0.004556s ]
INFO: [ view_end ] --END-- [ RunTime:0.004968s ]

