[ 2019-06-24T18:12:12+08:00 ] 127.0.0.1 /online-study/index
INFO: [ app_begin ] --START--
INFO: ReadHtmlCache Behavior ::run [ RunTime:0.002345s ]
INFO: [ app_begin ] --END-- [ RunTime:0.002717s ]
NOTIC: [8192] mysql_connect(): The mysql extension is deprecated and will be removed in the future: use mysqli or PDO instead H:\study\wamp64\www\online-study\ThinkPHP\Lib\Driver\Db\DbMysql.class.php 第 55 行.
SQL: SHOW COLUMNS FROM `edu_clicknum` [ RunTime:0.004696s ]
NOTIC: [8192] preg_replace(): The /e modifier is deprecated, use preg_replace_callback instead H:\study\wamp64\www\online-study\ThinkPHP\Lib\Core\Db.class.php 第 604 行.
SQL: SELECT * FROM `edu_clicknum` WHERE ( `id` = 1 ) LIMIT 1   [ RunTime:0.002851s ]
SQL: UPDATE `edu_clicknum` SET `clicknum`=1007,`clicktime`=1561371131 WHERE ( `id` = 1 ) [ RunTime:0.268094s ]
SQL: SHOW COLUMNS FROM `edu_notice` [ RunTime:0.001660s ]
NOTIC: [8192] preg_replace(): The /e modifier is deprecated, use preg_replace_callback instead H:\study\wamp64\www\online-study\ThinkPHP\Lib\Core\Db.class.php 第 604 行.
SQL: SELECT * FROM `edu_notice` ORDER BY addtime desc LIMIT 6   [ RunTime:0.001449s ]
SQL: SHOW COLUMNS FROM `edu_library` [ RunTime:0.001111s ]
NOTIC: [8192] preg_replace(): The /e modifier is deprecated, use preg_replace_callback instead H:\study\wamp64\www\online-study\ThinkPHP\Lib\Core\Db.class.php 第 604 行.
SQL: SELECT * FROM `edu_library` ORDER BY addtime desc LIMIT 3   [ RunTime:0.001472s ]
NOTIC: [8] Undefined index: _type H:\study\wamp64\www\online-study\ThinkPHP\Lib\Core\Model.class.php 第 583 行.
NOTIC: [8192] preg_replace(): The /e modifier is deprecated, use preg_replace_callback instead H:\study\wamp64\www\online-study\ThinkPHP\Lib\Core\Db.class.php 第 604 行.
SQL: SELECT `username` FROM `edu_users` WHERE ( `id` = '98' ) LIMIT 1   [ RunTime:0.001293s ]
NOTIC: [8] Undefined index: _type H:\study\wamp64\www\online-study\ThinkPHP\Lib\Core\Model.class.php 第 583 行.
NOTIC: [8192] preg_replace(): The /e modifier is deprecated, use preg_replace_callback instead H:\study\wamp64\www\online-study\ThinkPHP\Lib\Core\Db.class.php 第 604 行.
SQL: SELECT `username` FROM `edu_users` WHERE ( `id` = '98' ) LIMIT 1   [ RunTime:0.000804s ]
NOTIC: [8] Undefined index: _type H:\study\wamp64\www\online-study\ThinkPHP\Lib\Core\Model.class.php 第 583 行.
NOTIC: [8192] preg_replace(): The /e modifier is deprecated, use preg_replace_callback instead H:\study\wamp64\www\online-study\ThinkPHP\Lib\Core\Db.class.php 第 604 行.
SQL: SELECT `username` FROM `edu_users` WHERE ( `id` = '0' ) LIMIT 1   [ RunTime:0.000696s ]
NOTIC: [8192] preg_replace(): The /e modifier is deprecated, use preg_replace_callback instead H:\study\wamp64\www\online-study\ThinkPHP\Lib\Core\Db.class.php 第 604 行.
SQL: SELECT * FROM `edu_library` ORDER BY dwloadnum desc LIMIT 10   [ RunTime:0.001182s ]
NOTIC: [8] Undefined index: _type H:\study\wamp64\www\online-study\ThinkPHP\Lib\Core\Model.class.php 第 583 行.
NOTIC: [8192] preg_replace(): The /e modifier is deprecated, use preg_replace_callback instead H:\study\wamp64\www\online-study\ThinkPHP\Lib\Core\Db.class.php 第 604 行.
SQL: SELECT `username` FROM `edu_users` WHERE ( `id` = '70' ) LIMIT 1   [ RunTime:0.000792s ]
NOTIC: [8] Undefined index: _type H:\study\wamp64\www\online-study\ThinkPHP\Lib\Core\Model.class.php 第 583 行.
NOTIC: [8192] preg_replace(): The /e modifier is deprecated, use preg_replace_callback instead H:\study\wamp64\www\online-study\ThinkPHP\Lib\Core\Db.class.php 第 604 行.
SQL: SELECT `username` FROM `edu_users` WHERE ( `id` = '67' ) LIMIT 1   [ RunTime:0.000736s ]
NOTIC: [8] Undefined index: _type H:\study\wamp64\www\online-study\ThinkPHP\Lib\Core\Model.class.php 第 583 行.
NOTIC: [8192] preg_replace(): The /e modifier is deprecated, use preg_replace_callback instead H:\study\wamp64\www\online-study\ThinkPHP\Lib\Core\Db.class.php 第 604 行.
SQL: SELECT `username` FROM `edu_users` WHERE ( `id` = '98' ) LIMIT 1   [ RunTime:0.000648s ]
NOTIC: [8] Undefined index: _type H:\study\wamp64\www\online-study\ThinkPHP\Lib\Core\Model.class.php 第 583 行.
NOTIC: [8192] preg_replace(): The /e modifier is deprecated, use preg_replace_callback instead H:\study\wamp64\www\online-study\ThinkPHP\Lib\Core\Db.class.php 第 604 行.
SQL: SELECT `username` FROM `edu_users` WHERE ( `id` = '64' ) LIMIT 1   [ RunTime:0.000624s ]
NOTIC: [8] Undefined index: _type H:\study\wamp64\www\online-study\ThinkPHP\Lib\Core\Model.class.php 第 583 行.
NOTIC: [8192] preg_replace(): The /e modifier is deprecated, use preg_replace_callback instead H:\study\wamp64\www\online-study\ThinkPHP\Lib\Core\Db.class.php 第 604 行.
SQL: SELECT `username` FROM `edu_users` WHERE ( `id` = '64' ) LIMIT 1   [ RunTime:0.000626s ]
NOTIC: [8] Undefined index: _type H:\study\wamp64\www\online-study\ThinkPHP\Lib\Core\Model.class.php 第 583 行.
NOTIC: [8192] preg_replace(): The /e modifier is deprecated, use preg_replace_callback instead H:\study\wamp64\www\online-study\ThinkPHP\Lib\Core\Db.class.php 第 604 行.
SQL: SELECT `username` FROM `edu_users` WHERE ( `id` = '63' ) LIMIT 1   [ RunTime:0.000598s ]
NOTIC: [8] Undefined index: _type H:\study\wamp64\www\online-study\ThinkPHP\Lib\Core\Model.class.php 第 583 行.
NOTIC: [8192] preg_replace(): The /e modifier is deprecated, use preg_replace_callback instead H:\study\wamp64\www\online-study\ThinkPHP\Lib\Core\Db.class.php 第 604 行.
SQL: SELECT `username` FROM `edu_users` WHERE ( `id` = '61' ) LIMIT 1   [ RunTime:0.000761s ]
NOTIC: [8] Undefined index: _type H:\study\wamp64\www\online-study\ThinkPHP\Lib\Core\Model.class.php 第 583 行.
NOTIC: [8192] preg_replace(): The /e modifier is deprecated, use preg_replace_callback instead H:\study\wamp64\www\online-study\ThinkPHP\Lib\Core\Db.class.php 第 604 行.
SQL: SELECT `username` FROM `edu_users` WHERE ( `id` = '61' ) LIMIT 1   [ RunTime:0.001301s ]
NOTIC: [8] Undefined index: _type H:\study\wamp64\www\online-study\ThinkPHP\Lib\Core\Model.class.php 第 583 行.
NOTIC: [8192] preg_replace(): The /e modifier is deprecated, use preg_replace_callback instead H:\study\wamp64\www\online-study\ThinkPHP\Lib\Core\Db.class.php 第 604 行.
SQL: SELECT `username` FROM `edu_users` WHERE ( `id` = '68' ) LIMIT 1   [ RunTime:0.000800s ]
NOTIC: [8] Undefined index: _type H:\study\wamp64\www\online-study\ThinkPHP\Lib\Core\Model.class.php 第 583 行.
NOTIC: [8192] preg_replace(): The /e modifier is deprecated, use preg_replace_callback instead H:\study\wamp64\www\online-study\ThinkPHP\Lib\Core\Db.class.php 第 604 行.
SQL: SELECT `username` FROM `edu_users` WHERE ( `id` = '70' ) LIMIT 1   [ RunTime:0.000990s ]
SQL: select uid,count(*) num from edu_library group by uid order by num desc limit 8 [ RunTime:0.001131s ]
SQL: SHOW COLUMNS FROM `edu_users` [ RunTime:0.001109s ]
NOTIC: [8192] preg_replace(): The /e modifier is deprecated, use preg_replace_callback instead H:\study\wamp64\www\online-study\ThinkPHP\Lib\Core\Db.class.php 第 604 行.
SQL: SELECT `username`,`picture` FROM `edu_users` WHERE ( `id` = 98 ) LIMIT 1   [ RunTime:0.000719s ]
SQL: SHOW COLUMNS FROM `edu_friend` [ RunTime:0.000978s ]
NOTIC: [8192] preg_replace(): The /e modifier is deprecated, use preg_replace_callback instead H:\study\wamp64\www\online-study\ThinkPHP\Lib\Core\Db.class.php 第 604 行.
SQL: SELECT COUNT(*) AS tp_count FROM `edu_friend` WHERE ( uid=98 ) LIMIT 1   [ RunTime:0.008417s ]
NOTIC: [8192] preg_replace(): The /e modifier is deprecated, use preg_replace_callback instead H:\study\wamp64\www\online-study\ThinkPHP\Lib\Core\Db.class.php 第 604 行.
SQL: SELECT `username`,`picture` FROM `edu_users` WHERE ( `id` = 61 ) LIMIT 1   [ RunTime:0.000765s ]
NOTIC: [8192] preg_replace(): The /e modifier is deprecated, use preg_replace_callback instead H:\study\wamp64\www\online-study\ThinkPHP\Lib\Core\Db.class.php 第 604 行.
SQL: SELECT COUNT(*) AS tp_count FROM `edu_friend` WHERE ( uid=61 ) LIMIT 1   [ RunTime:0.000640s ]
NOTIC: [8192] preg_replace(): The /e modifier is deprecated, use preg_replace_callback instead H:\study\wamp64\www\online-study\ThinkPHP\Lib\Core\Db.class.php 第 604 行.
SQL: SELECT `username`,`picture` FROM `edu_users` WHERE ( `id` = 70 ) LIMIT 1   [ RunTime:0.000672s ]
NOTIC: [8192] preg_replace(): The /e modifier is deprecated, use preg_replace_callback instead H:\study\wamp64\www\online-study\ThinkPHP\Lib\Core\Db.class.php 第 604 行.
SQL: SELECT COUNT(*) AS tp_count FROM `edu_friend` WHERE ( uid=70 ) LIMIT 1   [ RunTime:0.001191s ]
NOTIC: [8192] preg_replace(): The /e modifier is deprecated, use preg_replace_callback instead H:\study\wamp64\www\online-study\ThinkPHP\Lib\Core\Db.class.php 第 604 行.
SQL: SELECT `username`,`picture` FROM `edu_users` WHERE ( `id` = 95 ) LIMIT 1   [ RunTime:0.000833s ]
NOTIC: [8192] preg_replace(): The /e modifier is deprecated, use preg_replace_callback instead H:\study\wamp64\www\online-study\ThinkPHP\Lib\Core\Db.class.php 第 604 行.
SQL: SELECT COUNT(*) AS tp_count FROM `edu_friend` WHERE ( uid=95 ) LIMIT 1   [ RunTime:0.000655s ]
NOTIC: [8192] preg_replace(): The /e modifier is deprecated, use preg_replace_callback instead H:\study\wamp64\www\online-study\ThinkPHP\Lib\Core\Db.class.php 第 604 行.
SQL: SELECT `username`,`picture` FROM `edu_users` WHERE ( `id` = 0 ) LIMIT 1   [ RunTime:0.000570s ]
NOTIC: [8192] preg_replace(): The /e modifier is deprecated, use preg_replace_callback instead H:\study\wamp64\www\online-study\ThinkPHP\Lib\Core\Db.class.php 第 604 行.
SQL: SELECT COUNT(*) AS tp_count FROM `edu_friend` WHERE ( uid=0 ) LIMIT 1   [ RunTime:0.000610s ]
NOTIC: [8192] preg_replace(): The /e modifier is deprecated, use preg_replace_callback instead H:\study\wamp64\www\online-study\ThinkPHP\Lib\Core\Db.class.php 第 604 行.
SQL: SELECT `username`,`picture` FROM `edu_users` WHERE ( `id` = 64 ) LIMIT 1   [ RunTime:0.000622s ]
NOTIC: [8192] preg_replace(): The /e modifier is deprecated, use preg_replace_callback instead H:\study\wamp64\www\online-study\ThinkPHP\Lib\Core\Db.class.php 第 604 行.
SQL: SELECT COUNT(*) AS tp_count FROM `edu_friend` WHERE ( uid=64 ) LIMIT 1   [ RunTime:0.000632s ]
NOTIC: [8192] preg_replace(): The /e modifier is deprecated, use preg_replace_callback instead H:\study\wamp64\www\online-study\ThinkPHP\Lib\Core\Db.class.php 第 604 行.
SQL: SELECT `username`,`picture` FROM `edu_users` WHERE ( `id` = 68 ) LIMIT 1   [ RunTime:0.000559s ]
NOTIC: [8192] preg_replace(): The /e modifier is deprecated, use preg_replace_callback instead H:\study\wamp64\www\online-study\ThinkPHP\Lib\Core\Db.class.php 第 604 行.
SQL: SELECT COUNT(*) AS tp_count FROM `edu_friend` WHERE ( uid=68 ) LIMIT 1   [ RunTime:0.000688s ]
NOTIC: [8192] preg_replace(): The /e modifier is deprecated, use preg_replace_callback instead H:\study\wamp64\www\online-study\ThinkPHP\Lib\Core\Db.class.php 第 604 行.
SQL: SELECT `username`,`picture` FROM `edu_users` WHERE ( `id` = 67 ) LIMIT 1   [ RunTime:0.000816s ]
NOTIC: [8192] preg_replace(): The /e modifier is deprecated, use preg_replace_callback instead H:\study\wamp64\www\online-study\ThinkPHP\Lib\Core\Db.class.php 第 604 行.
SQL: SELECT COUNT(*) AS tp_count FROM `edu_friend` WHERE ( uid=67 ) LIMIT 1   [ RunTime:0.000778s ]
SQL: SHOW COLUMNS FROM `edu_video` [ RunTime:0.001247s ]
NOTIC: [8192] preg_replace(): The /e modifier is deprecated, use preg_replace_callback instead H:\study\wamp64\www\online-study\ThinkPHP\Lib\Core\Db.class.php 第 604 行.
SQL: SELECT * FROM `edu_video` ORDER BY addtime desc LIMIT 3   [ RunTime:0.009164s ]
NOTIC: [8192] preg_replace(): The /e modifier is deprecated, use preg_replace_callback instead H:\study\wamp64\www\online-study\ThinkPHP\Lib\Core\Db.class.php 第 604 行.
SQL: SELECT * FROM `edu_video` WHERE ( status=2 ) ORDER BY favonum desc LIMIT 8   [ RunTime:0.000931s ]
NOTIC: [8192] preg_replace(): The /e modifier is deprecated, use preg_replace_callback instead H:\study\wamp64\www\online-study\ThinkPHP\Lib\Core\Db.class.php 第 604 行.
SQL: SELECT * FROM `edu_video` WHERE ( status=2 ) ORDER BY clicknum desc LIMIT 10   [ RunTime:0.001016s ]
SQL: SHOW COLUMNS FROM `edu_cat` [ RunTime:0.001419s ]
NOTIC: [8192] preg_replace(): The /e modifier is deprecated, use preg_replace_callback instead H:\study\wamp64\www\online-study\ThinkPHP\Lib\Core\Db.class.php 第 604 行.
SQL: SELECT `id`,`name` FROM `edu_cat` WHERE ( pid=0 ) LIMIT 6   [ RunTime:0.000891s ]
NOTIC: [8192] preg_replace(): The /e modifier is deprecated, use preg_replace_callback instead H:\study\wamp64\www\online-study\ThinkPHP\Lib\Core\Db.class.php 第 604 行.
SQL: SELECT * FROM `edu_video` WHERE ( status=2 ) ORDER BY addtime desc LIMIT 5   [ RunTime:0.001116s ]
SQL: select nid,count(*) num from edu_zan where nid<>0 group by nid order by num desc limit 3 [ RunTime:0.011236s ]
SQL: SHOW COLUMNS FROM `edu_note` [ RunTime:0.019923s ]
ERR: 1146:Table 'edu002.edu_note' doesn't exist
 [ SQL语句 ] : SHOW COLUMNS FROM `edu_note`
NOTIC: [8192] preg_replace(): The /e modifier is deprecated, use preg_replace_callback instead H:\study\wamp64\www\online-study\ThinkPHP\Lib\Core\Db.class.php 第 604 行.
SQL: SELECT * FROM `edu_note` WHERE ( `id` = '23' ) LIMIT 1   [ RunTime:0.000950s ]
ERR: 1146:Table 'edu002.edu_note' doesn't exist
 [ SQL语句 ] : SELECT * FROM `edu_note` WHERE ( `id` = '23' ) LIMIT 1  
NOTIC: [8192] preg_replace(): The /e modifier is deprecated, use preg_replace_callback instead H:\study\wamp64\www\online-study\ThinkPHP\Lib\Core\Db.class.php 第 604 行.
SQL: SELECT `username` FROM `edu_users` LIMIT 1   [ RunTime:0.001021s ]
SQL: SHOW COLUMNS FROM `edu_video` [ RunTime:0.001727s ]
NOTIC: [8192] preg_replace(): The /e modifier is deprecated, use preg_replace_callback instead H:\study\wamp64\www\online-study\ThinkPHP\Lib\Core\Db.class.php 第 604 行.
SQL: SELECT `videoname` FROM `edu_video` LIMIT 1   [ RunTime:0.001297s ]
NOTIC: [8192] preg_replace(): The /e modifier is deprecated, use preg_replace_callback instead H:\study\wamp64\www\online-study\ThinkPHP\Lib\Core\Db.class.php 第 604 行.
SQL: SELECT * FROM `edu_note` WHERE ( `id` = '35' ) LIMIT 1   [ RunTime:0.000794s ]
ERR: 1146:Table 'edu002.edu_note' doesn't exist
 [ SQL语句 ] : SELECT * FROM `edu_note` WHERE ( `id` = '35' ) LIMIT 1  
NOTIC: [8192] preg_replace(): The /e modifier is deprecated, use preg_replace_callback instead H:\study\wamp64\www\online-study\ThinkPHP\Lib\Core\Db.class.php 第 604 行.
SQL: SELECT `username` FROM `edu_users` LIMIT 1   [ RunTime:0.000704s ]
NOTIC: [8192] preg_replace(): The /e modifier is deprecated, use preg_replace_callback instead H:\study\wamp64\www\online-study\ThinkPHP\Lib\Core\Db.class.php 第 604 行.
SQL: SELECT `videoname` FROM `edu_video` LIMIT 1   [ RunTime:0.000636s ]
NOTIC: [8192] preg_replace(): The /e modifier is deprecated, use preg_replace_callback instead H:\study\wamp64\www\online-study\ThinkPHP\Lib\Core\Db.class.php 第 604 行.
SQL: SELECT * FROM `edu_note` WHERE ( `id` = '38' ) LIMIT 1   [ RunTime:0.000693s ]
ERR: 1146:Table 'edu002.edu_note' doesn't exist
 [ SQL语句 ] : SELECT * FROM `edu_note` WHERE ( `id` = '38' ) LIMIT 1  
NOTIC: [8192] preg_replace(): The /e modifier is deprecated, use preg_replace_callback instead H:\study\wamp64\www\online-study\ThinkPHP\Lib\Core\Db.class.php 第 604 行.
SQL: SELECT `username` FROM `edu_users` LIMIT 1   [ RunTime:0.000920s ]
NOTIC: [8192] preg_replace(): The /e modifier is deprecated, use preg_replace_callback instead H:\study\wamp64\www\online-study\ThinkPHP\Lib\Core\Db.class.php 第 604 行.
SQL: SELECT `videoname` FROM `edu_video` LIMIT 1   [ RunTime:0.001219s ]
SQL: select uid,count(*) num from edu_note group by uid order by num desc limit 8 [ RunTime:0.000964s ]
ERR: 1146:Table 'edu002.edu_note' doesn't exist
 [ SQL语句 ] : select uid,count(*) num from edu_note group by uid order by num desc limit 8
NOTIC: [2] Invalid argument supplied for foreach() H:\study\wamp64\www\online-study\Home\Lib\Action\IndexAction.class.php 第 79 行.
SQL: SHOW COLUMNS FROM `edu_cat` [ RunTime:0.001198s ]
NOTIC: [8192] preg_replace(): The /e modifier is deprecated, use preg_replace_callback instead H:\study\wamp64\www\online-study\ThinkPHP\Lib\Core\Db.class.php 第 604 行.
SQL: SELECT `id`,`name` FROM `edu_cat` WHERE ( pid!=0 )  [ RunTime:0.000956s ]
SQL: SHOW COLUMNS FROM `bbs_message` [ RunTime:0.001363s ]
NOTIC: [8192] preg_replace(): The /e modifier is deprecated, use preg_replace_callback instead H:\study\wamp64\www\online-study\ThinkPHP\Lib\Core\Db.class.php 第 604 行.
SQL: SELECT `id`,`title` FROM `bbs_message` WHERE ( (`keyword` LIKE '13') OR (`keyword` LIKE '%,13') OR (`keyword` LIKE '13,%') OR (`keyword` LIKE '%,13,%') ) AND ( `status` = '1' ) ORDER BY addtime desc LIMIT 3   [ RunTime:0.000865s ]
NOTIC: [8192] preg_replace(): The /e modifier is deprecated, use preg_replace_callback instead H:\study\wamp64\www\online-study\ThinkPHP\Lib\Core\Db.class.php 第 604 行.
SQL: SELECT COUNT(*) AS tp_count FROM `bbs_message` WHERE ( (`keyword` LIKE '13') OR (`keyword` LIKE '%,13') OR (`keyword` LIKE '13,%') OR (`keyword` LIKE '%,13,%') ) AND ( `status` = '1' ) LIMIT 1   [ RunTime:0.000799s ]
NOTIC: [8192] preg_replace(): The /e modifier is deprecated, use preg_replace_callback instead H:\study\wamp64\www\online-study\ThinkPHP\Lib\Core\Db.class.php 第 604 行.
SQL: SELECT `id`,`title` FROM `bbs_message` WHERE ( (`keyword` LIKE '23') OR (`keyword` LIKE '%,23') OR (`keyword` LIKE '23,%') OR (`keyword` LIKE '%,23,%') ) AND ( `status` = '1' ) ORDER BY addtime desc LIMIT 3   [ RunTime:0.000761s ]
NOTIC: [8192] preg_replace(): The /e modifier is deprecated, use preg_replace_callback instead H:\study\wamp64\www\online-study\ThinkPHP\Lib\Core\Db.class.php 第 604 行.
SQL: SELECT COUNT(*) AS tp_count FROM `bbs_message` WHERE ( (`keyword` LIKE '23') OR (`keyword` LIKE '%,23') OR (`keyword` LIKE '23,%') OR (`keyword` LIKE '%,23,%') ) AND ( `status` = '1' ) LIMIT 1   [ RunTime:0.000696s ]
NOTIC: [8192] preg_replace(): The /e modifier is deprecated, use preg_replace_callback instead H:\study\wamp64\www\online-study\ThinkPHP\Lib\Core\Db.class.php 第 604 行.
SQL: SELECT `id`,`title` FROM `bbs_message` WHERE ( (`keyword` LIKE '9') OR (`keyword` LIKE '%,9') OR (`keyword` LIKE '9,%') OR (`keyword` LIKE '%,9,%') ) AND ( `status` = '1' ) ORDER BY addtime desc LIMIT 3   [ RunTime:0.000750s ]
NOTIC: [8192] preg_replace(): The /e modifier is deprecated, use preg_replace_callback instead H:\study\wamp64\www\online-study\ThinkPHP\Lib\Core\Db.class.php 第 604 行.
SQL: SELECT COUNT(*) AS tp_count FROM `bbs_message` WHERE ( (`keyword` LIKE '9') OR (`keyword` LIKE '%,9') OR (`keyword` LIKE '9,%') OR (`keyword` LIKE '%,9,%') ) AND ( `status` = '1' ) LIMIT 1   [ RunTime:0.001571s ]
NOTIC: [8192] preg_replace(): The /e modifier is deprecated, use preg_replace_callback instead H:\study\wamp64\www\online-study\ThinkPHP\Lib\Core\Db.class.php 第 604 行.
SQL: SELECT `id`,`title` FROM `bbs_message` WHERE ( (`keyword` LIKE '10') OR (`keyword` LIKE '%,10') OR (`keyword` LIKE '10,%') OR (`keyword` LIKE '%,10,%') ) AND ( `status` = '1' ) ORDER BY addtime desc LIMIT 3   [ RunTime:0.001212s ]
NOTIC: [8192] preg_replace(): The /e modifier is deprecated, use preg_replace_callback instead H:\study\wamp64\www\online-study\ThinkPHP\Lib\Core\Db.class.php 第 604 行.
SQL: SELECT COUNT(*) AS tp_count FROM `bbs_message` WHERE ( (`keyword` LIKE '10') OR (`keyword` LIKE '%,10') OR (`keyword` LIKE '10,%') OR (`keyword` LIKE '%,10,%') ) AND ( `status` = '1' ) LIMIT 1   [ RunTime:0.000971s ]
NOTIC: [8192] preg_replace(): The /e modifier is deprecated, use preg_replace_callback instead H:\study\wamp64\www\online-study\ThinkPHP\Lib\Core\Db.class.php 第 604 行.
SQL: SELECT `id`,`title` FROM `bbs_message` WHERE ( (`keyword` LIKE '19') OR (`keyword` LIKE '%,19') OR (`keyword` LIKE '19,%') OR (`keyword` LIKE '%,19,%') ) AND ( `status` = '1' ) ORDER BY addtime desc LIMIT 3   [ RunTime:0.000914s ]
NOTIC: [8192] preg_replace(): The /e modifier is deprecated, use preg_replace_callback instead H:\study\wamp64\www\online-study\ThinkPHP\Lib\Core\Db.class.php 第 604 行.
SQL: SELECT COUNT(*) AS tp_count FROM `bbs_message` WHERE ( (`keyword` LIKE '19') OR (`keyword` LIKE '%,19') OR (`keyword` LIKE '19,%') OR (`keyword` LIKE '%,19,%') ) AND ( `status` = '1' ) LIMIT 1   [ RunTime:0.000816s ]
NOTIC: [8192] preg_replace(): The /e modifier is deprecated, use preg_replace_callback instead H:\study\wamp64\www\online-study\ThinkPHP\Lib\Core\Db.class.php 第 604 行.
SQL: SELECT `id`,`title` FROM `bbs_message` WHERE ( (`keyword` LIKE '14') OR (`keyword` LIKE '%,14') OR (`keyword` LIKE '14,%') OR (`keyword` LIKE '%,14,%') ) AND ( `status` = '1' ) ORDER BY addtime desc LIMIT 3   [ RunTime:0.000766s ]
NOTIC: [8192] preg_replace(): The /e modifier is deprecated, use preg_replace_callback instead H:\study\wamp64\www\online-study\ThinkPHP\Lib\Core\Db.class.php 第 604 行.
SQL: SELECT COUNT(*) AS tp_count FROM `bbs_message` WHERE ( (`keyword` LIKE '14') OR (`keyword` LIKE '%,14') OR (`keyword` LIKE '14,%') OR (`keyword` LIKE '%,14,%') ) AND ( `status` = '1' ) LIMIT 1   [ RunTime:0.000731s ]
SQL: SHOW COLUMNS FROM `bbs_question` [ RunTime:0.001261s ]
NOTIC: [8192] preg_replace(): The /e modifier is deprecated, use preg_replace_callback instead H:\study\wamp64\www\online-study\ThinkPHP\Lib\Core\Db.class.php 第 604 行.
SQL: SELECT `id`,`uid`,`content` FROM `bbs_question` WHERE ( `status` = '1' ) AND ( `isbest` = '1' ) AND ( `replay` <> '' ) ORDER BY addtime desc LIMIT 6   [ RunTime:0.009645s ]
NOTIC: [8192] preg_replace(): The /e modifier is deprecated, use preg_replace_callback instead H:\study\wamp64\www\online-study\ThinkPHP\Lib\Core\Db.class.php 第 604 行.
SQL: SELECT `username`,`name` FROM `edu_users` WHERE ( `id` = 65 ) LIMIT 1   [ RunTime:0.000760s ]
NOTIC: [8192] preg_replace(): The /e modifier is deprecated, use preg_replace_callback instead H:\study\wamp64\www\online-study\ThinkPHP\Lib\Core\Db.class.php 第 604 行.
SQL: SELECT `username`,`name` FROM `edu_users` WHERE ( `id` = 93 ) LIMIT 1   [ RunTime:0.000580s ]
NOTIC: [8192] preg_replace(): The /e modifier is deprecated, use preg_replace_callback instead H:\study\wamp64\www\online-study\ThinkPHP\Lib\Core\Db.class.php 第 604 行.
SQL: SELECT `username`,`name` FROM `edu_users` WHERE ( `id` = 76 ) LIMIT 1   [ RunTime:0.000623s ]
NOTIC: [8192] preg_replace(): The /e modifier is deprecated, use preg_replace_callback instead H:\study\wamp64\www\online-study\ThinkPHP\Lib\Core\Db.class.php 第 604 行.
SQL: SELECT `username`,`name` FROM `edu_users` WHERE ( `id` = 74 ) LIMIT 1   [ RunTime:0.000587s ]
NOTIC: [8192] preg_replace(): The /e modifier is deprecated, use preg_replace_callback instead H:\study\wamp64\www\online-study\ThinkPHP\Lib\Core\Db.class.php 第 604 行.
SQL: SELECT `username`,`name` FROM `edu_users` WHERE ( `id` = 71 ) LIMIT 1   [ RunTime:0.000579s ]
NOTIC: [8192] preg_replace(): The /e modifier is deprecated, use preg_replace_callback instead H:\study\wamp64\www\online-study\ThinkPHP\Lib\Core\Db.class.php 第 604 行.
SQL: SELECT `username`,`name` FROM `edu_users` WHERE ( `id` = 69 ) LIMIT 1   [ RunTime:0.000552s ]
SQL: SHOW COLUMNS FROM `edu_flink` [ RunTime:0.001395s ]
NOTIC: [8192] preg_replace(): The /e modifier is deprecated, use preg_replace_callback instead H:\study\wamp64\www\online-study\ThinkPHP\Lib\Core\Db.class.php 第 604 行.
SQL: SELECT * FROM `edu_flink` WHERE ( status=2 )  [ RunTime:0.001205s ]
ERR: 1054:Unknown column 'status' in 'where clause'
 [ SQL语句 ] : SELECT * FROM `edu_flink` WHERE ( status=2 ) 
NOTIC: [8] Undefined index: user H:\study\wamp64\www\online-study\Home\Lib\Action\IndexAction.class.php 第 132 行.
INFO: [ view_parse ] --START--
NOTIC: [8] Undefined index: user H:\study\wamp64\www\online-study\Home\Runtime\Cache\a0df498f3fa8ed5d3704c11b76d93149f0b249f5.file.index.html.php 第 126 行.
NOTIC: [8] Undefined index: user H:\study\wamp64\www\online-study\Home\Runtime\Cache\a0df498f3fa8ed5d3704c11b76d93149f0b249f5.file.index.html.php 第 185 行.
INFO: ParseTemplate Behavior ::run [ RunTime:0.010981s ]
INFO: [ view_parse ] --END-- [ RunTime:0.011115s ]
INFO: [ view_filter ] --START--
INFO: ContentReplace Behavior ::run [ RunTime:0.000698s ]
INFO: TokenBuild Behavior ::run [ RunTime:0.000595s ]
INFO: WriteHtmlCache Behavior ::run [ RunTime:0.000417s ]
INFO: ShowRuntime Behavior ::run [ RunTime:0.000538s ]
INFO: [ view_filter ] --END-- [ RunTime:0.002551s ]
INFO: [ view_end ] --START--
INFO: ShowPageTrace Behavior ::run [ RunTime:0.001211s ]
INFO: [ view_end ] --END-- [ RunTime:0.001450s ]

[ 2019-06-24T18:12:14+08:00 ] 127.0.0.1 /online-study/index.php/Library/index
INFO: [ route_check ] --START--
INFO: CheckRoute Behavior ::run [ RunTime:0.001186s ]
INFO: [ route_check ] --END-- [ RunTime:0.001316s ]
NOTIC: [8192] preg_replace(): The /e modifier is deprecated, use preg_replace_callback instead H:\study\wamp64\www\online-study\ThinkPHP\Lib\Core\Dispatcher.class.php 第 132 行.
INFO: [ app_begin ] --START--
INFO: ReadHtmlCache Behavior ::run [ RunTime:0.001051s ]
INFO: [ app_begin ] --END-- [ RunTime:0.001207s ]
NOTIC: [8192] mysql_connect(): The mysql extension is deprecated and will be removed in the future: use mysqli or PDO instead H:\study\wamp64\www\online-study\ThinkPHP\Lib\Driver\Db\DbMysql.class.php 第 55 行.
SQL: SHOW COLUMNS FROM `edu_library` [ RunTime:0.001679s ]
NOTIC: [8] Undefined index: q H:\study\wamp64\www\online-study\Home\Lib\Action\LibraryAction.class.php 第 60 行.
NOTIC: [8192] preg_replace(): The /e modifier is deprecated, use preg_replace_callback instead H:\study\wamp64\www\online-study\ThinkPHP\Lib\Core\Db.class.php 第 604 行.
SQL: SELECT COUNT(*) AS tp_count FROM `edu_library` WHERE ( `status` = '2' ) AND ( `title` LIKE '%%' ) LIMIT 1   [ RunTime:0.001259s ]
NOTIC: [8192] preg_replace(): The /e modifier is deprecated, use preg_replace_callback instead H:\study\wamp64\www\online-study\ThinkPHP\Lib\Core\Db.class.php 第 604 行.
SQL: SELECT * FROM `edu_library` WHERE ( `status` = '2' ) AND ( `title` LIKE '%%' ) ORDER BY clicknum desc LIMIT 0,5   [ RunTime:0.001290s ]
NOTIC: [8] Undefined index: _type H:\study\wamp64\www\online-study\ThinkPHP\Lib\Core\Model.class.php 第 583 行.
NOTIC: [8192] preg_replace(): The /e modifier is deprecated, use preg_replace_callback instead H:\study\wamp64\www\online-study\ThinkPHP\Lib\Core\Db.class.php 第 604 行.
SQL: SELECT `username`,`picture` FROM `edu_users` WHERE ( `id` = '67' ) LIMIT 1   [ RunTime:0.001124s ]
NOTIC: [2048] Only variables should be passed by reference H:\study\wamp64\www\online-study\Home\Lib\Action\LibraryAction.class.php 第 76 行.
NOTIC: [8] Undefined index: _type H:\study\wamp64\www\online-study\ThinkPHP\Lib\Core\Model.class.php 第 583 行.
NOTIC: [8192] preg_replace(): The /e modifier is deprecated, use preg_replace_callback instead H:\study\wamp64\www\online-study\ThinkPHP\Lib\Core\Db.class.php 第 604 行.
SQL: SELECT `username`,`picture` FROM `edu_users` WHERE ( `id` = '64' ) LIMIT 1   [ RunTime:0.000900s ]
NOTIC: [2048] Only variables should be passed by reference H:\study\wamp64\www\online-study\Home\Lib\Action\LibraryAction.class.php 第 76 行.
NOTIC: [8] Undefined index: _type H:\study\wamp64\www\online-study\ThinkPHP\Lib\Core\Model.class.php 第 583 行.
NOTIC: [8192] preg_replace(): The /e modifier is deprecated, use preg_replace_callback instead H:\study\wamp64\www\online-study\ThinkPHP\Lib\Core\Db.class.php 第 604 行.
SQL: SELECT `username`,`picture` FROM `edu_users` WHERE ( `id` = '98' ) LIMIT 1   [ RunTime:0.000808s ]
NOTIC: [2048] Only variables should be passed by reference H:\study\wamp64\www\online-study\Home\Lib\Action\LibraryAction.class.php 第 76 行.
NOTIC: [8] Undefined index: _type H:\study\wamp64\www\online-study\ThinkPHP\Lib\Core\Model.class.php 第 583 行.
NOTIC: [8192] preg_replace(): The /e modifier is deprecated, use preg_replace_callback instead H:\study\wamp64\www\online-study\ThinkPHP\Lib\Core\Db.class.php 第 604 行.
SQL: SELECT `username`,`picture` FROM `edu_users` WHERE ( `id` = '64' ) LIMIT 1   [ RunTime:0.000989s ]
NOTIC: [2048] Only variables should be passed by reference H:\study\wamp64\www\online-study\Home\Lib\Action\LibraryAction.class.php 第 76 行.
NOTIC: [8] Undefined index: _type H:\study\wamp64\www\online-study\ThinkPHP\Lib\Core\Model.class.php 第 583 行.
NOTIC: [8192] preg_replace(): The /e modifier is deprecated, use preg_replace_callback instead H:\study\wamp64\www\online-study\ThinkPHP\Lib\Core\Db.class.php 第 604 行.
SQL: SELECT `username`,`picture` FROM `edu_users` WHERE ( `id` = '70' ) LIMIT 1   [ RunTime:0.000783s ]
NOTIC: [2048] Only variables should be passed by reference H:\study\wamp64\www\online-study\Home\Lib\Action\LibraryAction.class.php 第 76 行.
NOTIC: [8192] preg_replace(): The /e modifier is deprecated, use preg_replace_callback instead H:\study\wamp64\www\online-study\ThinkPHP\Lib\Core\Db.class.php 第 604 行.
SQL: SELECT * FROM `edu_library` WHERE ( status=2 ) ORDER BY addtime desc LIMIT 16   [ RunTime:0.001284s ]
SQL: SHOW COLUMNS FROM `edu_cat` [ RunTime:0.002076s ]
NOTIC: [8192] preg_replace(): The /e modifier is deprecated, use preg_replace_callback instead H:\study\wamp64\www\online-study\ThinkPHP\Lib\Core\Db.class.php 第 604 行.
SQL: SELECT * FROM `edu_cat` WHERE ( pid=0 ) LIMIT 6   [ RunTime:0.001490s ]
NOTIC: [8] Undefined index: user H:\study\wamp64\www\online-study\Home\Lib\Action\LibraryAction.class.php 第 96 行.
NOTIC: [8] Undefined index: r H:\study\wamp64\www\online-study\Home\Lib\Action\LibraryAction.class.php 第 101 行.
NOTIC: [8] Undefined index: q H:\study\wamp64\www\online-study\Home\Lib\Action\LibraryAction.class.php 第 102 行.
NOTIC: [8] Undefined index: pid H:\study\wamp64\www\online-study\Home\Lib\Action\LibraryAction.class.php 第 106 行.
NOTIC: [8] Undefined index: q H:\study\wamp64\www\online-study\Home\Lib\Action\LibraryAction.class.php 第 106 行.
INFO: [ view_parse ] --START--
NOTIC: [8] Undefined index: user H:\study\wamp64\www\online-study\Home\Runtime\Cache\954aebadd419e5b74239c6baf95fe1c609edee61.file.head.html.php 第 44 行.
NOTIC: [8] Undefined index: user H:\study\wamp64\www\online-study\Home\Runtime\Cache\954aebadd419e5b74239c6baf95fe1c609edee61.file.head.html.php 第 60 行.
NOTIC: [8] Undefined index: user H:\study\wamp64\www\online-study\Home\Runtime\Cache\1047c039db239818cd39e9b24ff213b65eb3cdba.file.index.html.php 第 87 行.
NOTIC: [8] Undefined index: user H:\study\wamp64\www\online-study\Home\Runtime\Cache\1047c039db239818cd39e9b24ff213b65eb3cdba.file.index.html.php 第 98 行.
NOTIC: [8] Undefined index: user H:\study\wamp64\www\online-study\Home\Runtime\Cache\1047c039db239818cd39e9b24ff213b65eb3cdba.file.index.html.php 第 106 行.
NOTIC: [8] Undefined index: title H:\study\wamp64\www\online-study\Home\Runtime\Cache\1047c039db239818cd39e9b24ff213b65eb3cdba.file.index.html.php 第 130 行.
NOTIC: [8] Trying to get property of non-object H:\study\wamp64\www\online-study\Home\Runtime\Cache\1047c039db239818cd39e9b24ff213b65eb3cdba.file.index.html.php 第 130 行.
INFO: ParseTemplate Behavior ::run [ RunTime:0.015155s ]
INFO: [ view_parse ] --END-- [ RunTime:0.015280s ]
INFO: [ view_filter ] --START--
INFO: ContentReplace Behavior ::run [ RunTime:0.000839s ]
INFO: TokenBuild Behavior ::run [ RunTime:0.000654s ]
INFO: WriteHtmlCache Behavior ::run [ RunTime:0.000497s ]
INFO: ShowRuntime Behavior ::run [ RunTime:0.000715s ]
INFO: [ view_filter ] --END-- [ RunTime:0.003001s ]
INFO: [ view_end ] --START--
INFO: ShowPageTrace Behavior ::run [ RunTime:0.001825s ]
INFO: [ view_end ] --END-- [ RunTime:0.002234s ]

[ 2019-06-24T18:12:16+08:00 ] 127.0.0.1 /online-study/index.php/Library/detail/id/43
INFO: [ route_check ] --START--
INFO: CheckRoute Behavior ::run [ RunTime:0.001100s ]
INFO: [ route_check ] --END-- [ RunTime:0.001390s ]
NOTIC: [8192] preg_replace(): The /e modifier is deprecated, use preg_replace_callback instead H:\study\wamp64\www\online-study\ThinkPHP\Lib\Core\Dispatcher.class.php 第 132 行.
INFO: [ app_begin ] --START--
INFO: ReadHtmlCache Behavior ::run [ RunTime:0.000785s ]
INFO: [ app_begin ] --END-- [ RunTime:0.000893s ]
NOTIC: [8] Undefined index: _type H:\study\wamp64\www\online-study\ThinkPHP\Lib\Core\Model.class.php 第 583 行.
NOTIC: [8192] preg_replace(): The /e modifier is deprecated, use preg_replace_callback instead H:\study\wamp64\www\online-study\ThinkPHP\Lib\Core\Db.class.php 第 604 行.
NOTIC: [8192] mysql_escape_string(): This function is deprecated; use mysql_real_escape_string() instead. H:\study\wamp64\www\online-study\ThinkPHP\Lib\Driver\Db\DbMysql.class.php 第 333 行.
NOTIC: [8192] mysql_connect(): The mysql extension is deprecated and will be removed in the future: use mysqli or PDO instead H:\study\wamp64\www\online-study\ThinkPHP\Lib\Driver\Db\DbMysql.class.php 第 55 行.
SQL: SELECT * FROM `edu_library` WHERE ( `id` = '43' ) LIMIT 1   [ RunTime:0.001462s ]
NOTIC: [8] Undefined index: _type H:\study\wamp64\www\online-study\ThinkPHP\Lib\Core\Model.class.php 第 583 行.
NOTIC: [8] Undefined index: _type H:\study\wamp64\www\online-study\ThinkPHP\Lib\Core\Model.class.php 第 583 行.
NOTIC: [8] Undefined index: _type H:\study\wamp64\www\online-study\ThinkPHP\Lib\Core\Model.class.php 第 583 行.
NOTIC: [8] Undefined index: _type H:\study\wamp64\www\online-study\ThinkPHP\Lib\Core\Model.class.php 第 583 行.
NOTIC: [8] Undefined index: _type H:\study\wamp64\www\online-study\ThinkPHP\Lib\Core\Model.class.php 第 583 行.
NOTIC: [8] Undefined index: _type H:\study\wamp64\www\online-study\ThinkPHP\Lib\Core\Model.class.php 第 583 行.
NOTIC: [8] Undefined index: _type H:\study\wamp64\www\online-study\ThinkPHP\Lib\Core\Model.class.php 第 583 行.
NOTIC: [8] Undefined index: _type H:\study\wamp64\www\online-study\ThinkPHP\Lib\Core\Model.class.php 第 583 行.
NOTIC: [8] Undefined index: _type H:\study\wamp64\www\online-study\ThinkPHP\Lib\Core\Model.class.php 第 583 行.
NOTIC: [8] Undefined index: _type H:\study\wamp64\www\online-study\ThinkPHP\Lib\Core\Model.class.php 第 583 行.
NOTIC: [8] Undefined index: _type H:\study\wamp64\www\online-study\ThinkPHP\Lib\Core\Model.class.php 第 583 行.
NOTIC: [8] Undefined index: _type H:\study\wamp64\www\online-study\ThinkPHP\Lib\Core\Model.class.php 第 583 行.
SQL: UPDATE `edu_library` SET `tid`='3',`uid`='67',`title`='原子弹',`name`='530e23dcdb973.pdf',`size`='1107196',`type`='application/pdf',`addtime`='1559467918',`favonum`='4',`clicknum`=72,`dwloadnum`='2',`status`='2' WHERE ( `id` = '43' ) [ RunTime:0.029768s ]
NOTIC: [8] Undefined index: _type H:\study\wamp64\www\online-study\ThinkPHP\Lib\Core\Model.class.php 第 583 行.
NOTIC: [8192] preg_replace(): The /e modifier is deprecated, use preg_replace_callback instead H:\study\wamp64\www\online-study\ThinkPHP\Lib\Core\Db.class.php 第 604 行.
SQL: SELECT * FROM `edu_users` WHERE ( `id` = '67' ) LIMIT 1   [ RunTime:0.001413s ]
SQL: SHOW COLUMNS FROM `edu_cat` [ RunTime:0.001420s ]
NOTIC: [8192] preg_replace(): The /e modifier is deprecated, use preg_replace_callback instead H:\study\wamp64\www\online-study\ThinkPHP\Lib\Core\Db.class.php 第 604 行.
SQL: SELECT `name` FROM `edu_cat` WHERE ( `id` = 3 ) LIMIT 1   [ RunTime:0.000967s ]
NOTIC: [2048] Only variables should be passed by reference H:\study\wamp64\www\online-study\Home\Lib\Action\LibraryAction.class.php 第 215 行.
SQL: SHOW COLUMNS FROM `edu_libcom` [ RunTime:0.006573s ]
ERR: 1146:Table 'edu002.edu_libcom' doesn't exist
 [ SQL语句 ] : SHOW COLUMNS FROM `edu_libcom`
NOTIC: [8192] preg_replace(): The /e modifier is deprecated, use preg_replace_callback instead H:\study\wamp64\www\online-study\ThinkPHP\Lib\Core\Db.class.php 第 604 行.
SQL: SELECT COUNT(*) AS tp_count FROM `edu_libcom` WHERE ( `lid` = '43' ) LIMIT 1   [ RunTime:0.001343s ]
ERR: 1146:Table 'edu002.edu_libcom' doesn't exist
 [ SQL语句 ] : SELECT COUNT(*) AS tp_count FROM `edu_libcom` WHERE ( `lid` = '43' ) LIMIT 1  
NOTIC: [8192] preg_replace(): The /e modifier is deprecated, use preg_replace_callback instead H:\study\wamp64\www\online-study\ThinkPHP\Lib\Core\Db.class.php 第 604 行.
SQL: SELECT * FROM `edu_libcom` WHERE ( `lid` = '43' ) ORDER BY addtime desc LIMIT 0,5   [ RunTime:0.001024s ]
ERR: 1146:Table 'edu002.edu_libcom' doesn't exist
 [ SQL语句 ] : SELECT * FROM `edu_libcom` WHERE ( `lid` = '43' ) ORDER BY addtime desc LIMIT 0,5  
NOTIC: [2] Invalid argument supplied for foreach() H:\study\wamp64\www\online-study\Home\Lib\Action\LibcomAction.class.php 第 24 行.
SQL: SHOW COLUMNS FROM `edu_zan` [ RunTime:0.001363s ]
SQL: SHOW COLUMNS FROM `edu_collect` [ RunTime:0.001385s ]
NOTIC: [8] Undefined index: user H:\study\wamp64\www\online-study\Home\Lib\Action\LibraryAction.class.php 第 225 行.
NOTIC: [8192] preg_replace(): The /e modifier is deprecated, use preg_replace_callback instead H:\study\wamp64\www\online-study\ThinkPHP\Lib\Core\Db.class.php 第 604 行.
SQL: SELECT * FROM `edu_zan` WHERE ( `uid` = null ) AND ( `lid` = '43' ) LIMIT 1   [ RunTime:0.000957s ]
NOTIC: [8192] preg_replace(): The /e modifier is deprecated, use preg_replace_callback instead H:\study\wamp64\www\online-study\ThinkPHP\Lib\Core\Db.class.php 第 604 行.
SQL: SELECT * FROM `edu_collect` WHERE ( `uid` = null ) AND ( `lid` = '43' ) LIMIT 1   [ RunTime:0.019138s ]
NOTIC: [8192] preg_replace(): The /e modifier is deprecated, use preg_replace_callback instead H:\study\wamp64\www\online-study\ThinkPHP\Lib\Core\Db.class.php 第 604 行.
SQL: SELECT COUNT(*) AS tp_count FROM `edu_collect` WHERE ( `uid` = null ) AND ( `lid` = '43' ) LIMIT 1   [ RunTime:0.000937s ]
NOTIC: [8192] preg_replace(): The /e modifier is deprecated, use preg_replace_callback instead H:\study\wamp64\www\online-study\ThinkPHP\Lib\Core\Db.class.php 第 604 行.
SQL: SELECT * FROM `edu_library` WHERE ( status=2 ) ORDER BY favonum desc LIMIT 10   [ RunTime:0.000906s ]
INFO: [ view_parse ] --START--
NOTIC: [8] Undefined index: com H:\study\wamp64\www\online-study\Home\Runtime\Cache\12ad97b8676788da21bb179b05b3c3dbfeb2a841.file.detail.html.php 第 86 行.
NOTIC: [8] Trying to get property of non-object H:\study\wamp64\www\online-study\Home\Runtime\Cache\12ad97b8676788da21bb179b05b3c3dbfeb2a841.file.detail.html.php 第 86 行.
NOTIC: [8] Undefined index: user H:\study\wamp64\www\online-study\Home\Runtime\Cache\954aebadd419e5b74239c6baf95fe1c609edee61.file.head.html.php 第 44 行.
NOTIC: [8] Undefined index: user H:\study\wamp64\www\online-study\Home\Runtime\Cache\954aebadd419e5b74239c6baf95fe1c609edee61.file.head.html.php 第 60 行.
NOTIC: [8] Undefined index: user H:\study\wamp64\www\online-study\Home\Runtime\Cache\12ad97b8676788da21bb179b05b3c3dbfeb2a841.file.detail.html.php 第 182 行.
NOTIC: [8] Undefined index: user H:\study\wamp64\www\online-study\Home\Runtime\Cache\12ad97b8676788da21bb179b05b3c3dbfeb2a841.file.detail.html.php 第 193 行.
NOTIC: [8] Undefined index: user H:\study\wamp64\www\online-study\Home\Runtime\Cache\12ad97b8676788da21bb179b05b3c3dbfeb2a841.file.detail.html.php 第 201 行.
NOTIC: [8] Undefined index: user H:\study\wamp64\www\online-study\Home\Runtime\Cache\12ad97b8676788da21bb179b05b3c3dbfeb2a841.file.detail.html.php 第 239 行.
NOTIC: [8] Undefined index: user H:\study\wamp64\www\online-study\Home\Runtime\Cache\12ad97b8676788da21bb179b05b3c3dbfeb2a841.file.detail.html.php 第 254 行.
NOTIC: [8] Undefined index: user H:\study\wamp64\www\online-study\Home\Runtime\Cache\12ad97b8676788da21bb179b05b3c3dbfeb2a841.file.detail.html.php 第 356 行.
NOTIC: [8] Undefined index: user H:\study\wamp64\www\online-study\Home\Runtime\Cache\12ad97b8676788da21bb179b05b3c3dbfeb2a841.file.detail.html.php 第 364 行.
INFO: ParseTemplate Behavior ::run [ RunTime:0.012536s ]
INFO: [ view_parse ] --END-- [ RunTime:0.012652s ]
INFO: [ view_filter ] --START--
INFO: ContentReplace Behavior ::run [ RunTime:0.000730s ]
INFO: TokenBuild Behavior ::run [ RunTime:0.000588s ]
INFO: WriteHtmlCache Behavior ::run [ RunTime:0.000763s ]
INFO: ShowRuntime Behavior ::run [ RunTime:0.000697s ]
INFO: [ view_filter ] --END-- [ RunTime:0.003115s ]
INFO: [ view_end ] --START--
INFO: ShowPageTrace Behavior ::run [ RunTime:0.001370s ]
INFO: [ view_end ] --END-- [ RunTime:0.001618s ]

[ 2019-06-24T18:12:18+08:00 ] 127.0.0.1 /online-study/index.php/Library/detail/id/43
INFO: [ route_check ] --START--
INFO: CheckRoute Behavior ::run [ RunTime:0.001727s ]
INFO: [ route_check ] --END-- [ RunTime:0.002587s ]
NOTIC: [8192] preg_replace(): The /e modifier is deprecated, use preg_replace_callback instead H:\study\wamp64\www\online-study\ThinkPHP\Lib\Core\Dispatcher.class.php 第 132 行.
INFO: [ app_begin ] --START--
INFO: ReadHtmlCache Behavior ::run [ RunTime:0.000774s ]
INFO: [ app_begin ] --END-- [ RunTime:0.000933s ]
NOTIC: [8] Undefined index: _type H:\study\wamp64\www\online-study\ThinkPHP\Lib\Core\Model.class.php 第 583 行.
NOTIC: [8192] preg_replace(): The /e modifier is deprecated, use preg_replace_callback instead H:\study\wamp64\www\online-study\ThinkPHP\Lib\Core\Db.class.php 第 604 行.
NOTIC: [8192] mysql_escape_string(): This function is deprecated; use mysql_real_escape_string() instead. H:\study\wamp64\www\online-study\ThinkPHP\Lib\Driver\Db\DbMysql.class.php 第 333 行.
NOTIC: [8192] mysql_connect(): The mysql extension is deprecated and will be removed in the future: use mysqli or PDO instead H:\study\wamp64\www\online-study\ThinkPHP\Lib\Driver\Db\DbMysql.class.php 第 55 行.
SQL: SELECT * FROM `edu_library` WHERE ( `id` = '43' ) LIMIT 1   [ RunTime:0.001044s ]
NOTIC: [8] Undefined index: _type H:\study\wamp64\www\online-study\ThinkPHP\Lib\Core\Model.class.php 第 583 行.
NOTIC: [8] Undefined index: _type H:\study\wamp64\www\online-study\ThinkPHP\Lib\Core\Model.class.php 第 583 行.
NOTIC: [8] Undefined index: _type H:\study\wamp64\www\online-study\ThinkPHP\Lib\Core\Model.class.php 第 583 行.
NOTIC: [8] Undefined index: _type H:\study\wamp64\www\online-study\ThinkPHP\Lib\Core\Model.class.php 第 583 行.
NOTIC: [8] Undefined index: _type H:\study\wamp64\www\online-study\ThinkPHP\Lib\Core\Model.class.php 第 583 行.
NOTIC: [8] Undefined index: _type H:\study\wamp64\www\online-study\ThinkPHP\Lib\Core\Model.class.php 第 583 行.
NOTIC: [8] Undefined index: _type H:\study\wamp64\www\online-study\ThinkPHP\Lib\Core\Model.class.php 第 583 行.
NOTIC: [8] Undefined index: _type H:\study\wamp64\www\online-study\ThinkPHP\Lib\Core\Model.class.php 第 583 行.
NOTIC: [8] Undefined index: _type H:\study\wamp64\www\online-study\ThinkPHP\Lib\Core\Model.class.php 第 583 行.
NOTIC: [8] Undefined index: _type H:\study\wamp64\www\online-study\ThinkPHP\Lib\Core\Model.class.php 第 583 行.
NOTIC: [8] Undefined index: _type H:\study\wamp64\www\online-study\ThinkPHP\Lib\Core\Model.class.php 第 583 行.
NOTIC: [8] Undefined index: _type H:\study\wamp64\www\online-study\ThinkPHP\Lib\Core\Model.class.php 第 583 行.
SQL: UPDATE `edu_library` SET `tid`='3',`uid`='67',`title`='原子弹',`name`='530e23dcdb973.pdf',`size`='1107196',`type`='application/pdf',`addtime`='1559467918',`favonum`='4',`clicknum`=73,`dwloadnum`='2',`status`='2' WHERE ( `id` = '43' ) [ RunTime:0.000704s ]
NOTIC: [8] Undefined index: _type H:\study\wamp64\www\online-study\ThinkPHP\Lib\Core\Model.class.php 第 583 行.
NOTIC: [8192] preg_replace(): The /e modifier is deprecated, use preg_replace_callback instead H:\study\wamp64\www\online-study\ThinkPHP\Lib\Core\Db.class.php 第 604 行.
SQL: SELECT * FROM `edu_users` WHERE ( `id` = '67' ) LIMIT 1   [ RunTime:0.001007s ]
SQL: SHOW COLUMNS FROM `edu_cat` [ RunTime:0.001196s ]
NOTIC: [8192] preg_replace(): The /e modifier is deprecated, use preg_replace_callback instead H:\study\wamp64\www\online-study\ThinkPHP\Lib\Core\Db.class.php 第 604 行.
SQL: SELECT `name` FROM `edu_cat` WHERE ( `id` = 3 ) LIMIT 1   [ RunTime:0.000639s ]
NOTIC: [2048] Only variables should be passed by reference H:\study\wamp64\www\online-study\Home\Lib\Action\LibraryAction.class.php 第 215 行.
SQL: SHOW COLUMNS FROM `edu_libcom` [ RunTime:0.001671s ]
ERR: 1146:Table 'edu002.edu_libcom' doesn't exist
 [ SQL语句 ] : SHOW COLUMNS FROM `edu_libcom`
NOTIC: [8192] preg_replace(): The /e modifier is deprecated, use preg_replace_callback instead H:\study\wamp64\www\online-study\ThinkPHP\Lib\Core\Db.class.php 第 604 行.
SQL: SELECT COUNT(*) AS tp_count FROM `edu_libcom` WHERE ( `lid` = '43' ) LIMIT 1   [ RunTime:0.000798s ]
ERR: 1146:Table 'edu002.edu_libcom' doesn't exist
 [ SQL语句 ] : SELECT COUNT(*) AS tp_count FROM `edu_libcom` WHERE ( `lid` = '43' ) LIMIT 1  
NOTIC: [8192] preg_replace(): The /e modifier is deprecated, use preg_replace_callback instead H:\study\wamp64\www\online-study\ThinkPHP\Lib\Core\Db.class.php 第 604 行.
SQL: SELECT * FROM `edu_libcom` WHERE ( `lid` = '43' ) ORDER BY addtime desc LIMIT 0,5   [ RunTime:0.000609s ]
ERR: 1146:Table 'edu002.edu_libcom' doesn't exist
 [ SQL语句 ] : SELECT * FROM `edu_libcom` WHERE ( `lid` = '43' ) ORDER BY addtime desc LIMIT 0,5  
NOTIC: [2] Invalid argument supplied for foreach() H:\study\wamp64\www\online-study\Home\Lib\Action\LibcomAction.class.php 第 24 行.
SQL: SHOW COLUMNS FROM `edu_zan` [ RunTime:0.001158s ]
SQL: SHOW COLUMNS FROM `edu_collect` [ RunTime:0.001432s ]
NOTIC: [8] Undefined index: user H:\study\wamp64\www\online-study\Home\Lib\Action\LibraryAction.class.php 第 225 行.
NOTIC: [8192] preg_replace(): The /e modifier is deprecated, use preg_replace_callback instead H:\study\wamp64\www\online-study\ThinkPHP\Lib\Core\Db.class.php 第 604 行.
SQL: SELECT * FROM `edu_zan` WHERE ( `uid` = null ) AND ( `lid` = '43' ) LIMIT 1   [ RunTime:0.000697s ]
NOTIC: [8192] preg_replace(): The /e modifier is deprecated, use preg_replace_callback instead H:\study\wamp64\www\online-study\ThinkPHP\Lib\Core\Db.class.php 第 604 行.
SQL: SELECT * FROM `edu_collect` WHERE ( `uid` = null ) AND ( `lid` = '43' ) LIMIT 1   [ RunTime:0.000588s ]
NOTIC: [8192] preg_replace(): The /e modifier is deprecated, use preg_replace_callback instead H:\study\wamp64\www\online-study\ThinkPHP\Lib\Core\Db.class.php 第 604 行.
SQL: SELECT COUNT(*) AS tp_count FROM `edu_collect` WHERE ( `uid` = null ) AND ( `lid` = '43' ) LIMIT 1   [ RunTime:0.000515s ]
NOTIC: [8192] preg_replace(): The /e modifier is deprecated, use preg_replace_callback instead H:\study\wamp64\www\online-study\ThinkPHP\Lib\Core\Db.class.php 第 604 行.
SQL: SELECT * FROM `edu_library` WHERE ( status=2 ) ORDER BY favonum desc LIMIT 10   [ RunTime:0.000759s ]
INFO: [ view_parse ] --START--
NOTIC: [8] Undefined index: com H:\study\wamp64\www\online-study\Home\Runtime\Cache\12ad97b8676788da21bb179b05b3c3dbfeb2a841.file.detail.html.php 第 86 行.
NOTIC: [8] Trying to get property of non-object H:\study\wamp64\www\online-study\Home\Runtime\Cache\12ad97b8676788da21bb179b05b3c3dbfeb2a841.file.detail.html.php 第 86 行.
NOTIC: [8] Undefined index: user H:\study\wamp64\www\online-study\Home\Runtime\Cache\954aebadd419e5b74239c6baf95fe1c609edee61.file.head.html.php 第 44 行.
NOTIC: [8] Undefined index: user H:\study\wamp64\www\online-study\Home\Runtime\Cache\954aebadd419e5b74239c6baf95fe1c609edee61.file.head.html.php 第 60 行.
NOTIC: [8] Undefined index: user H:\study\wamp64\www\online-study\Home\Runtime\Cache\12ad97b8676788da21bb179b05b3c3dbfeb2a841.file.detail.html.php 第 182 行.
NOTIC: [8] Undefined index: user H:\study\wamp64\www\online-study\Home\Runtime\Cache\12ad97b8676788da21bb179b05b3c3dbfeb2a841.file.detail.html.php 第 193 行.
NOTIC: [8] Undefined index: user H:\study\wamp64\www\online-study\Home\Runtime\Cache\12ad97b8676788da21bb179b05b3c3dbfeb2a841.file.detail.html.php 第 201 行.
NOTIC: [8] Undefined index: user H:\study\wamp64\www\online-study\Home\Runtime\Cache\12ad97b8676788da21bb179b05b3c3dbfeb2a841.file.detail.html.php 第 239 行.
NOTIC: [8] Undefined index: user H:\study\wamp64\www\online-study\Home\Runtime\Cache\12ad97b8676788da21bb179b05b3c3dbfeb2a841.file.detail.html.php 第 254 行.
NOTIC: [8] Undefined index: user H:\study\wamp64\www\online-study\Home\Runtime\Cache\12ad97b8676788da21bb179b05b3c3dbfeb2a841.file.detail.html.php 第 356 行.
NOTIC: [8] Undefined index: user H:\study\wamp64\www\online-study\Home\Runtime\Cache\12ad97b8676788da21bb179b05b3c3dbfeb2a841.file.detail.html.php 第 364 行.
INFO: ParseTemplate Behavior ::run [ RunTime:0.013576s ]
INFO: [ view_parse ] --END-- [ RunTime:0.013830s ]
INFO: [ view_filter ] --START--
INFO: ContentReplace Behavior ::run [ RunTime:0.000674s ]
INFO: TokenBuild Behavior ::run [ RunTime:0.000507s ]
INFO: WriteHtmlCache Behavior ::run [ RunTime:0.000350s ]
INFO: ShowRuntime Behavior ::run [ RunTime:0.000557s ]
INFO: [ view_filter ] --END-- [ RunTime:0.002394s ]
INFO: [ view_end ] --START--
INFO: ShowPageTrace Behavior ::run [ RunTime:0.001709s ]
INFO: [ view_end ] --END-- [ RunTime:0.002082s ]

[ 2019-06-24T18:15:00+08:00 ] 127.0.0.1 /online-study/index
INFO: [ app_begin ] --START--
INFO: ReadHtmlCache Behavior ::run [ RunTime:0.001379s ]
INFO: [ app_begin ] --END-- [ RunTime:0.001618s ]
NOTIC: [8192] mysql_connect(): The mysql extension is deprecated and will be removed in the future: use mysqli or PDO instead H:\study\wamp64\www\online-study\ThinkPHP\Lib\Driver\Db\DbMysql.class.php 第 55 行.
SQL: SHOW COLUMNS FROM `edu_clicknum` [ RunTime:0.001891s ]
NOTIC: [8192] preg_replace(): The /e modifier is deprecated, use preg_replace_callback instead H:\study\wamp64\www\online-study\ThinkPHP\Lib\Core\Db.class.php 第 604 行.
SQL: SELECT * FROM `edu_clicknum` WHERE ( `id` = 1 ) LIMIT 1   [ RunTime:0.001681s ]
SQL: UPDATE `edu_clicknum` SET `clicknum`=1008,`clicktime`=1561371300 WHERE ( `id` = 1 ) [ RunTime:0.002206s ]
SQL: SHOW COLUMNS FROM `edu_notice` [ RunTime:0.002912s ]
NOTIC: [8192] preg_replace(): The /e modifier is deprecated, use preg_replace_callback instead H:\study\wamp64\www\online-study\ThinkPHP\Lib\Core\Db.class.php 第 604 行.
SQL: SELECT * FROM `edu_notice` ORDER BY addtime desc LIMIT 6   [ RunTime:0.006184s ]
SQL: SHOW COLUMNS FROM `edu_library` [ RunTime:0.003125s ]
NOTIC: [8192] preg_replace(): The /e modifier is deprecated, use preg_replace_callback instead H:\study\wamp64\www\online-study\ThinkPHP\Lib\Core\Db.class.php 第 604 行.
SQL: SELECT * FROM `edu_library` ORDER BY addtime desc LIMIT 3   [ RunTime:0.001895s ]
NOTIC: [8] Undefined index: _type H:\study\wamp64\www\online-study\ThinkPHP\Lib\Core\Model.class.php 第 583 行.
NOTIC: [8192] preg_replace(): The /e modifier is deprecated, use preg_replace_callback instead H:\study\wamp64\www\online-study\ThinkPHP\Lib\Core\Db.class.php 第 604 行.
SQL: SELECT `username` FROM `edu_users` WHERE ( `id` = '98' ) LIMIT 1   [ RunTime:0.001919s ]
NOTIC: [8] Undefined index: _type H:\study\wamp64\www\online-study\ThinkPHP\Lib\Core\Model.class.php 第 583 行.
NOTIC: [8192] preg_replace(): The /e modifier is deprecated, use preg_replace_callback instead H:\study\wamp64\www\online-study\ThinkPHP\Lib\Core\Db.class.php 第 604 行.
SQL: SELECT `username` FROM `edu_users` WHERE ( `id` = '98' ) LIMIT 1   [ RunTime:0.001788s ]
NOTIC: [8] Undefined index: _type H:\study\wamp64\www\online-study\ThinkPHP\Lib\Core\Model.class.php 第 583 行.
NOTIC: [8192] preg_replace(): The /e modifier is deprecated, use preg_replace_callback instead H:\study\wamp64\www\online-study\ThinkPHP\Lib\Core\Db.class.php 第 604 行.
SQL: SELECT `username` FROM `edu_users` WHERE ( `id` = '0' ) LIMIT 1   [ RunTime:0.001770s ]
NOTIC: [8192] preg_replace(): The /e modifier is deprecated, use preg_replace_callback instead H:\study\wamp64\www\online-study\ThinkPHP\Lib\Core\Db.class.php 第 604 行.
SQL: SELECT * FROM `edu_library` ORDER BY dwloadnum desc LIMIT 10   [ RunTime:0.001604s ]
NOTIC: [8] Undefined index: _type H:\study\wamp64\www\online-study\ThinkPHP\Lib\Core\Model.class.php 第 583 行.
NOTIC: [8192] preg_replace(): The /e modifier is deprecated, use preg_replace_callback instead H:\study\wamp64\www\online-study\ThinkPHP\Lib\Core\Db.class.php 第 604 行.
SQL: SELECT `username` FROM `edu_users` WHERE ( `id` = '70' ) LIMIT 1   [ RunTime:0.001769s ]
NOTIC: [8] Undefined index: _type H:\study\wamp64\www\online-study\ThinkPHP\Lib\Core\Model.class.php 第 583 行.
NOTIC: [8192] preg_replace(): The /e modifier is deprecated, use preg_replace_callback instead H:\study\wamp64\www\online-study\ThinkPHP\Lib\Core\Db.class.php 第 604 行.
SQL: SELECT `username` FROM `edu_users` WHERE ( `id` = '67' ) LIMIT 1   [ RunTime:0.001673s ]
NOTIC: [8] Undefined index: _type H:\study\wamp64\www\online-study\ThinkPHP\Lib\Core\Model.class.php 第 583 行.
NOTIC: [8192] preg_replace(): The /e modifier is deprecated, use preg_replace_callback instead H:\study\wamp64\www\online-study\ThinkPHP\Lib\Core\Db.class.php 第 604 行.
SQL: SELECT `username` FROM `edu_users` WHERE ( `id` = '98' ) LIMIT 1   [ RunTime:0.001787s ]
NOTIC: [8] Undefined index: _type H:\study\wamp64\www\online-study\ThinkPHP\Lib\Core\Model.class.php 第 583 行.
NOTIC: [8192] preg_replace(): The /e modifier is deprecated, use preg_replace_callback instead H:\study\wamp64\www\online-study\ThinkPHP\Lib\Core\Db.class.php 第 604 行.
SQL: SELECT `username` FROM `edu_users` WHERE ( `id` = '64' ) LIMIT 1   [ RunTime:0.001702s ]
NOTIC: [8] Undefined index: _type H:\study\wamp64\www\online-study\ThinkPHP\Lib\Core\Model.class.php 第 583 行.
NOTIC: [8192] preg_replace(): The /e modifier is deprecated, use preg_replace_callback instead H:\study\wamp64\www\online-study\ThinkPHP\Lib\Core\Db.class.php 第 604 行.
SQL: SELECT `username` FROM `edu_users` WHERE ( `id` = '64' ) LIMIT 1   [ RunTime:0.001469s ]
NOTIC: [8] Undefined index: _type H:\study\wamp64\www\online-study\ThinkPHP\Lib\Core\Model.class.php 第 583 行.
NOTIC: [8192] preg_replace(): The /e modifier is deprecated, use preg_replace_callback instead H:\study\wamp64\www\online-study\ThinkPHP\Lib\Core\Db.class.php 第 604 行.
SQL: SELECT `username` FROM `edu_users` WHERE ( `id` = '63' ) LIMIT 1   [ RunTime:0.001303s ]
NOTIC: [8] Undefined index: _type H:\study\wamp64\www\online-study\ThinkPHP\Lib\Core\Model.class.php 第 583 行.
NOTIC: [8192] preg_replace(): The /e modifier is deprecated, use preg_replace_callback instead H:\study\wamp64\www\online-study\ThinkPHP\Lib\Core\Db.class.php 第 604 行.
SQL: SELECT `username` FROM `edu_users` WHERE ( `id` = '61' ) LIMIT 1   [ RunTime:0.001710s ]
NOTIC: [8] Undefined index: _type H:\study\wamp64\www\online-study\ThinkPHP\Lib\Core\Model.class.php 第 583 行.
NOTIC: [8192] preg_replace(): The /e modifier is deprecated, use preg_replace_callback instead H:\study\wamp64\www\online-study\ThinkPHP\Lib\Core\Db.class.php 第 604 行.
SQL: SELECT `username` FROM `edu_users` WHERE ( `id` = '61' ) LIMIT 1   [ RunTime:0.001669s ]
NOTIC: [8] Undefined index: _type H:\study\wamp64\www\online-study\ThinkPHP\Lib\Core\Model.class.php 第 583 行.
NOTIC: [8192] preg_replace(): The /e modifier is deprecated, use preg_replace_callback instead H:\study\wamp64\www\online-study\ThinkPHP\Lib\Core\Db.class.php 第 604 行.
SQL: SELECT `username` FROM `edu_users` WHERE ( `id` = '68' ) LIMIT 1   [ RunTime:0.001524s ]
NOTIC: [8] Undefined index: _type H:\study\wamp64\www\online-study\ThinkPHP\Lib\Core\Model.class.php 第 583 行.
NOTIC: [8192] preg_replace(): The /e modifier is deprecated, use preg_replace_callback instead H:\study\wamp64\www\online-study\ThinkPHP\Lib\Core\Db.class.php 第 604 行.
SQL: SELECT `username` FROM `edu_users` WHERE ( `id` = '70' ) LIMIT 1   [ RunTime:0.002261s ]
SQL: select uid,count(*) num from edu_library group by uid order by num desc limit 8 [ RunTime:0.001712s ]
SQL: SHOW COLUMNS FROM `edu_users` [ RunTime:0.002463s ]
NOTIC: [8192] preg_replace(): The /e modifier is deprecated, use preg_replace_callback instead H:\study\wamp64\www\online-study\ThinkPHP\Lib\Core\Db.class.php 第 604 行.
SQL: SELECT `username`,`picture` FROM `edu_users` WHERE ( `id` = 98 ) LIMIT 1   [ RunTime:0.001314s ]
SQL: SHOW COLUMNS FROM `edu_friend` [ RunTime:0.001314s ]
NOTIC: [8192] preg_replace(): The /e modifier is deprecated, use preg_replace_callback instead H:\study\wamp64\www\online-study\ThinkPHP\Lib\Core\Db.class.php 第 604 行.
SQL: SELECT COUNT(*) AS tp_count FROM `edu_friend` WHERE ( uid=98 ) LIMIT 1   [ RunTime:0.001504s ]
NOTIC: [8192] preg_replace(): The /e modifier is deprecated, use preg_replace_callback instead H:\study\wamp64\www\online-study\ThinkPHP\Lib\Core\Db.class.php 第 604 行.
SQL: SELECT `username`,`picture` FROM `edu_users` WHERE ( `id` = 64 ) LIMIT 1   [ RunTime:0.000988s ]
NOTIC: [8192] preg_replace(): The /e modifier is deprecated, use preg_replace_callback instead H:\study\wamp64\www\online-study\ThinkPHP\Lib\Core\Db.class.php 第 604 行.
SQL: SELECT COUNT(*) AS tp_count FROM `edu_friend` WHERE ( uid=64 ) LIMIT 1   [ RunTime:0.001003s ]
NOTIC: [8192] preg_replace(): The /e modifier is deprecated, use preg_replace_callback instead H:\study\wamp64\www\online-study\ThinkPHP\Lib\Core\Db.class.php 第 604 行.
SQL: SELECT `username`,`picture` FROM `edu_users` WHERE ( `id` = 61 ) LIMIT 1   [ RunTime:0.001529s ]
NOTIC: [8192] preg_replace(): The /e modifier is deprecated, use preg_replace_callback instead H:\study\wamp64\www\online-study\ThinkPHP\Lib\Core\Db.class.php 第 604 行.
SQL: SELECT COUNT(*) AS tp_count FROM `edu_friend` WHERE ( uid=61 ) LIMIT 1   [ RunTime:0.001028s ]
NOTIC: [8192] preg_replace(): The /e modifier is deprecated, use preg_replace_callback instead H:\study\wamp64\www\online-study\ThinkPHP\Lib\Core\Db.class.php 第 604 行.
SQL: SELECT `username`,`picture` FROM `edu_users` WHERE ( `id` = 70 ) LIMIT 1   [ RunTime:0.001216s ]
NOTIC: [8192] preg_replace(): The /e modifier is deprecated, use preg_replace_callback instead H:\study\wamp64\www\online-study\ThinkPHP\Lib\Core\Db.class.php 第 604 行.
SQL: SELECT COUNT(*) AS tp_count FROM `edu_friend` WHERE ( uid=70 ) LIMIT 1   [ RunTime:0.001371s ]
NOTIC: [8192] preg_replace(): The /e modifier is deprecated, use preg_replace_callback instead H:\study\wamp64\www\online-study\ThinkPHP\Lib\Core\Db.class.php 第 604 行.
SQL: SELECT `username`,`picture` FROM `edu_users` WHERE ( `id` = 95 ) LIMIT 1   [ RunTime:0.001489s ]
NOTIC: [8192] preg_replace(): The /e modifier is deprecated, use preg_replace_callback instead H:\study\wamp64\www\online-study\ThinkPHP\Lib\Core\Db.class.php 第 604 行.
SQL: SELECT COUNT(*) AS tp_count FROM `edu_friend` WHERE ( uid=95 ) LIMIT 1   [ RunTime:0.001305s ]
NOTIC: [8192] preg_replace(): The /e modifier is deprecated, use preg_replace_callback instead H:\study\wamp64\www\online-study\ThinkPHP\Lib\Core\Db.class.php 第 604 行.
SQL: SELECT `username`,`picture` FROM `edu_users` WHERE ( `id` = 0 ) LIMIT 1   [ RunTime:0.001495s ]
NOTIC: [8192] preg_replace(): The /e modifier is deprecated, use preg_replace_callback instead H:\study\wamp64\www\online-study\ThinkPHP\Lib\Core\Db.class.php 第 604 行.
SQL: SELECT COUNT(*) AS tp_count FROM `edu_friend` WHERE ( uid=0 ) LIMIT 1   [ RunTime:0.001609s ]
NOTIC: [8192] preg_replace(): The /e modifier is deprecated, use preg_replace_callback instead H:\study\wamp64\www\online-study\ThinkPHP\Lib\Core\Db.class.php 第 604 行.
SQL: SELECT `username`,`picture` FROM `edu_users` WHERE ( `id` = 67 ) LIMIT 1   [ RunTime:0.001442s ]
NOTIC: [8192] preg_replace(): The /e modifier is deprecated, use preg_replace_callback instead H:\study\wamp64\www\online-study\ThinkPHP\Lib\Core\Db.class.php 第 604 行.
SQL: SELECT COUNT(*) AS tp_count FROM `edu_friend` WHERE ( uid=67 ) LIMIT 1   [ RunTime:0.001467s ]
NOTIC: [8192] preg_replace(): The /e modifier is deprecated, use preg_replace_callback instead H:\study\wamp64\www\online-study\ThinkPHP\Lib\Core\Db.class.php 第 604 行.
SQL: SELECT `username`,`picture` FROM `edu_users` WHERE ( `id` = 63 ) LIMIT 1   [ RunTime:0.001442s ]
NOTIC: [8192] preg_replace(): The /e modifier is deprecated, use preg_replace_callback instead H:\study\wamp64\www\online-study\ThinkPHP\Lib\Core\Db.class.php 第 604 行.
SQL: SELECT COUNT(*) AS tp_count FROM `edu_friend` WHERE ( uid=63 ) LIMIT 1   [ RunTime:0.001560s ]
SQL: SHOW COLUMNS FROM `edu_video` [ RunTime:0.002360s ]
NOTIC: [8192] preg_replace(): The /e modifier is deprecated, use preg_replace_callback instead H:\study\wamp64\www\online-study\ThinkPHP\Lib\Core\Db.class.php 第 604 行.
SQL: SELECT * FROM `edu_video` ORDER BY addtime desc LIMIT 3   [ RunTime:0.002035s ]
NOTIC: [8192] preg_replace(): The /e modifier is deprecated, use preg_replace_callback instead H:\study\wamp64\www\online-study\ThinkPHP\Lib\Core\Db.class.php 第 604 行.
SQL: SELECT * FROM `edu_video` WHERE ( status=2 ) ORDER BY favonum desc LIMIT 8   [ RunTime:0.002244s ]
NOTIC: [8192] preg_replace(): The /e modifier is deprecated, use preg_replace_callback instead H:\study\wamp64\www\online-study\ThinkPHP\Lib\Core\Db.class.php 第 604 行.
SQL: SELECT * FROM `edu_video` WHERE ( status=2 ) ORDER BY clicknum desc LIMIT 10   [ RunTime:0.002226s ]
SQL: SHOW COLUMNS FROM `edu_cat` [ RunTime:0.002149s ]
NOTIC: [8192] preg_replace(): The /e modifier is deprecated, use preg_replace_callback instead H:\study\wamp64\www\online-study\ThinkPHP\Lib\Core\Db.class.php 第 604 行.
SQL: SELECT `id`,`name` FROM `edu_cat` WHERE ( pid=0 ) LIMIT 6   [ RunTime:0.001493s ]
NOTIC: [8192] preg_replace(): The /e modifier is deprecated, use preg_replace_callback instead H:\study\wamp64\www\online-study\ThinkPHP\Lib\Core\Db.class.php 第 604 行.
SQL: SELECT * FROM `edu_video` WHERE ( status=2 ) ORDER BY addtime desc LIMIT 5   [ RunTime:0.001713s ]
SQL: select nid,count(*) num from edu_zan where nid<>0 group by nid order by num desc limit 3 [ RunTime:0.001171s ]
SQL: SHOW COLUMNS FROM `edu_note` [ RunTime:0.001731s ]
ERR: 1146:Table 'edu002.edu_note' doesn't exist
 [ SQL语句 ] : SHOW COLUMNS FROM `edu_note`
NOTIC: [8192] preg_replace(): The /e modifier is deprecated, use preg_replace_callback instead H:\study\wamp64\www\online-study\ThinkPHP\Lib\Core\Db.class.php 第 604 行.
SQL: SELECT * FROM `edu_note` WHERE ( `id` = '23' ) LIMIT 1   [ RunTime:0.001233s ]
ERR: 1146:Table 'edu002.edu_note' doesn't exist
 [ SQL语句 ] : SELECT * FROM `edu_note` WHERE ( `id` = '23' ) LIMIT 1  
NOTIC: [8192] preg_replace(): The /e modifier is deprecated, use preg_replace_callback instead H:\study\wamp64\www\online-study\ThinkPHP\Lib\Core\Db.class.php 第 604 行.
SQL: SELECT `username` FROM `edu_users` LIMIT 1   [ RunTime:0.001005s ]
SQL: SHOW COLUMNS FROM `edu_video` [ RunTime:0.002550s ]
NOTIC: [8192] preg_replace(): The /e modifier is deprecated, use preg_replace_callback instead H:\study\wamp64\www\online-study\ThinkPHP\Lib\Core\Db.class.php 第 604 行.
SQL: SELECT `videoname` FROM `edu_video` LIMIT 1   [ RunTime:0.001206s ]
NOTIC: [8192] preg_replace(): The /e modifier is deprecated, use preg_replace_callback instead H:\study\wamp64\www\online-study\ThinkPHP\Lib\Core\Db.class.php 第 604 行.
SQL: SELECT * FROM `edu_note` WHERE ( `id` = '35' ) LIMIT 1   [ RunTime:0.000978s ]
ERR: 1146:Table 'edu002.edu_note' doesn't exist
 [ SQL语句 ] : SELECT * FROM `edu_note` WHERE ( `id` = '35' ) LIMIT 1  
NOTIC: [8192] preg_replace(): The /e modifier is deprecated, use preg_replace_callback instead H:\study\wamp64\www\online-study\ThinkPHP\Lib\Core\Db.class.php 第 604 行.
SQL: SELECT `username` FROM `edu_users` LIMIT 1   [ RunTime:0.000873s ]
NOTIC: [8192] preg_replace(): The /e modifier is deprecated, use preg_replace_callback instead H:\study\wamp64\www\online-study\ThinkPHP\Lib\Core\Db.class.php 第 604 行.
SQL: SELECT `videoname` FROM `edu_video` LIMIT 1   [ RunTime:0.000835s ]
NOTIC: [8192] preg_replace(): The /e modifier is deprecated, use preg_replace_callback instead H:\study\wamp64\www\online-study\ThinkPHP\Lib\Core\Db.class.php 第 604 行.
SQL: SELECT * FROM `edu_note` WHERE ( `id` = '38' ) LIMIT 1   [ RunTime:0.000877s ]
ERR: 1146:Table 'edu002.edu_note' doesn't exist
 [ SQL语句 ] : SELECT * FROM `edu_note` WHERE ( `id` = '38' ) LIMIT 1  
NOTIC: [8192] preg_replace(): The /e modifier is deprecated, use preg_replace_callback instead H:\study\wamp64\www\online-study\ThinkPHP\Lib\Core\Db.class.php 第 604 行.
SQL: SELECT `username` FROM `edu_users` LIMIT 1   [ RunTime:0.000948s ]
NOTIC: [8192] preg_replace(): The /e modifier is deprecated, use preg_replace_callback instead H:\study\wamp64\www\online-study\ThinkPHP\Lib\Core\Db.class.php 第 604 行.
SQL: SELECT `videoname` FROM `edu_video` LIMIT 1   [ RunTime:0.001100s ]
SQL: select uid,count(*) num from edu_note group by uid order by num desc limit 8 [ RunTime:0.000898s ]
ERR: 1146:Table 'edu002.edu_note' doesn't exist
 [ SQL语句 ] : select uid,count(*) num from edu_note group by uid order by num desc limit 8
NOTIC: [2] Invalid argument supplied for foreach() H:\study\wamp64\www\online-study\Home\Lib\Action\IndexAction.class.php 第 79 行.
SQL: SHOW COLUMNS FROM `edu_cat` [ RunTime:0.001181s ]
NOTIC: [8192] preg_replace(): The /e modifier is deprecated, use preg_replace_callback instead H:\study\wamp64\www\online-study\ThinkPHP\Lib\Core\Db.class.php 第 604 行.
SQL: SELECT `id`,`name` FROM `edu_cat` WHERE ( pid!=0 )  [ RunTime:0.000714s ]
SQL: SHOW COLUMNS FROM `bbs_message` [ RunTime:0.001350s ]
NOTIC: [8192] preg_replace(): The /e modifier is deprecated, use preg_replace_callback instead H:\study\wamp64\www\online-study\ThinkPHP\Lib\Core\Db.class.php 第 604 行.
SQL: SELECT `id`,`title` FROM `bbs_message` WHERE ( (`keyword` LIKE '11') OR (`keyword` LIKE '%,11') OR (`keyword` LIKE '11,%') OR (`keyword` LIKE '%,11,%') ) AND ( `status` = '1' ) ORDER BY addtime desc LIMIT 3   [ RunTime:0.000888s ]
NOTIC: [8192] preg_replace(): The /e modifier is deprecated, use preg_replace_callback instead H:\study\wamp64\www\online-study\ThinkPHP\Lib\Core\Db.class.php 第 604 行.
SQL: SELECT COUNT(*) AS tp_count FROM `bbs_message` WHERE ( (`keyword` LIKE '11') OR (`keyword` LIKE '%,11') OR (`keyword` LIKE '11,%') OR (`keyword` LIKE '%,11,%') ) AND ( `status` = '1' ) LIMIT 1   [ RunTime:0.000813s ]
NOTIC: [8192] preg_replace(): The /e modifier is deprecated, use preg_replace_callback instead H:\study\wamp64\www\online-study\ThinkPHP\Lib\Core\Db.class.php 第 604 行.
SQL: SELECT `id`,`title` FROM `bbs_message` WHERE ( (`keyword` LIKE '28') OR (`keyword` LIKE '%,28') OR (`keyword` LIKE '28,%') OR (`keyword` LIKE '%,28,%') ) AND ( `status` = '1' ) ORDER BY addtime desc LIMIT 3   [ RunTime:0.000743s ]
NOTIC: [8192] preg_replace(): The /e modifier is deprecated, use preg_replace_callback instead H:\study\wamp64\www\online-study\ThinkPHP\Lib\Core\Db.class.php 第 604 行.
SQL: SELECT COUNT(*) AS tp_count FROM `bbs_message` WHERE ( (`keyword` LIKE '28') OR (`keyword` LIKE '%,28') OR (`keyword` LIKE '28,%') OR (`keyword` LIKE '%,28,%') ) AND ( `status` = '1' ) LIMIT 1   [ RunTime:0.000708s ]
NOTIC: [8192] preg_replace(): The /e modifier is deprecated, use preg_replace_callback instead H:\study\wamp64\www\online-study\ThinkPHP\Lib\Core\Db.class.php 第 604 行.
SQL: SELECT `id`,`title` FROM `bbs_message` WHERE ( (`keyword` LIKE '9') OR (`keyword` LIKE '%,9') OR (`keyword` LIKE '9,%') OR (`keyword` LIKE '%,9,%') ) AND ( `status` = '1' ) ORDER BY addtime desc LIMIT 3   [ RunTime:0.000859s ]
NOTIC: [8192] preg_replace(): The /e modifier is deprecated, use preg_replace_callback instead H:\study\wamp64\www\online-study\ThinkPHP\Lib\Core\Db.class.php 第 604 行.
SQL: SELECT COUNT(*) AS tp_count FROM `bbs_message` WHERE ( (`keyword` LIKE '9') OR (`keyword` LIKE '%,9') OR (`keyword` LIKE '9,%') OR (`keyword` LIKE '%,9,%') ) AND ( `status` = '1' ) LIMIT 1   [ RunTime:0.001065s ]
NOTIC: [8192] preg_replace(): The /e modifier is deprecated, use preg_replace_callback instead H:\study\wamp64\www\online-study\ThinkPHP\Lib\Core\Db.class.php 第 604 行.
SQL: SELECT `id`,`title` FROM `bbs_message` WHERE ( (`keyword` LIKE '12') OR (`keyword` LIKE '%,12') OR (`keyword` LIKE '12,%') OR (`keyword` LIKE '%,12,%') ) AND ( `status` = '1' ) ORDER BY addtime desc LIMIT 3   [ RunTime:0.001044s ]
NOTIC: [8192] preg_replace(): The /e modifier is deprecated, use preg_replace_callback instead H:\study\wamp64\www\online-study\ThinkPHP\Lib\Core\Db.class.php 第 604 行.
SQL: SELECT COUNT(*) AS tp_count FROM `bbs_message` WHERE ( (`keyword` LIKE '12') OR (`keyword` LIKE '%,12') OR (`keyword` LIKE '12,%') OR (`keyword` LIKE '%,12,%') ) AND ( `status` = '1' ) LIMIT 1   [ RunTime:0.000884s ]
NOTIC: [8192] preg_replace(): The /e modifier is deprecated, use preg_replace_callback instead H:\study\wamp64\www\online-study\ThinkPHP\Lib\Core\Db.class.php 第 604 行.
SQL: SELECT `id`,`title` FROM `bbs_message` WHERE ( (`keyword` LIKE '14') OR (`keyword` LIKE '%,14') OR (`keyword` LIKE '14,%') OR (`keyword` LIKE '%,14,%') ) AND ( `status` = '1' ) ORDER BY addtime desc LIMIT 3   [ RunTime:0.000833s ]
NOTIC: [8192] preg_replace(): The /e modifier is deprecated, use preg_replace_callback instead H:\study\wamp64\www\online-study\ThinkPHP\Lib\Core\Db.class.php 第 604 行.
SQL: SELECT COUNT(*) AS tp_count FROM `bbs_message` WHERE ( (`keyword` LIKE '14') OR (`keyword` LIKE '%,14') OR (`keyword` LIKE '14,%') OR (`keyword` LIKE '%,14,%') ) AND ( `status` = '1' ) LIMIT 1   [ RunTime:0.000768s ]
NOTIC: [8192] preg_replace(): The /e modifier is deprecated, use preg_replace_callback instead H:\study\wamp64\www\online-study\ThinkPHP\Lib\Core\Db.class.php 第 604 行.
SQL: SELECT `id`,`title` FROM `bbs_message` WHERE ( (`keyword` LIKE '19') OR (`keyword` LIKE '%,19') OR (`keyword` LIKE '19,%') OR (`keyword` LIKE '%,19,%') ) AND ( `status` = '1' ) ORDER BY addtime desc LIMIT 3   [ RunTime:0.000716s ]
NOTIC: [8192] preg_replace(): The /e modifier is deprecated, use preg_replace_callback instead H:\study\wamp64\www\online-study\ThinkPHP\Lib\Core\Db.class.php 第 604 行.
SQL: SELECT COUNT(*) AS tp_count FROM `bbs_message` WHERE ( (`keyword` LIKE '19') OR (`keyword` LIKE '%,19') OR (`keyword` LIKE '19,%') OR (`keyword` LIKE '%,19,%') ) AND ( `status` = '1' ) LIMIT 1   [ RunTime:0.000695s ]
SQL: SHOW COLUMNS FROM `bbs_question` [ RunTime:0.001320s ]
NOTIC: [8192] preg_replace(): The /e modifier is deprecated, use preg_replace_callback instead H:\study\wamp64\www\online-study\ThinkPHP\Lib\Core\Db.class.php 第 604 行.
SQL: SELECT `id`,`uid`,`content` FROM `bbs_question` WHERE ( `status` = '1' ) AND ( `isbest` = '1' ) AND ( `replay` <> '' ) ORDER BY addtime desc LIMIT 6   [ RunTime:0.001052s ]
NOTIC: [8192] preg_replace(): The /e modifier is deprecated, use preg_replace_callback instead H:\study\wamp64\www\online-study\ThinkPHP\Lib\Core\Db.class.php 第 604 行.
SQL: SELECT `username`,`name` FROM `edu_users` WHERE ( `id` = 65 ) LIMIT 1   [ RunTime:0.000642s ]
NOTIC: [8192] preg_replace(): The /e modifier is deprecated, use preg_replace_callback instead H:\study\wamp64\www\online-study\ThinkPHP\Lib\Core\Db.class.php 第 604 行.
SQL: SELECT `username`,`name` FROM `edu_users` WHERE ( `id` = 93 ) LIMIT 1   [ RunTime:0.000592s ]
NOTIC: [8192] preg_replace(): The /e modifier is deprecated, use preg_replace_callback instead H:\study\wamp64\www\online-study\ThinkPHP\Lib\Core\Db.class.php 第 604 行.
SQL: SELECT `username`,`name` FROM `edu_users` WHERE ( `id` = 76 ) LIMIT 1   [ RunTime:0.000706s ]
NOTIC: [8192] preg_replace(): The /e modifier is deprecated, use preg_replace_callback instead H:\study\wamp64\www\online-study\ThinkPHP\Lib\Core\Db.class.php 第 604 行.
SQL: SELECT `username`,`name` FROM `edu_users` WHERE ( `id` = 74 ) LIMIT 1   [ RunTime:0.000633s ]
NOTIC: [8192] preg_replace(): The /e modifier is deprecated, use preg_replace_callback instead H:\study\wamp64\www\online-study\ThinkPHP\Lib\Core\Db.class.php 第 604 行.
SQL: SELECT `username`,`name` FROM `edu_users` WHERE ( `id` = 71 ) LIMIT 1   [ RunTime:0.000628s ]
NOTIC: [8192] preg_replace(): The /e modifier is deprecated, use preg_replace_callback instead H:\study\wamp64\www\online-study\ThinkPHP\Lib\Core\Db.class.php 第 604 行.
SQL: SELECT `username`,`name` FROM `edu_users` WHERE ( `id` = 69 ) LIMIT 1   [ RunTime:0.000565s ]
SQL: SHOW COLUMNS FROM `edu_flink` [ RunTime:0.001243s ]
NOTIC: [8192] preg_replace(): The /e modifier is deprecated, use preg_replace_callback instead H:\study\wamp64\www\online-study\ThinkPHP\Lib\Core\Db.class.php 第 604 行.
SQL: SELECT * FROM `edu_flink` WHERE ( status=2 )  [ RunTime:0.000598s ]
ERR: 1054:Unknown column 'status' in 'where clause'
 [ SQL语句 ] : SELECT * FROM `edu_flink` WHERE ( status=2 ) 
NOTIC: [8] Undefined index: user H:\study\wamp64\www\online-study\Home\Lib\Action\IndexAction.class.php 第 132 行.
INFO: [ view_parse ] --START--
NOTIC: [8] Undefined index: user H:\study\wamp64\www\online-study\Home\Runtime\Cache\a0df498f3fa8ed5d3704c11b76d93149f0b249f5.file.index.html.php 第 126 行.
NOTIC: [8] Undefined index: user H:\study\wamp64\www\online-study\Home\Runtime\Cache\a0df498f3fa8ed5d3704c11b76d93149f0b249f5.file.index.html.php 第 185 行.
INFO: ParseTemplate Behavior ::run [ RunTime:0.011137s ]
INFO: [ view_parse ] --END-- [ RunTime:0.011261s ]
INFO: [ view_filter ] --START--
INFO: ContentReplace Behavior ::run [ RunTime:0.001435s ]
INFO: TokenBuild Behavior ::run [ RunTime:0.000736s ]
INFO: WriteHtmlCache Behavior ::run [ RunTime:0.000692s ]
INFO: ShowRuntime Behavior ::run [ RunTime:0.001110s ]
INFO: [ view_filter ] --END-- [ RunTime:0.004388s ]
INFO: [ view_end ] --START--
INFO: ShowPageTrace Behavior ::run [ RunTime:0.002292s ]
INFO: [ view_end ] --END-- [ RunTime:0.002536s ]

