[ 2019-06-09T20:42:13+08:00 ] 127.0.0.1 /online-study/index/Library/detail/id/51
INFO: [ route_check ] --START--
INFO: CheckRoute Behavior ::run [ RunTime:0.000542s ]
INFO: [ route_check ] --END-- [ RunTime:0.000662s ]
NOTIC: [8192] preg_replace(): The /e modifier is deprecated, use preg_replace_callback instead H:\study\wamp64\www\online-study\ThinkPHP\Lib\Core\Dispatcher.class.php 第 132 行.
INFO: [ app_begin ] --START--
INFO: ReadHtmlCache Behavior ::run [ RunTime:0.000423s ]
INFO: [ app_begin ] --END-- [ RunTime:0.000521s ]
NOTIC: [8] Undefined index: _type H:\study\wamp64\www\online-study\ThinkPHP\Lib\Core\Model.class.php 第 583 行.
NOTIC: [8192] preg_replace(): The /e modifier is deprecated, use preg_replace_callback instead H:\study\wamp64\www\online-study\ThinkPHP\Lib\Core\Db.class.php 第 604 行.
NOTIC: [8192] mysql_escape_string(): This function is deprecated; use mysql_real_escape_string() instead. H:\study\wamp64\www\online-study\ThinkPHP\Lib\Driver\Db\DbMysql.class.php 第 333 行.
NOTIC: [8192] mysql_connect(): The mysql extension is deprecated and will be removed in the future: use mysqli or PDO instead H:\study\wamp64\www\online-study\ThinkPHP\Lib\Driver\Db\DbMysql.class.php 第 55 行.
SQL: SELECT * FROM `edu_library` WHERE ( `id` = '51' ) LIMIT 1   [ RunTime:0.001665s ]
NOTIC: [8] Undefined index: _type H:\study\wamp64\www\online-study\ThinkPHP\Lib\Core\Model.class.php 第 583 行.
NOTIC: [8] Undefined index: _type H:\study\wamp64\www\online-study\ThinkPHP\Lib\Core\Model.class.php 第 583 行.
NOTIC: [8] Undefined index: _type H:\study\wamp64\www\online-study\ThinkPHP\Lib\Core\Model.class.php 第 583 行.
NOTIC: [8] Undefined index: _type H:\study\wamp64\www\online-study\ThinkPHP\Lib\Core\Model.class.php 第 583 行.
NOTIC: [8] Undefined index: _type H:\study\wamp64\www\online-study\ThinkPHP\Lib\Core\Model.class.php 第 583 行.
NOTIC: [8] Undefined index: _type H:\study\wamp64\www\online-study\ThinkPHP\Lib\Core\Model.class.php 第 583 行.
NOTIC: [8] Undefined index: _type H:\study\wamp64\www\online-study\ThinkPHP\Lib\Core\Model.class.php 第 583 行.
NOTIC: [8] Undefined index: _type H:\study\wamp64\www\online-study\ThinkPHP\Lib\Core\Model.class.php 第 583 行.
NOTIC: [8] Undefined index: _type H:\study\wamp64\www\online-study\ThinkPHP\Lib\Core\Model.class.php 第 583 行.
NOTIC: [8] Undefined index: _type H:\study\wamp64\www\online-study\ThinkPHP\Lib\Core\Model.class.php 第 583 行.
NOTIC: [8] Undefined index: _type H:\study\wamp64\www\online-study\ThinkPHP\Lib\Core\Model.class.php 第 583 行.
NOTIC: [8] Undefined index: _type H:\study\wamp64\www\online-study\ThinkPHP\Lib\Core\Model.class.php 第 583 行.
SQL: UPDATE `edu_library` SET `tid`='8',`uid`='95',`title`='linux.redhat系列',`name`='530eab6039c37.pdf',`size`='537957',`type`='application/pdf',`addtime`='1559467918',`favonum`='0',`clicknum`=2,`dwloadnum`='0',`status`='1' WHERE ( `id` = '51' ) [ RunTime:0.000991s ]
NOTIC: [8] Undefined index: _type H:\study\wamp64\www\online-study\ThinkPHP\Lib\Core\Model.class.php 第 583 行.
NOTIC: [8192] preg_replace(): The /e modifier is deprecated, use preg_replace_callback instead H:\study\wamp64\www\online-study\ThinkPHP\Lib\Core\Db.class.php 第 604 行.
SQL: SELECT * FROM `edu_users` WHERE ( `id` = '95' ) LIMIT 1   [ RunTime:0.001205s ]
SQL: SHOW COLUMNS FROM `edu_cat` [ RunTime:0.001229s ]
NOTIC: [8192] preg_replace(): The /e modifier is deprecated, use preg_replace_callback instead H:\study\wamp64\www\online-study\ThinkPHP\Lib\Core\Db.class.php 第 604 行.
SQL: SELECT `name` FROM `edu_cat` WHERE ( `id` = 8 ) LIMIT 1   [ RunTime:0.000707s ]
NOTIC: [2048] Only variables should be passed by reference H:\study\wamp64\www\online-study\Home\Lib\Action\LibraryAction.class.php 第 215 行.
SQL: SHOW COLUMNS FROM `edu_libcom` [ RunTime:0.001131s ]
ERR: 1146:Table 'edu002.edu_libcom' doesn't exist
 [ SQL语句 ] : SHOW COLUMNS FROM `edu_libcom`
NOTIC: [8192] preg_replace(): The /e modifier is deprecated, use preg_replace_callback instead H:\study\wamp64\www\online-study\ThinkPHP\Lib\Core\Db.class.php 第 604 行.
SQL: SELECT COUNT(*) AS tp_count FROM `edu_libcom` WHERE ( `lid` = '51' ) LIMIT 1   [ RunTime:0.000944s ]
ERR: 1146:Table 'edu002.edu_libcom' doesn't exist
 [ SQL语句 ] : SELECT COUNT(*) AS tp_count FROM `edu_libcom` WHERE ( `lid` = '51' ) LIMIT 1  
NOTIC: [8192] preg_replace(): The /e modifier is deprecated, use preg_replace_callback instead H:\study\wamp64\www\online-study\ThinkPHP\Lib\Core\Db.class.php 第 604 行.
SQL: SELECT * FROM `edu_libcom` WHERE ( `lid` = '51' ) ORDER BY addtime desc LIMIT 0,5   [ RunTime:0.000894s ]
ERR: 1146:Table 'edu002.edu_libcom' doesn't exist
 [ SQL语句 ] : SELECT * FROM `edu_libcom` WHERE ( `lid` = '51' ) ORDER BY addtime desc LIMIT 0,5  
NOTIC: [2] Invalid argument supplied for foreach() H:\study\wamp64\www\online-study\Home\Lib\Action\LibcomAction.class.php 第 24 行.
SQL: SHOW COLUMNS FROM `edu_zan` [ RunTime:0.001437s ]
SQL: SHOW COLUMNS FROM `edu_collect` [ RunTime:0.001816s ]
NOTIC: [8] Undefined index: user H:\study\wamp64\www\online-study\Home\Lib\Action\LibraryAction.class.php 第 225 行.
NOTIC: [8192] preg_replace(): The /e modifier is deprecated, use preg_replace_callback instead H:\study\wamp64\www\online-study\ThinkPHP\Lib\Core\Db.class.php 第 604 行.
SQL: SELECT * FROM `edu_zan` WHERE ( `uid` = null ) AND ( `lid` = '51' ) LIMIT 1   [ RunTime:0.001059s ]
NOTIC: [8192] preg_replace(): The /e modifier is deprecated, use preg_replace_callback instead H:\study\wamp64\www\online-study\ThinkPHP\Lib\Core\Db.class.php 第 604 行.
SQL: SELECT * FROM `edu_collect` WHERE ( `uid` = null ) AND ( `lid` = '51' ) LIMIT 1   [ RunTime:0.000900s ]
NOTIC: [8192] preg_replace(): The /e modifier is deprecated, use preg_replace_callback instead H:\study\wamp64\www\online-study\ThinkPHP\Lib\Core\Db.class.php 第 604 行.
SQL: SELECT COUNT(*) AS tp_count FROM `edu_collect` WHERE ( `uid` = null ) AND ( `lid` = '51' ) LIMIT 1   [ RunTime:0.000832s ]
NOTIC: [8192] preg_replace(): The /e modifier is deprecated, use preg_replace_callback instead H:\study\wamp64\www\online-study\ThinkPHP\Lib\Core\Db.class.php 第 604 行.
SQL: SELECT * FROM `edu_library` WHERE ( status=2 ) ORDER BY favonum desc LIMIT 10   [ RunTime:0.001143s ]
INFO: [ view_parse ] --START--
NOTIC: [8] Undefined index: com H:\study\wamp64\www\online-study\Home\Runtime\Cache\12ad97b8676788da21bb179b05b3c3dbfeb2a841.file.detail.html.php 第 86 行.
NOTIC: [8] Trying to get property of non-object H:\study\wamp64\www\online-study\Home\Runtime\Cache\12ad97b8676788da21bb179b05b3c3dbfeb2a841.file.detail.html.php 第 86 行.
NOTIC: [8] Undefined index: user H:\study\wamp64\www\online-study\Home\Runtime\Cache\954aebadd419e5b74239c6baf95fe1c609edee61.file.head.html.php 第 44 行.
NOTIC: [8] Undefined index: user H:\study\wamp64\www\online-study\Home\Runtime\Cache\954aebadd419e5b74239c6baf95fe1c609edee61.file.head.html.php 第 60 行.
NOTIC: [8] Undefined index: user H:\study\wamp64\www\online-study\Home\Runtime\Cache\12ad97b8676788da21bb179b05b3c3dbfeb2a841.file.detail.html.php 第 182 行.
NOTIC: [8] Undefined index: user H:\study\wamp64\www\online-study\Home\Runtime\Cache\12ad97b8676788da21bb179b05b3c3dbfeb2a841.file.detail.html.php 第 193 行.
NOTIC: [8] Undefined index: user H:\study\wamp64\www\online-study\Home\Runtime\Cache\12ad97b8676788da21bb179b05b3c3dbfeb2a841.file.detail.html.php 第 201 行.
NOTIC: [8] Undefined index: user H:\study\wamp64\www\online-study\Home\Runtime\Cache\12ad97b8676788da21bb179b05b3c3dbfeb2a841.file.detail.html.php 第 239 行.
NOTIC: [8] Undefined index: user H:\study\wamp64\www\online-study\Home\Runtime\Cache\12ad97b8676788da21bb179b05b3c3dbfeb2a841.file.detail.html.php 第 254 行.
NOTIC: [8] Undefined index: user H:\study\wamp64\www\online-study\Home\Runtime\Cache\12ad97b8676788da21bb179b05b3c3dbfeb2a841.file.detail.html.php 第 356 行.
NOTIC: [8] Undefined index: user H:\study\wamp64\www\online-study\Home\Runtime\Cache\12ad97b8676788da21bb179b05b3c3dbfeb2a841.file.detail.html.php 第 364 行.
INFO: ParseTemplate Behavior ::run [ RunTime:0.059218s ]
INFO: [ view_parse ] --END-- [ RunTime:0.059368s ]
INFO: [ view_filter ] --START--
INFO: ContentReplace Behavior ::run [ RunTime:0.000624s ]
INFO: TokenBuild Behavior ::run [ RunTime:0.000346s ]
INFO: WriteHtmlCache Behavior ::run [ RunTime:0.000330s ]
INFO: ShowRuntime Behavior ::run [ RunTime:0.000411s ]
INFO: [ view_filter ] --END-- [ RunTime:0.001971s ]
INFO: [ view_end ] --START--
INFO: ShowPageTrace Behavior ::run [ RunTime:0.000993s ]
INFO: [ view_end ] --END-- [ RunTime:0.001220s ]

[ 2019-06-09T20:42:20+08:00 ] 127.0.0.1 /online-study/index/Library/detail/id/51
INFO: [ route_check ] --START--
INFO: CheckRoute Behavior ::run [ RunTime:0.001064s ]
INFO: [ route_check ] --END-- [ RunTime:0.001282s ]
NOTIC: [8192] preg_replace(): The /e modifier is deprecated, use preg_replace_callback instead H:\study\wamp64\www\online-study\ThinkPHP\Lib\Core\Dispatcher.class.php 第 132 行.
INFO: [ app_begin ] --START--
INFO: ReadHtmlCache Behavior ::run [ RunTime:0.004373s ]
INFO: [ app_begin ] --END-- [ RunTime:0.004510s ]
NOTIC: [8] Undefined index: _type H:\study\wamp64\www\online-study\ThinkPHP\Lib\Core\Model.class.php 第 583 行.
NOTIC: [8192] preg_replace(): The /e modifier is deprecated, use preg_replace_callback instead H:\study\wamp64\www\online-study\ThinkPHP\Lib\Core\Db.class.php 第 604 行.
NOTIC: [8192] mysql_escape_string(): This function is deprecated; use mysql_real_escape_string() instead. H:\study\wamp64\www\online-study\ThinkPHP\Lib\Driver\Db\DbMysql.class.php 第 333 行.
NOTIC: [8192] mysql_connect(): The mysql extension is deprecated and will be removed in the future: use mysqli or PDO instead H:\study\wamp64\www\online-study\ThinkPHP\Lib\Driver\Db\DbMysql.class.php 第 55 行.
SQL: SELECT * FROM `edu_library` WHERE ( `id` = '51' ) LIMIT 1   [ RunTime:0.000806s ]
NOTIC: [8] Undefined index: _type H:\study\wamp64\www\online-study\ThinkPHP\Lib\Core\Model.class.php 第 583 行.
NOTIC: [8] Undefined index: _type H:\study\wamp64\www\online-study\ThinkPHP\Lib\Core\Model.class.php 第 583 行.
NOTIC: [8] Undefined index: _type H:\study\wamp64\www\online-study\ThinkPHP\Lib\Core\Model.class.php 第 583 行.
NOTIC: [8] Undefined index: _type H:\study\wamp64\www\online-study\ThinkPHP\Lib\Core\Model.class.php 第 583 行.
NOTIC: [8] Undefined index: _type H:\study\wamp64\www\online-study\ThinkPHP\Lib\Core\Model.class.php 第 583 行.
NOTIC: [8] Undefined index: _type H:\study\wamp64\www\online-study\ThinkPHP\Lib\Core\Model.class.php 第 583 行.
NOTIC: [8] Undefined index: _type H:\study\wamp64\www\online-study\ThinkPHP\Lib\Core\Model.class.php 第 583 行.
NOTIC: [8] Undefined index: _type H:\study\wamp64\www\online-study\ThinkPHP\Lib\Core\Model.class.php 第 583 行.
NOTIC: [8] Undefined index: _type H:\study\wamp64\www\online-study\ThinkPHP\Lib\Core\Model.class.php 第 583 行.
NOTIC: [8] Undefined index: _type H:\study\wamp64\www\online-study\ThinkPHP\Lib\Core\Model.class.php 第 583 行.
NOTIC: [8] Undefined index: _type H:\study\wamp64\www\online-study\ThinkPHP\Lib\Core\Model.class.php 第 583 行.
NOTIC: [8] Undefined index: _type H:\study\wamp64\www\online-study\ThinkPHP\Lib\Core\Model.class.php 第 583 行.
SQL: UPDATE `edu_library` SET `tid`='8',`uid`='95',`title`='linux.redhat系列',`name`='530eab6039c37.pdf',`size`='537957',`type`='application/pdf',`addtime`='1559467918',`favonum`='0',`clicknum`=3,`dwloadnum`='0',`status`='1' WHERE ( `id` = '51' ) [ RunTime:0.000728s ]
NOTIC: [8] Undefined index: _type H:\study\wamp64\www\online-study\ThinkPHP\Lib\Core\Model.class.php 第 583 行.
NOTIC: [8192] preg_replace(): The /e modifier is deprecated, use preg_replace_callback instead H:\study\wamp64\www\online-study\ThinkPHP\Lib\Core\Db.class.php 第 604 行.
SQL: SELECT * FROM `edu_users` WHERE ( `id` = '95' ) LIMIT 1   [ RunTime:0.000998s ]
SQL: SHOW COLUMNS FROM `edu_cat` [ RunTime:0.002320s ]
NOTIC: [8192] preg_replace(): The /e modifier is deprecated, use preg_replace_callback instead H:\study\wamp64\www\online-study\ThinkPHP\Lib\Core\Db.class.php 第 604 行.
SQL: SELECT `name` FROM `edu_cat` WHERE ( `id` = 8 ) LIMIT 1   [ RunTime:0.001103s ]
NOTIC: [2048] Only variables should be passed by reference H:\study\wamp64\www\online-study\Home\Lib\Action\LibraryAction.class.php 第 215 行.
SQL: SHOW COLUMNS FROM `edu_libcom` [ RunTime:0.001036s ]
ERR: 1146:Table 'edu002.edu_libcom' doesn't exist
 [ SQL语句 ] : SHOW COLUMNS FROM `edu_libcom`
NOTIC: [8192] preg_replace(): The /e modifier is deprecated, use preg_replace_callback instead H:\study\wamp64\www\online-study\ThinkPHP\Lib\Core\Db.class.php 第 604 行.
SQL: SELECT COUNT(*) AS tp_count FROM `edu_libcom` WHERE ( `lid` = '51' ) LIMIT 1   [ RunTime:0.000866s ]
ERR: 1146:Table 'edu002.edu_libcom' doesn't exist
 [ SQL语句 ] : SELECT COUNT(*) AS tp_count FROM `edu_libcom` WHERE ( `lid` = '51' ) LIMIT 1  
NOTIC: [8192] preg_replace(): The /e modifier is deprecated, use preg_replace_callback instead H:\study\wamp64\www\online-study\ThinkPHP\Lib\Core\Db.class.php 第 604 行.
SQL: SELECT * FROM `edu_libcom` WHERE ( `lid` = '51' ) ORDER BY addtime desc LIMIT 0,5   [ RunTime:0.000653s ]
ERR: 1146:Table 'edu002.edu_libcom' doesn't exist
 [ SQL语句 ] : SELECT * FROM `edu_libcom` WHERE ( `lid` = '51' ) ORDER BY addtime desc LIMIT 0,5  
NOTIC: [2] Invalid argument supplied for foreach() H:\study\wamp64\www\online-study\Home\Lib\Action\LibcomAction.class.php 第 24 行.
SQL: SHOW COLUMNS FROM `edu_zan` [ RunTime:0.001119s ]
SQL: SHOW COLUMNS FROM `edu_collect` [ RunTime:0.001133s ]
NOTIC: [8] Undefined index: user H:\study\wamp64\www\online-study\Home\Lib\Action\LibraryAction.class.php 第 225 行.
NOTIC: [8192] preg_replace(): The /e modifier is deprecated, use preg_replace_callback instead H:\study\wamp64\www\online-study\ThinkPHP\Lib\Core\Db.class.php 第 604 行.
SQL: SELECT * FROM `edu_zan` WHERE ( `uid` = null ) AND ( `lid` = '51' ) LIMIT 1   [ RunTime:0.000686s ]
NOTIC: [8192] preg_replace(): The /e modifier is deprecated, use preg_replace_callback instead H:\study\wamp64\www\online-study\ThinkPHP\Lib\Core\Db.class.php 第 604 行.
SQL: SELECT * FROM `edu_collect` WHERE ( `uid` = null ) AND ( `lid` = '51' ) LIMIT 1   [ RunTime:0.000649s ]
NOTIC: [8192] preg_replace(): The /e modifier is deprecated, use preg_replace_callback instead H:\study\wamp64\www\online-study\ThinkPHP\Lib\Core\Db.class.php 第 604 行.
SQL: SELECT COUNT(*) AS tp_count FROM `edu_collect` WHERE ( `uid` = null ) AND ( `lid` = '51' ) LIMIT 1   [ RunTime:0.000594s ]
NOTIC: [8192] preg_replace(): The /e modifier is deprecated, use preg_replace_callback instead H:\study\wamp64\www\online-study\ThinkPHP\Lib\Core\Db.class.php 第 604 行.
SQL: SELECT * FROM `edu_library` WHERE ( status=2 ) ORDER BY favonum desc LIMIT 10   [ RunTime:0.001558s ]
INFO: [ view_parse ] --START--
NOTIC: [8] Undefined index: com H:\study\wamp64\www\online-study\Home\Runtime\Cache\12ad97b8676788da21bb179b05b3c3dbfeb2a841.file.detail.html.php 第 86 行.
NOTIC: [8] Trying to get property of non-object H:\study\wamp64\www\online-study\Home\Runtime\Cache\12ad97b8676788da21bb179b05b3c3dbfeb2a841.file.detail.html.php 第 86 行.
NOTIC: [8] Undefined index: user H:\study\wamp64\www\online-study\Home\Runtime\Cache\954aebadd419e5b74239c6baf95fe1c609edee61.file.head.html.php 第 44 行.
NOTIC: [8] Undefined index: user H:\study\wamp64\www\online-study\Home\Runtime\Cache\954aebadd419e5b74239c6baf95fe1c609edee61.file.head.html.php 第 60 行.
NOTIC: [8] Undefined index: user H:\study\wamp64\www\online-study\Home\Runtime\Cache\12ad97b8676788da21bb179b05b3c3dbfeb2a841.file.detail.html.php 第 182 行.
NOTIC: [8] Undefined index: user H:\study\wamp64\www\online-study\Home\Runtime\Cache\12ad97b8676788da21bb179b05b3c3dbfeb2a841.file.detail.html.php 第 193 行.
NOTIC: [8] Undefined index: user H:\study\wamp64\www\online-study\Home\Runtime\Cache\12ad97b8676788da21bb179b05b3c3dbfeb2a841.file.detail.html.php 第 201 行.
NOTIC: [8] Undefined index: user H:\study\wamp64\www\online-study\Home\Runtime\Cache\12ad97b8676788da21bb179b05b3c3dbfeb2a841.file.detail.html.php 第 239 行.
NOTIC: [8] Undefined index: user H:\study\wamp64\www\online-study\Home\Runtime\Cache\12ad97b8676788da21bb179b05b3c3dbfeb2a841.file.detail.html.php 第 254 行.
NOTIC: [8] Undefined index: user H:\study\wamp64\www\online-study\Home\Runtime\Cache\12ad97b8676788da21bb179b05b3c3dbfeb2a841.file.detail.html.php 第 356 行.
NOTIC: [8] Undefined index: user H:\study\wamp64\www\online-study\Home\Runtime\Cache\12ad97b8676788da21bb179b05b3c3dbfeb2a841.file.detail.html.php 第 364 行.
INFO: ParseTemplate Behavior ::run [ RunTime:0.012004s ]
INFO: [ view_parse ] --END-- [ RunTime:0.012193s ]
INFO: [ view_filter ] --START--
INFO: ContentReplace Behavior ::run [ RunTime:0.000964s ]
INFO: TokenBuild Behavior ::run [ RunTime:0.001059s ]
INFO: WriteHtmlCache Behavior ::run [ RunTime:0.000518s ]
INFO: ShowRuntime Behavior ::run [ RunTime:0.000872s ]
INFO: [ view_filter ] --END-- [ RunTime:0.003928s ]
INFO: [ view_end ] --START--
INFO: ShowPageTrace Behavior ::run [ RunTime:0.000721s ]
INFO: [ view_end ] --END-- [ RunTime:0.000857s ]

[ 2019-06-09T20:42:39+08:00 ] 127.0.0.1 /online-study/index/Library/detail/id/56
INFO: [ route_check ] --START--
INFO: CheckRoute Behavior ::run [ RunTime:0.001417s ]
INFO: [ route_check ] --END-- [ RunTime:0.001724s ]
NOTIC: [8192] preg_replace(): The /e modifier is deprecated, use preg_replace_callback instead H:\study\wamp64\www\online-study\ThinkPHP\Lib\Core\Dispatcher.class.php 第 132 行.
INFO: [ app_begin ] --START--
INFO: ReadHtmlCache Behavior ::run [ RunTime:0.001124s ]
INFO: [ app_begin ] --END-- [ RunTime:0.001372s ]
NOTIC: [8] Undefined index: _type H:\study\wamp64\www\online-study\ThinkPHP\Lib\Core\Model.class.php 第 583 行.
NOTIC: [8192] preg_replace(): The /e modifier is deprecated, use preg_replace_callback instead H:\study\wamp64\www\online-study\ThinkPHP\Lib\Core\Db.class.php 第 604 行.
NOTIC: [8192] mysql_escape_string(): This function is deprecated; use mysql_real_escape_string() instead. H:\study\wamp64\www\online-study\ThinkPHP\Lib\Driver\Db\DbMysql.class.php 第 333 行.
NOTIC: [8192] mysql_connect(): The mysql extension is deprecated and will be removed in the future: use mysqli or PDO instead H:\study\wamp64\www\online-study\ThinkPHP\Lib\Driver\Db\DbMysql.class.php 第 55 行.
SQL: SELECT * FROM `edu_library` WHERE ( `id` = '56' ) LIMIT 1   [ RunTime:0.000577s ]
NOTIC: [8] Undefined index: _type H:\study\wamp64\www\online-study\ThinkPHP\Lib\Core\Model.class.php 第 583 行.
NOTIC: [8] Undefined index: _type H:\study\wamp64\www\online-study\ThinkPHP\Lib\Core\Model.class.php 第 583 行.
NOTIC: [8] Undefined index: _type H:\study\wamp64\www\online-study\ThinkPHP\Lib\Core\Model.class.php 第 583 行.
NOTIC: [8] Undefined index: _type H:\study\wamp64\www\online-study\ThinkPHP\Lib\Core\Model.class.php 第 583 行.
NOTIC: [8] Undefined index: _type H:\study\wamp64\www\online-study\ThinkPHP\Lib\Core\Model.class.php 第 583 行.
NOTIC: [8] Undefined index: _type H:\study\wamp64\www\online-study\ThinkPHP\Lib\Core\Model.class.php 第 583 行.
NOTIC: [8] Undefined index: _type H:\study\wamp64\www\online-study\ThinkPHP\Lib\Core\Model.class.php 第 583 行.
NOTIC: [8] Undefined index: _type H:\study\wamp64\www\online-study\ThinkPHP\Lib\Core\Model.class.php 第 583 行.
NOTIC: [8] Undefined index: _type H:\study\wamp64\www\online-study\ThinkPHP\Lib\Core\Model.class.php 第 583 行.
NOTIC: [8] Undefined index: _type H:\study\wamp64\www\online-study\ThinkPHP\Lib\Core\Model.class.php 第 583 行.
NOTIC: [8] Undefined index: _type H:\study\wamp64\www\online-study\ThinkPHP\Lib\Core\Model.class.php 第 583 行.
NOTIC: [8] Undefined index: _type H:\study\wamp64\www\online-study\ThinkPHP\Lib\Core\Model.class.php 第 583 行.
SQL: UPDATE `edu_library` SET `tid`='10',`uid`='98',`title`='Linux开发',`name`='5cf75faa7cca3.pdf',`size`='1150287',`type`='application/pdf',`addtime`='1559715754',`favonum`='0',`clicknum`=4,`dwloadnum`='0',`status`='2' WHERE ( `id` = '56' ) [ RunTime:0.000500s ]
NOTIC: [8] Undefined index: _type H:\study\wamp64\www\online-study\ThinkPHP\Lib\Core\Model.class.php 第 583 行.
NOTIC: [8192] preg_replace(): The /e modifier is deprecated, use preg_replace_callback instead H:\study\wamp64\www\online-study\ThinkPHP\Lib\Core\Db.class.php 第 604 行.
SQL: SELECT * FROM `edu_users` WHERE ( `id` = '98' ) LIMIT 1   [ RunTime:0.000843s ]
SQL: SHOW COLUMNS FROM `edu_cat` [ RunTime:0.000902s ]
NOTIC: [8192] preg_replace(): The /e modifier is deprecated, use preg_replace_callback instead H:\study\wamp64\www\online-study\ThinkPHP\Lib\Core\Db.class.php 第 604 行.
SQL: SELECT `name` FROM `edu_cat` WHERE ( `id` = 10 ) LIMIT 1   [ RunTime:0.000488s ]
NOTIC: [2048] Only variables should be passed by reference H:\study\wamp64\www\online-study\Home\Lib\Action\LibraryAction.class.php 第 215 行.
SQL: SHOW COLUMNS FROM `edu_libcom` [ RunTime:0.000830s ]
ERR: 1146:Table 'edu002.edu_libcom' doesn't exist
 [ SQL语句 ] : SHOW COLUMNS FROM `edu_libcom`
NOTIC: [8192] preg_replace(): The /e modifier is deprecated, use preg_replace_callback instead H:\study\wamp64\www\online-study\ThinkPHP\Lib\Core\Db.class.php 第 604 行.
SQL: SELECT COUNT(*) AS tp_count FROM `edu_libcom` WHERE ( `lid` = '56' ) LIMIT 1   [ RunTime:0.000494s ]
ERR: 1146:Table 'edu002.edu_libcom' doesn't exist
 [ SQL语句 ] : SELECT COUNT(*) AS tp_count FROM `edu_libcom` WHERE ( `lid` = '56' ) LIMIT 1  
NOTIC: [8192] preg_replace(): The /e modifier is deprecated, use preg_replace_callback instead H:\study\wamp64\www\online-study\ThinkPHP\Lib\Core\Db.class.php 第 604 行.
SQL: SELECT * FROM `edu_libcom` WHERE ( `lid` = '56' ) ORDER BY addtime desc LIMIT 0,5   [ RunTime:0.000449s ]
ERR: 1146:Table 'edu002.edu_libcom' doesn't exist
 [ SQL语句 ] : SELECT * FROM `edu_libcom` WHERE ( `lid` = '56' ) ORDER BY addtime desc LIMIT 0,5  
NOTIC: [2] Invalid argument supplied for foreach() H:\study\wamp64\www\online-study\Home\Lib\Action\LibcomAction.class.php 第 24 行.
SQL: SHOW COLUMNS FROM `edu_zan` [ RunTime:0.000836s ]
SQL: SHOW COLUMNS FROM `edu_collect` [ RunTime:0.000724s ]
NOTIC: [8] Undefined index: user H:\study\wamp64\www\online-study\Home\Lib\Action\LibraryAction.class.php 第 225 行.
NOTIC: [8192] preg_replace(): The /e modifier is deprecated, use preg_replace_callback instead H:\study\wamp64\www\online-study\ThinkPHP\Lib\Core\Db.class.php 第 604 行.
SQL: SELECT * FROM `edu_zan` WHERE ( `uid` = null ) AND ( `lid` = '56' ) LIMIT 1   [ RunTime:0.000426s ]
NOTIC: [8192] preg_replace(): The /e modifier is deprecated, use preg_replace_callback instead H:\study\wamp64\www\online-study\ThinkPHP\Lib\Core\Db.class.php 第 604 行.
SQL: SELECT * FROM `edu_collect` WHERE ( `uid` = null ) AND ( `lid` = '56' ) LIMIT 1   [ RunTime:0.000386s ]
NOTIC: [8192] preg_replace(): The /e modifier is deprecated, use preg_replace_callback instead H:\study\wamp64\www\online-study\ThinkPHP\Lib\Core\Db.class.php 第 604 行.
SQL: SELECT COUNT(*) AS tp_count FROM `edu_collect` WHERE ( `uid` = null ) AND ( `lid` = '56' ) LIMIT 1   [ RunTime:0.000362s ]
NOTIC: [8192] preg_replace(): The /e modifier is deprecated, use preg_replace_callback instead H:\study\wamp64\www\online-study\ThinkPHP\Lib\Core\Db.class.php 第 604 行.
SQL: SELECT * FROM `edu_library` WHERE ( status=2 ) ORDER BY favonum desc LIMIT 10   [ RunTime:0.000634s ]
INFO: [ view_parse ] --START--
NOTIC: [8] Undefined index: com H:\study\wamp64\www\online-study\Home\Runtime\Cache\12ad97b8676788da21bb179b05b3c3dbfeb2a841.file.detail.html.php 第 86 行.
NOTIC: [8] Trying to get property of non-object H:\study\wamp64\www\online-study\Home\Runtime\Cache\12ad97b8676788da21bb179b05b3c3dbfeb2a841.file.detail.html.php 第 86 行.
NOTIC: [8] Undefined index: user H:\study\wamp64\www\online-study\Home\Runtime\Cache\954aebadd419e5b74239c6baf95fe1c609edee61.file.head.html.php 第 44 行.
NOTIC: [8] Undefined index: user H:\study\wamp64\www\online-study\Home\Runtime\Cache\954aebadd419e5b74239c6baf95fe1c609edee61.file.head.html.php 第 60 行.
NOTIC: [8] Undefined index: user H:\study\wamp64\www\online-study\Home\Runtime\Cache\12ad97b8676788da21bb179b05b3c3dbfeb2a841.file.detail.html.php 第 182 行.
NOTIC: [8] Undefined index: user H:\study\wamp64\www\online-study\Home\Runtime\Cache\12ad97b8676788da21bb179b05b3c3dbfeb2a841.file.detail.html.php 第 193 行.
NOTIC: [8] Undefined index: user H:\study\wamp64\www\online-study\Home\Runtime\Cache\12ad97b8676788da21bb179b05b3c3dbfeb2a841.file.detail.html.php 第 201 行.
NOTIC: [8] Undefined index: user H:\study\wamp64\www\online-study\Home\Runtime\Cache\12ad97b8676788da21bb179b05b3c3dbfeb2a841.file.detail.html.php 第 239 行.
NOTIC: [8] Undefined index: user H:\study\wamp64\www\online-study\Home\Runtime\Cache\12ad97b8676788da21bb179b05b3c3dbfeb2a841.file.detail.html.php 第 254 行.
NOTIC: [8] Undefined index: user H:\study\wamp64\www\online-study\Home\Runtime\Cache\12ad97b8676788da21bb179b05b3c3dbfeb2a841.file.detail.html.php 第 356 行.
NOTIC: [8] Undefined index: user H:\study\wamp64\www\online-study\Home\Runtime\Cache\12ad97b8676788da21bb179b05b3c3dbfeb2a841.file.detail.html.php 第 364 行.
INFO: ParseTemplate Behavior ::run [ RunTime:0.013285s ]
INFO: [ view_parse ] --END-- [ RunTime:0.013401s ]
INFO: [ view_filter ] --START--
INFO: ContentReplace Behavior ::run [ RunTime:0.000463s ]
INFO: TokenBuild Behavior ::run [ RunTime:0.000350s ]
INFO: WriteHtmlCache Behavior ::run [ RunTime:0.000222s ]
INFO: ShowRuntime Behavior ::run [ RunTime:0.000417s ]
INFO: [ view_filter ] --END-- [ RunTime:0.001718s ]
INFO: [ view_end ] --START--
INFO: ShowPageTrace Behavior ::run [ RunTime:0.000778s ]
INFO: [ view_end ] --END-- [ RunTime:0.001170s ]

[ 2019-06-09T21:23:44+08:00 ] 127.0.0.1 /online-study/index/Library/detail/id/55
INFO: [ route_check ] --START--
INFO: CheckRoute Behavior ::run [ RunTime:0.000790s ]
INFO: [ route_check ] --END-- [ RunTime:0.000920s ]
NOTIC: [8192] preg_replace(): The /e modifier is deprecated, use preg_replace_callback instead H:\study\wamp64\www\online-study\ThinkPHP\Lib\Core\Dispatcher.class.php 第 132 行.
INFO: [ app_begin ] --START--
INFO: ReadHtmlCache Behavior ::run [ RunTime:0.000558s ]
INFO: [ app_begin ] --END-- [ RunTime:0.000672s ]
NOTIC: [8] Undefined index: _type H:\study\wamp64\www\online-study\ThinkPHP\Lib\Core\Model.class.php 第 583 行.
NOTIC: [8192] preg_replace(): The /e modifier is deprecated, use preg_replace_callback instead H:\study\wamp64\www\online-study\ThinkPHP\Lib\Core\Db.class.php 第 604 行.
NOTIC: [8192] mysql_escape_string(): This function is deprecated; use mysql_real_escape_string() instead. H:\study\wamp64\www\online-study\ThinkPHP\Lib\Driver\Db\DbMysql.class.php 第 333 行.
NOTIC: [8192] mysql_connect(): The mysql extension is deprecated and will be removed in the future: use mysqli or PDO instead H:\study\wamp64\www\online-study\ThinkPHP\Lib\Driver\Db\DbMysql.class.php 第 55 行.
SQL: SELECT * FROM `edu_library` WHERE ( `id` = '55' ) LIMIT 1   [ RunTime:0.000780s ]
NOTIC: [8] Undefined index: _type H:\study\wamp64\www\online-study\ThinkPHP\Lib\Core\Model.class.php 第 583 行.
NOTIC: [8] Undefined index: _type H:\study\wamp64\www\online-study\ThinkPHP\Lib\Core\Model.class.php 第 583 行.
NOTIC: [8] Undefined index: _type H:\study\wamp64\www\online-study\ThinkPHP\Lib\Core\Model.class.php 第 583 行.
NOTIC: [8] Undefined index: _type H:\study\wamp64\www\online-study\ThinkPHP\Lib\Core\Model.class.php 第 583 行.
NOTIC: [8] Undefined index: _type H:\study\wamp64\www\online-study\ThinkPHP\Lib\Core\Model.class.php 第 583 行.
NOTIC: [8] Undefined index: _type H:\study\wamp64\www\online-study\ThinkPHP\Lib\Core\Model.class.php 第 583 行.
NOTIC: [8] Undefined index: _type H:\study\wamp64\www\online-study\ThinkPHP\Lib\Core\Model.class.php 第 583 行.
NOTIC: [8] Undefined index: _type H:\study\wamp64\www\online-study\ThinkPHP\Lib\Core\Model.class.php 第 583 行.
NOTIC: [8] Undefined index: _type H:\study\wamp64\www\online-study\ThinkPHP\Lib\Core\Model.class.php 第 583 行.
NOTIC: [8] Undefined index: _type H:\study\wamp64\www\online-study\ThinkPHP\Lib\Core\Model.class.php 第 583 行.
NOTIC: [8] Undefined index: _type H:\study\wamp64\www\online-study\ThinkPHP\Lib\Core\Model.class.php 第 583 行.
SQL: UPDATE `edu_library` SET `tid`='0',`uid`='0',`title`='python',`name`=null,`size`='0',`type`='',`addtime`='1559467918',`favonum`='0',`clicknum`=2,`dwloadnum`='0',`status`='2' WHERE ( `id` = '55' ) [ RunTime:0.000696s ]
NOTIC: [8] Undefined index: _type H:\study\wamp64\www\online-study\ThinkPHP\Lib\Core\Model.class.php 第 583 行.
NOTIC: [8192] preg_replace(): The /e modifier is deprecated, use preg_replace_callback instead H:\study\wamp64\www\online-study\ThinkPHP\Lib\Core\Db.class.php 第 604 行.
SQL: SELECT * FROM `edu_users` WHERE ( `id` = '0' ) LIMIT 1   [ RunTime:0.000868s ]
SQL: SHOW COLUMNS FROM `edu_cat` [ RunTime:0.001052s ]
NOTIC: [8192] preg_replace(): The /e modifier is deprecated, use preg_replace_callback instead H:\study\wamp64\www\online-study\ThinkPHP\Lib\Core\Db.class.php 第 604 行.
SQL: SELECT `name` FROM `edu_cat` WHERE ( `id` = 0 ) LIMIT 1   [ RunTime:0.000658s ]
NOTIC: [2048] Only variables should be passed by reference H:\study\wamp64\www\online-study\Home\Lib\Action\LibraryAction.class.php 第 215 行.
SQL: SHOW COLUMNS FROM `edu_libcom` [ RunTime:0.000922s ]
ERR: 1146:Table 'edu002.edu_libcom' doesn't exist
 [ SQL语句 ] : SHOW COLUMNS FROM `edu_libcom`
NOTIC: [8192] preg_replace(): The /e modifier is deprecated, use preg_replace_callback instead H:\study\wamp64\www\online-study\ThinkPHP\Lib\Core\Db.class.php 第 604 行.
SQL: SELECT COUNT(*) AS tp_count FROM `edu_libcom` WHERE ( `lid` = '55' ) LIMIT 1   [ RunTime:0.000738s ]
ERR: 1146:Table 'edu002.edu_libcom' doesn't exist
 [ SQL语句 ] : SELECT COUNT(*) AS tp_count FROM `edu_libcom` WHERE ( `lid` = '55' ) LIMIT 1  
NOTIC: [8192] preg_replace(): The /e modifier is deprecated, use preg_replace_callback instead H:\study\wamp64\www\online-study\ThinkPHP\Lib\Core\Db.class.php 第 604 行.
SQL: SELECT * FROM `edu_libcom` WHERE ( `lid` = '55' ) ORDER BY addtime desc LIMIT 0,5   [ RunTime:0.000653s ]
ERR: 1146:Table 'edu002.edu_libcom' doesn't exist
 [ SQL语句 ] : SELECT * FROM `edu_libcom` WHERE ( `lid` = '55' ) ORDER BY addtime desc LIMIT 0,5  
NOTIC: [2] Invalid argument supplied for foreach() H:\study\wamp64\www\online-study\Home\Lib\Action\LibcomAction.class.php 第 24 行.
SQL: SHOW COLUMNS FROM `edu_zan` [ RunTime:0.000946s ]
SQL: SHOW COLUMNS FROM `edu_collect` [ RunTime:0.001232s ]
NOTIC: [8] Undefined index: user H:\study\wamp64\www\online-study\Home\Lib\Action\LibraryAction.class.php 第 225 行.
NOTIC: [8192] preg_replace(): The /e modifier is deprecated, use preg_replace_callback instead H:\study\wamp64\www\online-study\ThinkPHP\Lib\Core\Db.class.php 第 604 行.
SQL: SELECT * FROM `edu_zan` WHERE ( `uid` = null ) AND ( `lid` = '55' ) LIMIT 1   [ RunTime:0.001573s ]
NOTIC: [8192] preg_replace(): The /e modifier is deprecated, use preg_replace_callback instead H:\study\wamp64\www\online-study\ThinkPHP\Lib\Core\Db.class.php 第 604 行.
SQL: SELECT * FROM `edu_collect` WHERE ( `uid` = null ) AND ( `lid` = '55' ) LIMIT 1   [ RunTime:0.000838s ]
NOTIC: [8192] preg_replace(): The /e modifier is deprecated, use preg_replace_callback instead H:\study\wamp64\www\online-study\ThinkPHP\Lib\Core\Db.class.php 第 604 行.
SQL: SELECT COUNT(*) AS tp_count FROM `edu_collect` WHERE ( `uid` = null ) AND ( `lid` = '55' ) LIMIT 1   [ RunTime:0.000795s ]
NOTIC: [8192] preg_replace(): The /e modifier is deprecated, use preg_replace_callback instead H:\study\wamp64\www\online-study\ThinkPHP\Lib\Core\Db.class.php 第 604 行.
SQL: SELECT * FROM `edu_library` WHERE ( status=2 ) ORDER BY favonum desc LIMIT 10   [ RunTime:0.000881s ]
INFO: [ view_parse ] --START--
NOTIC: [8] Undefined index: com H:\study\wamp64\www\online-study\Home\Runtime\Cache\12ad97b8676788da21bb179b05b3c3dbfeb2a841.file.detail.html.php 第 86 行.
NOTIC: [8] Trying to get property of non-object H:\study\wamp64\www\online-study\Home\Runtime\Cache\12ad97b8676788da21bb179b05b3c3dbfeb2a841.file.detail.html.php 第 86 行.
NOTIC: [8] Undefined index: user H:\study\wamp64\www\online-study\Home\Runtime\Cache\954aebadd419e5b74239c6baf95fe1c609edee61.file.head.html.php 第 44 行.
NOTIC: [8] Undefined index: user H:\study\wamp64\www\online-study\Home\Runtime\Cache\954aebadd419e5b74239c6baf95fe1c609edee61.file.head.html.php 第 60 行.
NOTIC: [8] Undefined index: user H:\study\wamp64\www\online-study\Home\Runtime\Cache\12ad97b8676788da21bb179b05b3c3dbfeb2a841.file.detail.html.php 第 182 行.
NOTIC: [8] Undefined index: user H:\study\wamp64\www\online-study\Home\Runtime\Cache\12ad97b8676788da21bb179b05b3c3dbfeb2a841.file.detail.html.php 第 193 行.
NOTIC: [8] Undefined index: user H:\study\wamp64\www\online-study\Home\Runtime\Cache\12ad97b8676788da21bb179b05b3c3dbfeb2a841.file.detail.html.php 第 201 行.
NOTIC: [8] Undefined index: user H:\study\wamp64\www\online-study\Home\Runtime\Cache\12ad97b8676788da21bb179b05b3c3dbfeb2a841.file.detail.html.php 第 239 行.
NOTIC: [8] Undefined index: user H:\study\wamp64\www\online-study\Home\Runtime\Cache\12ad97b8676788da21bb179b05b3c3dbfeb2a841.file.detail.html.php 第 254 行.
NOTIC: [8] Undefined index: user H:\study\wamp64\www\online-study\Home\Runtime\Cache\12ad97b8676788da21bb179b05b3c3dbfeb2a841.file.detail.html.php 第 356 行.
NOTIC: [8] Undefined index: user H:\study\wamp64\www\online-study\Home\Runtime\Cache\12ad97b8676788da21bb179b05b3c3dbfeb2a841.file.detail.html.php 第 364 行.
INFO: ParseTemplate Behavior ::run [ RunTime:0.013783s ]
INFO: [ view_parse ] --END-- [ RunTime:0.013958s ]
INFO: [ view_filter ] --START--
INFO: ContentReplace Behavior ::run [ RunTime:0.001136s ]
INFO: TokenBuild Behavior ::run [ RunTime:0.000511s ]
INFO: WriteHtmlCache Behavior ::run [ RunTime:0.000353s ]
INFO: ShowRuntime Behavior ::run [ RunTime:0.000503s ]
INFO: [ view_filter ] --END-- [ RunTime:0.002963s ]
INFO: [ view_end ] --START--
INFO: ShowPageTrace Behavior ::run [ RunTime:0.000998s ]
INFO: [ view_end ] --END-- [ RunTime:0.001287s ]

[ 2019-06-09T21:23:55+08:00 ] 127.0.0.1 /online-study/index/Library/detail/id/53
INFO: [ route_check ] --START--
INFO: CheckRoute Behavior ::run [ RunTime:0.000629s ]
INFO: [ route_check ] --END-- [ RunTime:0.000761s ]
NOTIC: [8192] preg_replace(): The /e modifier is deprecated, use preg_replace_callback instead H:\study\wamp64\www\online-study\ThinkPHP\Lib\Core\Dispatcher.class.php 第 132 行.
INFO: [ app_begin ] --START--
INFO: ReadHtmlCache Behavior ::run [ RunTime:0.000505s ]
INFO: [ app_begin ] --END-- [ RunTime:0.000610s ]
NOTIC: [8] Undefined index: _type H:\study\wamp64\www\online-study\ThinkPHP\Lib\Core\Model.class.php 第 583 行.
NOTIC: [8192] preg_replace(): The /e modifier is deprecated, use preg_replace_callback instead H:\study\wamp64\www\online-study\ThinkPHP\Lib\Core\Db.class.php 第 604 行.
NOTIC: [8192] mysql_escape_string(): This function is deprecated; use mysql_real_escape_string() instead. H:\study\wamp64\www\online-study\ThinkPHP\Lib\Driver\Db\DbMysql.class.php 第 333 行.
NOTIC: [8192] mysql_connect(): The mysql extension is deprecated and will be removed in the future: use mysqli or PDO instead H:\study\wamp64\www\online-study\ThinkPHP\Lib\Driver\Db\DbMysql.class.php 第 55 行.
SQL: SELECT * FROM `edu_library` WHERE ( `id` = '53' ) LIMIT 1   [ RunTime:0.000555s ]
NOTIC: [8] Undefined index: _type H:\study\wamp64\www\online-study\ThinkPHP\Lib\Core\Model.class.php 第 583 行.
NOTIC: [8] Undefined index: _type H:\study\wamp64\www\online-study\ThinkPHP\Lib\Core\Model.class.php 第 583 行.
NOTIC: [8] Undefined index: _type H:\study\wamp64\www\online-study\ThinkPHP\Lib\Core\Model.class.php 第 583 行.
NOTIC: [8] Undefined index: _type H:\study\wamp64\www\online-study\ThinkPHP\Lib\Core\Model.class.php 第 583 行.
NOTIC: [8] Undefined index: _type H:\study\wamp64\www\online-study\ThinkPHP\Lib\Core\Model.class.php 第 583 行.
NOTIC: [8] Undefined index: _type H:\study\wamp64\www\online-study\ThinkPHP\Lib\Core\Model.class.php 第 583 行.
NOTIC: [8] Undefined index: _type H:\study\wamp64\www\online-study\ThinkPHP\Lib\Core\Model.class.php 第 583 行.
NOTIC: [8] Undefined index: _type H:\study\wamp64\www\online-study\ThinkPHP\Lib\Core\Model.class.php 第 583 行.
NOTIC: [8] Undefined index: _type H:\study\wamp64\www\online-study\ThinkPHP\Lib\Core\Model.class.php 第 583 行.
NOTIC: [8] Undefined index: _type H:\study\wamp64\www\online-study\ThinkPHP\Lib\Core\Model.class.php 第 583 行.
NOTIC: [8] Undefined index: _type H:\study\wamp64\www\online-study\ThinkPHP\Lib\Core\Model.class.php 第 583 行.
NOTIC: [8] Undefined index: _type H:\study\wamp64\www\online-study\ThinkPHP\Lib\Core\Model.class.php 第 583 行.
SQL: UPDATE `edu_library` SET `tid`='8',`uid`='95',`title`='支持红帽系列啊',`name`='530eac0774187.pdf',`size`='9970057',`type`='application/pdf',`addtime`='1559467918',`favonum`='0',`clicknum`=4,`dwloadnum`='0',`status`='1' WHERE ( `id` = '53' ) [ RunTime:0.000508s ]
NOTIC: [8] Undefined index: _type H:\study\wamp64\www\online-study\ThinkPHP\Lib\Core\Model.class.php 第 583 行.
NOTIC: [8192] preg_replace(): The /e modifier is deprecated, use preg_replace_callback instead H:\study\wamp64\www\online-study\ThinkPHP\Lib\Core\Db.class.php 第 604 行.
SQL: SELECT * FROM `edu_users` WHERE ( `id` = '95' ) LIMIT 1   [ RunTime:0.000851s ]
SQL: SHOW COLUMNS FROM `edu_cat` [ RunTime:0.000912s ]
NOTIC: [8192] preg_replace(): The /e modifier is deprecated, use preg_replace_callback instead H:\study\wamp64\www\online-study\ThinkPHP\Lib\Core\Db.class.php 第 604 行.
SQL: SELECT `name` FROM `edu_cat` WHERE ( `id` = 8 ) LIMIT 1   [ RunTime:0.000615s ]
NOTIC: [2048] Only variables should be passed by reference H:\study\wamp64\www\online-study\Home\Lib\Action\LibraryAction.class.php 第 215 行.
SQL: SHOW COLUMNS FROM `edu_libcom` [ RunTime:0.001246s ]
ERR: 1146:Table 'edu002.edu_libcom' doesn't exist
 [ SQL语句 ] : SHOW COLUMNS FROM `edu_libcom`
NOTIC: [8192] preg_replace(): The /e modifier is deprecated, use preg_replace_callback instead H:\study\wamp64\www\online-study\ThinkPHP\Lib\Core\Db.class.php 第 604 行.
SQL: SELECT COUNT(*) AS tp_count FROM `edu_libcom` WHERE ( `lid` = '53' ) LIMIT 1   [ RunTime:0.000744s ]
ERR: 1146:Table 'edu002.edu_libcom' doesn't exist
 [ SQL语句 ] : SELECT COUNT(*) AS tp_count FROM `edu_libcom` WHERE ( `lid` = '53' ) LIMIT 1  
NOTIC: [8192] preg_replace(): The /e modifier is deprecated, use preg_replace_callback instead H:\study\wamp64\www\online-study\ThinkPHP\Lib\Core\Db.class.php 第 604 行.
SQL: SELECT * FROM `edu_libcom` WHERE ( `lid` = '53' ) ORDER BY addtime desc LIMIT 0,5   [ RunTime:0.000673s ]
ERR: 1146:Table 'edu002.edu_libcom' doesn't exist
 [ SQL语句 ] : SELECT * FROM `edu_libcom` WHERE ( `lid` = '53' ) ORDER BY addtime desc LIMIT 0,5  
NOTIC: [2] Invalid argument supplied for foreach() H:\study\wamp64\www\online-study\Home\Lib\Action\LibcomAction.class.php 第 24 行.
SQL: SHOW COLUMNS FROM `edu_zan` [ RunTime:0.001028s ]
SQL: SHOW COLUMNS FROM `edu_collect` [ RunTime:0.000860s ]
NOTIC: [8] Undefined index: user H:\study\wamp64\www\online-study\Home\Lib\Action\LibraryAction.class.php 第 225 行.
NOTIC: [8192] preg_replace(): The /e modifier is deprecated, use preg_replace_callback instead H:\study\wamp64\www\online-study\ThinkPHP\Lib\Core\Db.class.php 第 604 行.
SQL: SELECT * FROM `edu_zan` WHERE ( `uid` = null ) AND ( `lid` = '53' ) LIMIT 1   [ RunTime:0.000841s ]
NOTIC: [8192] preg_replace(): The /e modifier is deprecated, use preg_replace_callback instead H:\study\wamp64\www\online-study\ThinkPHP\Lib\Core\Db.class.php 第 604 行.
SQL: SELECT * FROM `edu_collect` WHERE ( `uid` = null ) AND ( `lid` = '53' ) LIMIT 1   [ RunTime:0.000711s ]
NOTIC: [8192] preg_replace(): The /e modifier is deprecated, use preg_replace_callback instead H:\study\wamp64\www\online-study\ThinkPHP\Lib\Core\Db.class.php 第 604 行.
SQL: SELECT COUNT(*) AS tp_count FROM `edu_collect` WHERE ( `uid` = null ) AND ( `lid` = '53' ) LIMIT 1   [ RunTime:0.000672s ]
NOTIC: [8192] preg_replace(): The /e modifier is deprecated, use preg_replace_callback instead H:\study\wamp64\www\online-study\ThinkPHP\Lib\Core\Db.class.php 第 604 行.
SQL: SELECT * FROM `edu_library` WHERE ( status=2 ) ORDER BY favonum desc LIMIT 10   [ RunTime:0.000818s ]
INFO: [ view_parse ] --START--
NOTIC: [8] Undefined index: com H:\study\wamp64\www\online-study\Home\Runtime\Cache\12ad97b8676788da21bb179b05b3c3dbfeb2a841.file.detail.html.php 第 86 行.
NOTIC: [8] Trying to get property of non-object H:\study\wamp64\www\online-study\Home\Runtime\Cache\12ad97b8676788da21bb179b05b3c3dbfeb2a841.file.detail.html.php 第 86 行.
NOTIC: [8] Undefined index: user H:\study\wamp64\www\online-study\Home\Runtime\Cache\954aebadd419e5b74239c6baf95fe1c609edee61.file.head.html.php 第 44 行.
NOTIC: [8] Undefined index: user H:\study\wamp64\www\online-study\Home\Runtime\Cache\954aebadd419e5b74239c6baf95fe1c609edee61.file.head.html.php 第 60 行.
NOTIC: [8] Undefined index: user H:\study\wamp64\www\online-study\Home\Runtime\Cache\12ad97b8676788da21bb179b05b3c3dbfeb2a841.file.detail.html.php 第 182 行.
NOTIC: [8] Undefined index: user H:\study\wamp64\www\online-study\Home\Runtime\Cache\12ad97b8676788da21bb179b05b3c3dbfeb2a841.file.detail.html.php 第 193 行.
NOTIC: [8] Undefined index: user H:\study\wamp64\www\online-study\Home\Runtime\Cache\12ad97b8676788da21bb179b05b3c3dbfeb2a841.file.detail.html.php 第 201 行.
NOTIC: [8] Undefined index: user H:\study\wamp64\www\online-study\Home\Runtime\Cache\12ad97b8676788da21bb179b05b3c3dbfeb2a841.file.detail.html.php 第 239 行.
NOTIC: [8] Undefined index: user H:\study\wamp64\www\online-study\Home\Runtime\Cache\12ad97b8676788da21bb179b05b3c3dbfeb2a841.file.detail.html.php 第 254 行.
NOTIC: [8] Undefined index: user H:\study\wamp64\www\online-study\Home\Runtime\Cache\12ad97b8676788da21bb179b05b3c3dbfeb2a841.file.detail.html.php 第 356 行.
NOTIC: [8] Undefined index: user H:\study\wamp64\www\online-study\Home\Runtime\Cache\12ad97b8676788da21bb179b05b3c3dbfeb2a841.file.detail.html.php 第 364 行.
INFO: ParseTemplate Behavior ::run [ RunTime:0.016297s ]
INFO: [ view_parse ] --END-- [ RunTime:0.016466s ]
INFO: [ view_filter ] --START--
INFO: ContentReplace Behavior ::run [ RunTime:0.000891s ]
INFO: TokenBuild Behavior ::run [ RunTime:0.000677s ]
INFO: WriteHtmlCache Behavior ::run [ RunTime:0.000503s ]
INFO: ShowRuntime Behavior ::run [ RunTime:0.001385s ]
INFO: [ view_filter ] --END-- [ RunTime:0.004003s ]
INFO: [ view_end ] --START--
INFO: ShowPageTrace Behavior ::run [ RunTime:0.001710s ]
INFO: [ view_end ] --END-- [ RunTime:0.002341s ]

[ 2019-06-09T21:24:01+08:00 ] 127.0.0.1 /online-study/index/Library/detail/id/56
INFO: [ route_check ] --START--
INFO: CheckRoute Behavior ::run [ RunTime:0.001145s ]
INFO: [ route_check ] --END-- [ RunTime:0.001296s ]
NOTIC: [8192] preg_replace(): The /e modifier is deprecated, use preg_replace_callback instead H:\study\wamp64\www\online-study\ThinkPHP\Lib\Core\Dispatcher.class.php 第 132 行.
INFO: [ app_begin ] --START--
INFO: ReadHtmlCache Behavior ::run [ RunTime:0.000709s ]
INFO: [ app_begin ] --END-- [ RunTime:0.000857s ]
NOTIC: [8] Undefined index: _type H:\study\wamp64\www\online-study\ThinkPHP\Lib\Core\Model.class.php 第 583 行.
NOTIC: [8192] preg_replace(): The /e modifier is deprecated, use preg_replace_callback instead H:\study\wamp64\www\online-study\ThinkPHP\Lib\Core\Db.class.php 第 604 行.
NOTIC: [8192] mysql_escape_string(): This function is deprecated; use mysql_real_escape_string() instead. H:\study\wamp64\www\online-study\ThinkPHP\Lib\Driver\Db\DbMysql.class.php 第 333 行.
NOTIC: [8192] mysql_connect(): The mysql extension is deprecated and will be removed in the future: use mysqli or PDO instead H:\study\wamp64\www\online-study\ThinkPHP\Lib\Driver\Db\DbMysql.class.php 第 55 行.
SQL: SELECT * FROM `edu_library` WHERE ( `id` = '56' ) LIMIT 1   [ RunTime:0.000756s ]
NOTIC: [8] Undefined index: _type H:\study\wamp64\www\online-study\ThinkPHP\Lib\Core\Model.class.php 第 583 行.
NOTIC: [8] Undefined index: _type H:\study\wamp64\www\online-study\ThinkPHP\Lib\Core\Model.class.php 第 583 行.
NOTIC: [8] Undefined index: _type H:\study\wamp64\www\online-study\ThinkPHP\Lib\Core\Model.class.php 第 583 行.
NOTIC: [8] Undefined index: _type H:\study\wamp64\www\online-study\ThinkPHP\Lib\Core\Model.class.php 第 583 行.
NOTIC: [8] Undefined index: _type H:\study\wamp64\www\online-study\ThinkPHP\Lib\Core\Model.class.php 第 583 行.
NOTIC: [8] Undefined index: _type H:\study\wamp64\www\online-study\ThinkPHP\Lib\Core\Model.class.php 第 583 行.
NOTIC: [8] Undefined index: _type H:\study\wamp64\www\online-study\ThinkPHP\Lib\Core\Model.class.php 第 583 行.
NOTIC: [8] Undefined index: _type H:\study\wamp64\www\online-study\ThinkPHP\Lib\Core\Model.class.php 第 583 行.
NOTIC: [8] Undefined index: _type H:\study\wamp64\www\online-study\ThinkPHP\Lib\Core\Model.class.php 第 583 行.
NOTIC: [8] Undefined index: _type H:\study\wamp64\www\online-study\ThinkPHP\Lib\Core\Model.class.php 第 583 行.
NOTIC: [8] Undefined index: _type H:\study\wamp64\www\online-study\ThinkPHP\Lib\Core\Model.class.php 第 583 行.
NOTIC: [8] Undefined index: _type H:\study\wamp64\www\online-study\ThinkPHP\Lib\Core\Model.class.php 第 583 行.
SQL: UPDATE `edu_library` SET `tid`='10',`uid`='98',`title`='Linux开发',`name`='5cf75faa7cca3.pdf',`size`='1150287',`type`='application/pdf',`addtime`='1559715754',`favonum`='0',`clicknum`=5,`dwloadnum`='0',`status`='2' WHERE ( `id` = '56' ) [ RunTime:0.000768s ]
NOTIC: [8] Undefined index: _type H:\study\wamp64\www\online-study\ThinkPHP\Lib\Core\Model.class.php 第 583 行.
NOTIC: [8192] preg_replace(): The /e modifier is deprecated, use preg_replace_callback instead H:\study\wamp64\www\online-study\ThinkPHP\Lib\Core\Db.class.php 第 604 行.
SQL: SELECT * FROM `edu_users` WHERE ( `id` = '98' ) LIMIT 1   [ RunTime:0.001013s ]
SQL: SHOW COLUMNS FROM `edu_cat` [ RunTime:0.001145s ]
NOTIC: [8192] preg_replace(): The /e modifier is deprecated, use preg_replace_callback instead H:\study\wamp64\www\online-study\ThinkPHP\Lib\Core\Db.class.php 第 604 行.
SQL: SELECT `name` FROM `edu_cat` WHERE ( `id` = 10 ) LIMIT 1   [ RunTime:0.000857s ]
NOTIC: [2048] Only variables should be passed by reference H:\study\wamp64\www\online-study\Home\Lib\Action\LibraryAction.class.php 第 215 行.
SQL: SHOW COLUMNS FROM `edu_libcom` [ RunTime:0.001211s ]
ERR: 1146:Table 'edu002.edu_libcom' doesn't exist
 [ SQL语句 ] : SHOW COLUMNS FROM `edu_libcom`
NOTIC: [8192] preg_replace(): The /e modifier is deprecated, use preg_replace_callback instead H:\study\wamp64\www\online-study\ThinkPHP\Lib\Core\Db.class.php 第 604 行.
SQL: SELECT COUNT(*) AS tp_count FROM `edu_libcom` WHERE ( `lid` = '56' ) LIMIT 1   [ RunTime:0.001116s ]
ERR: 1146:Table 'edu002.edu_libcom' doesn't exist
 [ SQL语句 ] : SELECT COUNT(*) AS tp_count FROM `edu_libcom` WHERE ( `lid` = '56' ) LIMIT 1  
NOTIC: [8192] preg_replace(): The /e modifier is deprecated, use preg_replace_callback instead H:\study\wamp64\www\online-study\ThinkPHP\Lib\Core\Db.class.php 第 604 行.
SQL: SELECT * FROM `edu_libcom` WHERE ( `lid` = '56' ) ORDER BY addtime desc LIMIT 0,5   [ RunTime:0.000951s ]
ERR: 1146:Table 'edu002.edu_libcom' doesn't exist
 [ SQL语句 ] : SELECT * FROM `edu_libcom` WHERE ( `lid` = '56' ) ORDER BY addtime desc LIMIT 0,5  
NOTIC: [2] Invalid argument supplied for foreach() H:\study\wamp64\www\online-study\Home\Lib\Action\LibcomAction.class.php 第 24 行.
SQL: SHOW COLUMNS FROM `edu_zan` [ RunTime:0.001223s ]
SQL: SHOW COLUMNS FROM `edu_collect` [ RunTime:0.001427s ]
NOTIC: [8] Undefined index: user H:\study\wamp64\www\online-study\Home\Lib\Action\LibraryAction.class.php 第 225 行.
NOTIC: [8192] preg_replace(): The /e modifier is deprecated, use preg_replace_callback instead H:\study\wamp64\www\online-study\ThinkPHP\Lib\Core\Db.class.php 第 604 行.
SQL: SELECT * FROM `edu_zan` WHERE ( `uid` = null ) AND ( `lid` = '56' ) LIMIT 1   [ RunTime:0.001043s ]
NOTIC: [8192] preg_replace(): The /e modifier is deprecated, use preg_replace_callback instead H:\study\wamp64\www\online-study\ThinkPHP\Lib\Core\Db.class.php 第 604 行.
SQL: SELECT * FROM `edu_collect` WHERE ( `uid` = null ) AND ( `lid` = '56' ) LIMIT 1   [ RunTime:0.000875s ]
NOTIC: [8192] preg_replace(): The /e modifier is deprecated, use preg_replace_callback instead H:\study\wamp64\www\online-study\ThinkPHP\Lib\Core\Db.class.php 第 604 行.
SQL: SELECT COUNT(*) AS tp_count FROM `edu_collect` WHERE ( `uid` = null ) AND ( `lid` = '56' ) LIMIT 1   [ RunTime:0.000874s ]
NOTIC: [8192] preg_replace(): The /e modifier is deprecated, use preg_replace_callback instead H:\study\wamp64\www\online-study\ThinkPHP\Lib\Core\Db.class.php 第 604 行.
SQL: SELECT * FROM `edu_library` WHERE ( status=2 ) ORDER BY favonum desc LIMIT 10   [ RunTime:0.001169s ]
INFO: [ view_parse ] --START--
NOTIC: [8] Undefined index: com H:\study\wamp64\www\online-study\Home\Runtime\Cache\12ad97b8676788da21bb179b05b3c3dbfeb2a841.file.detail.html.php 第 86 行.
NOTIC: [8] Trying to get property of non-object H:\study\wamp64\www\online-study\Home\Runtime\Cache\12ad97b8676788da21bb179b05b3c3dbfeb2a841.file.detail.html.php 第 86 行.
NOTIC: [8] Undefined index: user H:\study\wamp64\www\online-study\Home\Runtime\Cache\954aebadd419e5b74239c6baf95fe1c609edee61.file.head.html.php 第 44 行.
NOTIC: [8] Undefined index: user H:\study\wamp64\www\online-study\Home\Runtime\Cache\954aebadd419e5b74239c6baf95fe1c609edee61.file.head.html.php 第 60 行.
NOTIC: [8] Undefined index: user H:\study\wamp64\www\online-study\Home\Runtime\Cache\12ad97b8676788da21bb179b05b3c3dbfeb2a841.file.detail.html.php 第 182 行.
NOTIC: [8] Undefined index: user H:\study\wamp64\www\online-study\Home\Runtime\Cache\12ad97b8676788da21bb179b05b3c3dbfeb2a841.file.detail.html.php 第 193 行.
NOTIC: [8] Undefined index: user H:\study\wamp64\www\online-study\Home\Runtime\Cache\12ad97b8676788da21bb179b05b3c3dbfeb2a841.file.detail.html.php 第 201 行.
NOTIC: [8] Undefined index: user H:\study\wamp64\www\online-study\Home\Runtime\Cache\12ad97b8676788da21bb179b05b3c3dbfeb2a841.file.detail.html.php 第 239 行.
NOTIC: [8] Undefined index: user H:\study\wamp64\www\online-study\Home\Runtime\Cache\12ad97b8676788da21bb179b05b3c3dbfeb2a841.file.detail.html.php 第 254 行.
NOTIC: [8] Undefined index: user H:\study\wamp64\www\online-study\Home\Runtime\Cache\12ad97b8676788da21bb179b05b3c3dbfeb2a841.file.detail.html.php 第 356 行.
NOTIC: [8] Undefined index: user H:\study\wamp64\www\online-study\Home\Runtime\Cache\12ad97b8676788da21bb179b05b3c3dbfeb2a841.file.detail.html.php 第 364 行.
INFO: ParseTemplate Behavior ::run [ RunTime:0.012607s ]
INFO: [ view_parse ] --END-- [ RunTime:0.012788s ]
INFO: [ view_filter ] --START--
INFO: ContentReplace Behavior ::run [ RunTime:0.000597s ]
INFO: TokenBuild Behavior ::run [ RunTime:0.000428s ]
INFO: WriteHtmlCache Behavior ::run [ RunTime:0.000341s ]
INFO: ShowRuntime Behavior ::run [ RunTime:0.000502s ]
INFO: [ view_filter ] --END-- [ RunTime:0.002142s ]
INFO: [ view_end ] --START--
INFO: ShowPageTrace Behavior ::run [ RunTime:0.001150s ]
INFO: [ view_end ] --END-- [ RunTime:0.001385s ]

[ 2019-06-09T21:24:13+08:00 ] 127.0.0.1 /online-study/index/Library/detail/id/56
INFO: [ route_check ] --START--
INFO: CheckRoute Behavior ::run [ RunTime:0.001184s ]
INFO: [ route_check ] --END-- [ RunTime:0.001407s ]
NOTIC: [8192] preg_replace(): The /e modifier is deprecated, use preg_replace_callback instead H:\study\wamp64\www\online-study\ThinkPHP\Lib\Core\Dispatcher.class.php 第 132 行.
INFO: [ app_begin ] --START--
INFO: ReadHtmlCache Behavior ::run [ RunTime:0.000547s ]
INFO: [ app_begin ] --END-- [ RunTime:0.000677s ]
NOTIC: [8] Undefined index: _type H:\study\wamp64\www\online-study\ThinkPHP\Lib\Core\Model.class.php 第 583 行.
NOTIC: [8192] preg_replace(): The /e modifier is deprecated, use preg_replace_callback instead H:\study\wamp64\www\online-study\ThinkPHP\Lib\Core\Db.class.php 第 604 行.
NOTIC: [8192] mysql_escape_string(): This function is deprecated; use mysql_real_escape_string() instead. H:\study\wamp64\www\online-study\ThinkPHP\Lib\Driver\Db\DbMysql.class.php 第 333 行.
NOTIC: [8192] mysql_connect(): The mysql extension is deprecated and will be removed in the future: use mysqli or PDO instead H:\study\wamp64\www\online-study\ThinkPHP\Lib\Driver\Db\DbMysql.class.php 第 55 行.
SQL: SELECT * FROM `edu_library` WHERE ( `id` = '56' ) LIMIT 1   [ RunTime:0.000497s ]
NOTIC: [8] Undefined index: _type H:\study\wamp64\www\online-study\ThinkPHP\Lib\Core\Model.class.php 第 583 行.
NOTIC: [8] Undefined index: _type H:\study\wamp64\www\online-study\ThinkPHP\Lib\Core\Model.class.php 第 583 行.
NOTIC: [8] Undefined index: _type H:\study\wamp64\www\online-study\ThinkPHP\Lib\Core\Model.class.php 第 583 行.
NOTIC: [8] Undefined index: _type H:\study\wamp64\www\online-study\ThinkPHP\Lib\Core\Model.class.php 第 583 行.
NOTIC: [8] Undefined index: _type H:\study\wamp64\www\online-study\ThinkPHP\Lib\Core\Model.class.php 第 583 行.
NOTIC: [8] Undefined index: _type H:\study\wamp64\www\online-study\ThinkPHP\Lib\Core\Model.class.php 第 583 行.
NOTIC: [8] Undefined index: _type H:\study\wamp64\www\online-study\ThinkPHP\Lib\Core\Model.class.php 第 583 行.
NOTIC: [8] Undefined index: _type H:\study\wamp64\www\online-study\ThinkPHP\Lib\Core\Model.class.php 第 583 行.
NOTIC: [8] Undefined index: _type H:\study\wamp64\www\online-study\ThinkPHP\Lib\Core\Model.class.php 第 583 行.
NOTIC: [8] Undefined index: _type H:\study\wamp64\www\online-study\ThinkPHP\Lib\Core\Model.class.php 第 583 行.
NOTIC: [8] Undefined index: _type H:\study\wamp64\www\online-study\ThinkPHP\Lib\Core\Model.class.php 第 583 行.
NOTIC: [8] Undefined index: _type H:\study\wamp64\www\online-study\ThinkPHP\Lib\Core\Model.class.php 第 583 行.
SQL: UPDATE `edu_library` SET `tid`='10',`uid`='98',`title`='Linux开发',`name`='5cf75faa7cca3.pdf',`size`='1150287',`type`='application/pdf',`addtime`='1559715754',`favonum`='0',`clicknum`=6,`dwloadnum`='0',`status`='2' WHERE ( `id` = '56' ) [ RunTime:0.000390s ]
NOTIC: [8] Undefined index: _type H:\study\wamp64\www\online-study\ThinkPHP\Lib\Core\Model.class.php 第 583 行.
NOTIC: [8192] preg_replace(): The /e modifier is deprecated, use preg_replace_callback instead H:\study\wamp64\www\online-study\ThinkPHP\Lib\Core\Db.class.php 第 604 行.
SQL: SELECT * FROM `edu_users` WHERE ( `id` = '98' ) LIMIT 1   [ RunTime:0.000764s ]
SQL: SHOW COLUMNS FROM `edu_cat` [ RunTime:0.001147s ]
NOTIC: [8192] preg_replace(): The /e modifier is deprecated, use preg_replace_callback instead H:\study\wamp64\www\online-study\ThinkPHP\Lib\Core\Db.class.php 第 604 行.
SQL: SELECT `name` FROM `edu_cat` WHERE ( `id` = 10 ) LIMIT 1   [ RunTime:0.000974s ]
NOTIC: [2048] Only variables should be passed by reference H:\study\wamp64\www\online-study\Home\Lib\Action\LibraryAction.class.php 第 215 行.
SQL: SHOW COLUMNS FROM `edu_libcom` [ RunTime:0.001011s ]
ERR: 1146:Table 'edu002.edu_libcom' doesn't exist
 [ SQL语句 ] : SHOW COLUMNS FROM `edu_libcom`
NOTIC: [8192] preg_replace(): The /e modifier is deprecated, use preg_replace_callback instead H:\study\wamp64\www\online-study\ThinkPHP\Lib\Core\Db.class.php 第 604 行.
SQL: SELECT COUNT(*) AS tp_count FROM `edu_libcom` WHERE ( `lid` = '56' ) LIMIT 1   [ RunTime:0.000663s ]
ERR: 1146:Table 'edu002.edu_libcom' doesn't exist
 [ SQL语句 ] : SELECT COUNT(*) AS tp_count FROM `edu_libcom` WHERE ( `lid` = '56' ) LIMIT 1  
NOTIC: [8192] preg_replace(): The /e modifier is deprecated, use preg_replace_callback instead H:\study\wamp64\www\online-study\ThinkPHP\Lib\Core\Db.class.php 第 604 行.
SQL: SELECT * FROM `edu_libcom` WHERE ( `lid` = '56' ) ORDER BY addtime desc LIMIT 0,5   [ RunTime:0.000514s ]
ERR: 1146:Table 'edu002.edu_libcom' doesn't exist
 [ SQL语句 ] : SELECT * FROM `edu_libcom` WHERE ( `lid` = '56' ) ORDER BY addtime desc LIMIT 0,5  
NOTIC: [2] Invalid argument supplied for foreach() H:\study\wamp64\www\online-study\Home\Lib\Action\LibcomAction.class.php 第 24 行.
SQL: SHOW COLUMNS FROM `edu_zan` [ RunTime:0.000895s ]
SQL: SHOW COLUMNS FROM `edu_collect` [ RunTime:0.000828s ]
NOTIC: [8] Undefined index: user H:\study\wamp64\www\online-study\Home\Lib\Action\LibraryAction.class.php 第 225 行.
NOTIC: [8192] preg_replace(): The /e modifier is deprecated, use preg_replace_callback instead H:\study\wamp64\www\online-study\ThinkPHP\Lib\Core\Db.class.php 第 604 行.
SQL: SELECT * FROM `edu_zan` WHERE ( `uid` = null ) AND ( `lid` = '56' ) LIMIT 1   [ RunTime:0.000522s ]
NOTIC: [8192] preg_replace(): The /e modifier is deprecated, use preg_replace_callback instead H:\study\wamp64\www\online-study\ThinkPHP\Lib\Core\Db.class.php 第 604 行.
SQL: SELECT * FROM `edu_collect` WHERE ( `uid` = null ) AND ( `lid` = '56' ) LIMIT 1   [ RunTime:0.000513s ]
NOTIC: [8192] preg_replace(): The /e modifier is deprecated, use preg_replace_callback instead H:\study\wamp64\www\online-study\ThinkPHP\Lib\Core\Db.class.php 第 604 行.
SQL: SELECT COUNT(*) AS tp_count FROM `edu_collect` WHERE ( `uid` = null ) AND ( `lid` = '56' ) LIMIT 1   [ RunTime:0.000430s ]
NOTIC: [8192] preg_replace(): The /e modifier is deprecated, use preg_replace_callback instead H:\study\wamp64\www\online-study\ThinkPHP\Lib\Core\Db.class.php 第 604 行.
SQL: SELECT * FROM `edu_library` WHERE ( status=2 ) ORDER BY favonum desc LIMIT 10   [ RunTime:0.000554s ]
INFO: [ view_parse ] --START--
NOTIC: [8] Undefined index: com H:\study\wamp64\www\online-study\Home\Runtime\Cache\12ad97b8676788da21bb179b05b3c3dbfeb2a841.file.detail.html.php 第 86 行.
NOTIC: [8] Trying to get property of non-object H:\study\wamp64\www\online-study\Home\Runtime\Cache\12ad97b8676788da21bb179b05b3c3dbfeb2a841.file.detail.html.php 第 86 行.
NOTIC: [8] Undefined index: user H:\study\wamp64\www\online-study\Home\Runtime\Cache\954aebadd419e5b74239c6baf95fe1c609edee61.file.head.html.php 第 44 行.
NOTIC: [8] Undefined index: user H:\study\wamp64\www\online-study\Home\Runtime\Cache\954aebadd419e5b74239c6baf95fe1c609edee61.file.head.html.php 第 60 行.
NOTIC: [8] Undefined index: user H:\study\wamp64\www\online-study\Home\Runtime\Cache\12ad97b8676788da21bb179b05b3c3dbfeb2a841.file.detail.html.php 第 182 行.
NOTIC: [8] Undefined index: user H:\study\wamp64\www\online-study\Home\Runtime\Cache\12ad97b8676788da21bb179b05b3c3dbfeb2a841.file.detail.html.php 第 193 行.
NOTIC: [8] Undefined index: user H:\study\wamp64\www\online-study\Home\Runtime\Cache\12ad97b8676788da21bb179b05b3c3dbfeb2a841.file.detail.html.php 第 201 行.
NOTIC: [8] Undefined index: user H:\study\wamp64\www\online-study\Home\Runtime\Cache\12ad97b8676788da21bb179b05b3c3dbfeb2a841.file.detail.html.php 第 239 行.
NOTIC: [8] Undefined index: user H:\study\wamp64\www\online-study\Home\Runtime\Cache\12ad97b8676788da21bb179b05b3c3dbfeb2a841.file.detail.html.php 第 254 行.
NOTIC: [8] Undefined index: user H:\study\wamp64\www\online-study\Home\Runtime\Cache\12ad97b8676788da21bb179b05b3c3dbfeb2a841.file.detail.html.php 第 356 行.
NOTIC: [8] Undefined index: user H:\study\wamp64\www\online-study\Home\Runtime\Cache\12ad97b8676788da21bb179b05b3c3dbfeb2a841.file.detail.html.php 第 364 行.
INFO: ParseTemplate Behavior ::run [ RunTime:0.014901s ]
INFO: [ view_parse ] --END-- [ RunTime:0.015020s ]
INFO: [ view_filter ] --START--
INFO: ContentReplace Behavior ::run [ RunTime:0.000575s ]
INFO: TokenBuild Behavior ::run [ RunTime:0.000373s ]
INFO: WriteHtmlCache Behavior ::run [ RunTime:0.000333s ]
INFO: ShowRuntime Behavior ::run [ RunTime:0.000456s ]
INFO: [ view_filter ] --END-- [ RunTime:0.002016s ]
INFO: [ view_end ] --START--
INFO: ShowPageTrace Behavior ::run [ RunTime:0.000745s ]
INFO: [ view_end ] --END-- [ RunTime:0.001295s ]

[ 2019-06-09T21:24:16+08:00 ] 127.0.0.1 /online-study/index.php/Users/login
INFO: [ route_check ] --START--
INFO: CheckRoute Behavior ::run [ RunTime:0.000868s ]
INFO: [ route_check ] --END-- [ RunTime:0.001076s ]
NOTIC: [8192] preg_replace(): The /e modifier is deprecated, use preg_replace_callback instead H:\study\wamp64\www\online-study\ThinkPHP\Lib\Core\Dispatcher.class.php 第 132 行.
INFO: [ app_begin ] --START--
INFO: ReadHtmlCache Behavior ::run [ RunTime:0.000744s ]
INFO: [ app_begin ] --END-- [ RunTime:0.000926s ]
NOTIC: [8] A session had already been started - ignoring session_start() H:\study\wamp64\www\online-study\Home\Lib\Action\UsersAction.class.php 第 2 行.
INFO: [ view_parse ] --START--
NOTIC: [8] Undefined index: user H:\study\wamp64\www\online-study\Home\Runtime\Cache\5eb86b5f52faad6893408a91f10736e2d8252303.file.login.html.php 第 72 行.
NOTIC: [8] Undefined index: user H:\study\wamp64\www\online-study\Home\Runtime\Cache\5eb86b5f52faad6893408a91f10736e2d8252303.file.login.html.php 第 81 行.
INFO: ParseTemplate Behavior ::run [ RunTime:0.024224s ]
INFO: [ view_parse ] --END-- [ RunTime:0.024399s ]
INFO: [ view_filter ] --START--
INFO: ContentReplace Behavior ::run [ RunTime:0.000559s ]
INFO: TokenBuild Behavior ::run [ RunTime:0.000341s ]
INFO: WriteHtmlCache Behavior ::run [ RunTime:0.000313s ]
INFO: ShowRuntime Behavior ::run [ RunTime:0.000519s ]
INFO: [ view_filter ] --END-- [ RunTime:0.002059s ]
INFO: [ view_end ] --START--
INFO: ShowPageTrace Behavior ::run [ RunTime:0.001429s ]
INFO: [ view_end ] --END-- [ RunTime:0.002305s ]

[ 2019-06-09T21:24:16+08:00 ] 127.0.0.1 /online-study/index.php/Users/online-study/Public/css/simple.css
INFO: [ route_check ] --START--
INFO: CheckRoute Behavior ::run [ RunTime:0.000672s ]
INFO: [ route_check ] --END-- [ RunTime:0.000803s ]
NOTIC: [8192] preg_replace(): The /e modifier is deprecated, use preg_replace_callback instead H:\study\wamp64\www\online-study\ThinkPHP\Lib\Core\Dispatcher.class.php 第 132 行.
INFO: [ app_begin ] --START--
INFO: ReadHtmlCache Behavior ::run [ RunTime:0.000549s ]
INFO: [ app_begin ] --END-- [ RunTime:0.000670s ]
NOTIC: [8] A session had already been started - ignoring session_start() H:\study\wamp64\www\online-study\Home\Lib\Action\UsersAction.class.php 第 2 行.
ERR: 非法操作:online-study

[ 2019-06-09T21:24:22+08:00 ] 127.0.0.1 /online-study/index.php/Users/checkname
INFO: [ route_check ] --START--
INFO: CheckRoute Behavior ::run [ RunTime:0.001197s ]
INFO: [ route_check ] --END-- [ RunTime:0.001423s ]
NOTIC: [8192] preg_replace(): The /e modifier is deprecated, use preg_replace_callback instead H:\study\wamp64\www\online-study\ThinkPHP\Lib\Core\Dispatcher.class.php 第 132 行.
INFO: [ app_begin ] --START--
INFO: ReadHtmlCache Behavior ::run [ RunTime:0.000925s ]
INFO: [ app_begin ] --END-- [ RunTime:0.001077s ]
NOTIC: [8] A session had already been started - ignoring session_start() H:\study\wamp64\www\online-study\Home\Lib\Action\UsersAction.class.php 第 2 行.
NOTIC: [8192] preg_replace(): The /e modifier is deprecated, use preg_replace_callback instead H:\study\wamp64\www\online-study\ThinkPHP\Lib\Core\Db.class.php 第 604 行.
NOTIC: [8192] mysql_connect(): The mysql extension is deprecated and will be removed in the future: use mysqli or PDO instead H:\study\wamp64\www\online-study\ThinkPHP\Lib\Driver\Db\DbMysql.class.php 第 55 行.
SQL: SELECT * FROM `edu_users` WHERE ( username = '928611403@qq.com' or email='928611403@qq.com' ) LIMIT 1   [ RunTime:0.003050s ]

[ 2019-06-09T21:24:31+08:00 ] 127.0.0.1 /online-study/index.php/Users/checkpass
INFO: [ route_check ] --START--
INFO: CheckRoute Behavior ::run [ RunTime:0.000878s ]
INFO: [ route_check ] --END-- [ RunTime:0.001110s ]
NOTIC: [8192] preg_replace(): The /e modifier is deprecated, use preg_replace_callback instead H:\study\wamp64\www\online-study\ThinkPHP\Lib\Core\Dispatcher.class.php 第 132 行.
INFO: [ app_begin ] --START--
INFO: ReadHtmlCache Behavior ::run [ RunTime:0.000681s ]
INFO: [ app_begin ] --END-- [ RunTime:0.000842s ]
NOTIC: [8] A session had already been started - ignoring session_start() H:\study\wamp64\www\online-study\Home\Lib\Action\UsersAction.class.php 第 2 行.
NOTIC: [8192] preg_replace(): The /e modifier is deprecated, use preg_replace_callback instead H:\study\wamp64\www\online-study\ThinkPHP\Lib\Core\Db.class.php 第 604 行.
NOTIC: [8192] mysql_connect(): The mysql extension is deprecated and will be removed in the future: use mysqli or PDO instead H:\study\wamp64\www\online-study\ThinkPHP\Lib\Driver\Db\DbMysql.class.php 第 55 行.
SQL: SELECT * FROM `edu_users` WHERE ( username = '928611403@qq.com' or email='928611403@qq.com' ) LIMIT 1   [ RunTime:0.003258s ]

[ 2019-06-09T21:24:31+08:00 ] 127.0.0.1 /online-study/index.php/Users/checkname
INFO: [ route_check ] --START--
INFO: CheckRoute Behavior ::run [ RunTime:0.000987s ]
INFO: [ route_check ] --END-- [ RunTime:0.001191s ]
NOTIC: [8192] preg_replace(): The /e modifier is deprecated, use preg_replace_callback instead H:\study\wamp64\www\online-study\ThinkPHP\Lib\Core\Dispatcher.class.php 第 132 行.
INFO: [ app_begin ] --START--
INFO: ReadHtmlCache Behavior ::run [ RunTime:0.000821s ]
INFO: [ app_begin ] --END-- [ RunTime:0.000980s ]
NOTIC: [8] A session had already been started - ignoring session_start() H:\study\wamp64\www\online-study\Home\Lib\Action\UsersAction.class.php 第 2 行.
NOTIC: [8192] preg_replace(): The /e modifier is deprecated, use preg_replace_callback instead H:\study\wamp64\www\online-study\ThinkPHP\Lib\Core\Db.class.php 第 604 行.
NOTIC: [8192] mysql_connect(): The mysql extension is deprecated and will be removed in the future: use mysqli or PDO instead H:\study\wamp64\www\online-study\ThinkPHP\Lib\Driver\Db\DbMysql.class.php 第 55 行.
SQL: SELECT * FROM `edu_users` WHERE ( username = '928611403@qq.com' or email='928611403@qq.com' ) LIMIT 1   [ RunTime:0.002363s ]

[ 2019-06-09T21:24:31+08:00 ] 127.0.0.1 /online-study/index.php/Users/dologin
INFO: [ route_check ] --START--
INFO: CheckRoute Behavior ::run [ RunTime:0.000913s ]
INFO: [ route_check ] --END-- [ RunTime:0.001093s ]
NOTIC: [8192] preg_replace(): The /e modifier is deprecated, use preg_replace_callback instead H:\study\wamp64\www\online-study\ThinkPHP\Lib\Core\Dispatcher.class.php 第 132 行.
INFO: [ app_begin ] --START--
INFO: ReadHtmlCache Behavior ::run [ RunTime:0.000640s ]
INFO: [ app_begin ] --END-- [ RunTime:0.000812s ]
NOTIC: [8] A session had already been started - ignoring session_start() H:\study\wamp64\www\online-study\Home\Lib\Action\UsersAction.class.php 第 2 行.
NOTIC: [8] Undefined index: _type H:\study\wamp64\www\online-study\ThinkPHP\Lib\Core\Model.class.php 第 583 行.
NOTIC: [8] Undefined index: _type H:\study\wamp64\www\online-study\ThinkPHP\Lib\Core\Model.class.php 第 583 行.
NOTIC: [8192] preg_replace(): The /e modifier is deprecated, use preg_replace_callback instead H:\study\wamp64\www\online-study\ThinkPHP\Lib\Core\Db.class.php 第 604 行.
NOTIC: [8192] mysql_escape_string(): This function is deprecated; use mysql_real_escape_string() instead. H:\study\wamp64\www\online-study\ThinkPHP\Lib\Driver\Db\DbMysql.class.php 第 333 行.
NOTIC: [8192] mysql_escape_string(): This function is deprecated; use mysql_real_escape_string() instead. H:\study\wamp64\www\online-study\ThinkPHP\Lib\Driver\Db\DbMysql.class.php 第 333 行.
NOTIC: [8192] mysql_connect(): The mysql extension is deprecated and will be removed in the future: use mysqli or PDO instead H:\study\wamp64\www\online-study\ThinkPHP\Lib\Driver\Db\DbMysql.class.php 第 55 行.
SQL: SELECT * FROM `edu_users` WHERE ( `username` = '928611403@qq.com' ) OR ( `email` = '928611403@qq.com' )  [ RunTime:0.002559s ]

[ 2019-06-09T21:24:32+08:00 ] 127.0.0.1 /online-study/index.php/Index/index.html
INFO: [ route_check ] --START--
INFO: CheckRoute Behavior ::run [ RunTime:0.000696s ]
INFO: [ route_check ] --END-- [ RunTime:0.000872s ]
NOTIC: [8192] preg_replace(): The /e modifier is deprecated, use preg_replace_callback instead H:\study\wamp64\www\online-study\ThinkPHP\Lib\Core\Dispatcher.class.php 第 132 行.
INFO: [ app_begin ] --START--
INFO: ReadHtmlCache Behavior ::run [ RunTime:0.000603s ]
INFO: [ app_begin ] --END-- [ RunTime:0.000707s ]
NOTIC: [8192] mysql_connect(): The mysql extension is deprecated and will be removed in the future: use mysqli or PDO instead H:\study\wamp64\www\online-study\ThinkPHP\Lib\Driver\Db\DbMysql.class.php 第 55 行.
SQL: SHOW COLUMNS FROM `edu_clicknum` [ RunTime:0.001203s ]
NOTIC: [8192] preg_replace(): The /e modifier is deprecated, use preg_replace_callback instead H:\study\wamp64\www\online-study\ThinkPHP\Lib\Core\Db.class.php 第 604 行.
SQL: SELECT * FROM `edu_clicknum` WHERE ( `id` = 1 ) LIMIT 1   [ RunTime:0.000529s ]
SQL: UPDATE `edu_clicknum` SET `clicknum`=959,`clicktime`=1560086671 WHERE ( `id` = 1 ) [ RunTime:0.000643s ]
SQL: SHOW COLUMNS FROM `edu_notice` [ RunTime:0.001129s ]
NOTIC: [8192] preg_replace(): The /e modifier is deprecated, use preg_replace_callback instead H:\study\wamp64\www\online-study\ThinkPHP\Lib\Core\Db.class.php 第 604 行.
SQL: SELECT * FROM `edu_notice` ORDER BY addtime desc LIMIT 6   [ RunTime:0.001207s ]
SQL: SHOW COLUMNS FROM `edu_library` [ RunTime:0.000969s ]
NOTIC: [8192] preg_replace(): The /e modifier is deprecated, use preg_replace_callback instead H:\study\wamp64\www\online-study\ThinkPHP\Lib\Core\Db.class.php 第 604 行.
SQL: SELECT * FROM `edu_library` ORDER BY addtime desc LIMIT 3   [ RunTime:0.000678s ]
NOTIC: [8] Undefined index: _type H:\study\wamp64\www\online-study\ThinkPHP\Lib\Core\Model.class.php 第 583 行.
NOTIC: [8192] preg_replace(): The /e modifier is deprecated, use preg_replace_callback instead H:\study\wamp64\www\online-study\ThinkPHP\Lib\Core\Db.class.php 第 604 行.
SQL: SELECT `username` FROM `edu_users` WHERE ( `id` = '98' ) LIMIT 1   [ RunTime:0.000765s ]
NOTIC: [8] Undefined index: _type H:\study\wamp64\www\online-study\ThinkPHP\Lib\Core\Model.class.php 第 583 行.
NOTIC: [8192] preg_replace(): The /e modifier is deprecated, use preg_replace_callback instead H:\study\wamp64\www\online-study\ThinkPHP\Lib\Core\Db.class.php 第 604 行.
SQL: SELECT `username` FROM `edu_users` WHERE ( `id` = '67' ) LIMIT 1   [ RunTime:0.000801s ]
NOTIC: [8] Undefined index: _type H:\study\wamp64\www\online-study\ThinkPHP\Lib\Core\Model.class.php 第 583 行.
NOTIC: [8192] preg_replace(): The /e modifier is deprecated, use preg_replace_callback instead H:\study\wamp64\www\online-study\ThinkPHP\Lib\Core\Db.class.php 第 604 行.
SQL: SELECT `username` FROM `edu_users` WHERE ( `id` = '64' ) LIMIT 1   [ RunTime:0.000760s ]
NOTIC: [8192] preg_replace(): The /e modifier is deprecated, use preg_replace_callback instead H:\study\wamp64\www\online-study\ThinkPHP\Lib\Core\Db.class.php 第 604 行.
SQL: SELECT * FROM `edu_library` ORDER BY dwloadnum desc LIMIT 10   [ RunTime:0.000829s ]
NOTIC: [8] Undefined index: _type H:\study\wamp64\www\online-study\ThinkPHP\Lib\Core\Model.class.php 第 583 行.
NOTIC: [8192] preg_replace(): The /e modifier is deprecated, use preg_replace_callback instead H:\study\wamp64\www\online-study\ThinkPHP\Lib\Core\Db.class.php 第 604 行.
SQL: SELECT `username` FROM `edu_users` WHERE ( `id` = '70' ) LIMIT 1   [ RunTime:0.000570s ]
NOTIC: [8] Undefined index: _type H:\study\wamp64\www\online-study\ThinkPHP\Lib\Core\Model.class.php 第 583 行.
NOTIC: [8192] preg_replace(): The /e modifier is deprecated, use preg_replace_callback instead H:\study\wamp64\www\online-study\ThinkPHP\Lib\Core\Db.class.php 第 604 行.
SQL: SELECT `username` FROM `edu_users` WHERE ( `id` = '67' ) LIMIT 1   [ RunTime:0.000565s ]
NOTIC: [8] Undefined index: _type H:\study\wamp64\www\online-study\ThinkPHP\Lib\Core\Model.class.php 第 583 行.
NOTIC: [8192] preg_replace(): The /e modifier is deprecated, use preg_replace_callback instead H:\study\wamp64\www\online-study\ThinkPHP\Lib\Core\Db.class.php 第 604 行.
SQL: SELECT `username` FROM `edu_users` WHERE ( `id` = '64' ) LIMIT 1   [ RunTime:0.000593s ]
NOTIC: [8] Undefined index: _type H:\study\wamp64\www\online-study\ThinkPHP\Lib\Core\Model.class.php 第 583 行.
NOTIC: [8192] preg_replace(): The /e modifier is deprecated, use preg_replace_callback instead H:\study\wamp64\www\online-study\ThinkPHP\Lib\Core\Db.class.php 第 604 行.
SQL: SELECT `username` FROM `edu_users` WHERE ( `id` = '64' ) LIMIT 1   [ RunTime:0.000474s ]
NOTIC: [8] Undefined index: _type H:\study\wamp64\www\online-study\ThinkPHP\Lib\Core\Model.class.php 第 583 行.
NOTIC: [8192] preg_replace(): The /e modifier is deprecated, use preg_replace_callback instead H:\study\wamp64\www\online-study\ThinkPHP\Lib\Core\Db.class.php 第 604 行.
SQL: SELECT `username` FROM `edu_users` WHERE ( `id` = '63' ) LIMIT 1   [ RunTime:0.000510s ]
NOTIC: [8] Undefined index: _type H:\study\wamp64\www\online-study\ThinkPHP\Lib\Core\Model.class.php 第 583 行.
NOTIC: [8192] preg_replace(): The /e modifier is deprecated, use preg_replace_callback instead H:\study\wamp64\www\online-study\ThinkPHP\Lib\Core\Db.class.php 第 604 行.
SQL: SELECT `username` FROM `edu_users` WHERE ( `id` = '61' ) LIMIT 1   [ RunTime:0.000478s ]
NOTIC: [8] Undefined index: _type H:\study\wamp64\www\online-study\ThinkPHP\Lib\Core\Model.class.php 第 583 行.
NOTIC: [8192] preg_replace(): The /e modifier is deprecated, use preg_replace_callback instead H:\study\wamp64\www\online-study\ThinkPHP\Lib\Core\Db.class.php 第 604 行.
SQL: SELECT `username` FROM `edu_users` WHERE ( `id` = '61' ) LIMIT 1   [ RunTime:0.000454s ]
NOTIC: [8] Undefined index: _type H:\study\wamp64\www\online-study\ThinkPHP\Lib\Core\Model.class.php 第 583 行.
NOTIC: [8192] preg_replace(): The /e modifier is deprecated, use preg_replace_callback instead H:\study\wamp64\www\online-study\ThinkPHP\Lib\Core\Db.class.php 第 604 行.
SQL: SELECT `username` FROM `edu_users` WHERE ( `id` = '68' ) LIMIT 1   [ RunTime:0.000436s ]
NOTIC: [8] Undefined index: _type H:\study\wamp64\www\online-study\ThinkPHP\Lib\Core\Model.class.php 第 583 行.
NOTIC: [8192] preg_replace(): The /e modifier is deprecated, use preg_replace_callback instead H:\study\wamp64\www\online-study\ThinkPHP\Lib\Core\Db.class.php 第 604 行.
SQL: SELECT `username` FROM `edu_users` WHERE ( `id` = '70' ) LIMIT 1   [ RunTime:0.000461s ]
NOTIC: [8] Undefined index: _type H:\study\wamp64\www\online-study\ThinkPHP\Lib\Core\Model.class.php 第 583 行.
NOTIC: [8192] preg_replace(): The /e modifier is deprecated, use preg_replace_callback instead H:\study\wamp64\www\online-study\ThinkPHP\Lib\Core\Db.class.php 第 604 行.
SQL: SELECT `username` FROM `edu_users` WHERE ( `id` = '95' ) LIMIT 1   [ RunTime:0.000679s ]
SQL: select uid,count(*) num from edu_library group by uid order by num desc limit 8 [ RunTime:0.001427s ]
SQL: SHOW COLUMNS FROM `edu_users` [ RunTime:0.001015s ]
NOTIC: [8192] preg_replace(): The /e modifier is deprecated, use preg_replace_callback instead H:\study\wamp64\www\online-study\ThinkPHP\Lib\Core\Db.class.php 第 604 行.
SQL: SELECT `username`,`picture` FROM `edu_users` WHERE ( `id` = 64 ) LIMIT 1   [ RunTime:0.000532s ]
SQL: SHOW COLUMNS FROM `edu_friend` [ RunTime:0.000670s ]
NOTIC: [8192] preg_replace(): The /e modifier is deprecated, use preg_replace_callback instead H:\study\wamp64\www\online-study\ThinkPHP\Lib\Core\Db.class.php 第 604 行.
SQL: SELECT COUNT(*) AS tp_count FROM `edu_friend` WHERE ( uid=64 ) LIMIT 1   [ RunTime:0.000486s ]
NOTIC: [8192] preg_replace(): The /e modifier is deprecated, use preg_replace_callback instead H:\study\wamp64\www\online-study\ThinkPHP\Lib\Core\Db.class.php 第 604 行.
SQL: SELECT `username`,`picture` FROM `edu_users` WHERE ( `id` = 61 ) LIMIT 1   [ RunTime:0.000424s ]
NOTIC: [8192] preg_replace(): The /e modifier is deprecated, use preg_replace_callback instead H:\study\wamp64\www\online-study\ThinkPHP\Lib\Core\Db.class.php 第 604 行.
SQL: SELECT COUNT(*) AS tp_count FROM `edu_friend` WHERE ( uid=61 ) LIMIT 1   [ RunTime:0.000490s ]
NOTIC: [8192] preg_replace(): The /e modifier is deprecated, use preg_replace_callback instead H:\study\wamp64\www\online-study\ThinkPHP\Lib\Core\Db.class.php 第 604 行.
SQL: SELECT `username`,`picture` FROM `edu_users` WHERE ( `id` = 70 ) LIMIT 1   [ RunTime:0.000479s ]
NOTIC: [8192] preg_replace(): The /e modifier is deprecated, use preg_replace_callback instead H:\study\wamp64\www\online-study\ThinkPHP\Lib\Core\Db.class.php 第 604 行.
SQL: SELECT COUNT(*) AS tp_count FROM `edu_friend` WHERE ( uid=70 ) LIMIT 1   [ RunTime:0.000516s ]
NOTIC: [8192] preg_replace(): The /e modifier is deprecated, use preg_replace_callback instead H:\study\wamp64\www\online-study\ThinkPHP\Lib\Core\Db.class.php 第 604 行.
SQL: SELECT `username`,`picture` FROM `edu_users` WHERE ( `id` = 95 ) LIMIT 1   [ RunTime:0.000501s ]
NOTIC: [8192] preg_replace(): The /e modifier is deprecated, use preg_replace_callback instead H:\study\wamp64\www\online-study\ThinkPHP\Lib\Core\Db.class.php 第 604 行.
SQL: SELECT COUNT(*) AS tp_count FROM `edu_friend` WHERE ( uid=95 ) LIMIT 1   [ RunTime:0.000549s ]
NOTIC: [8192] preg_replace(): The /e modifier is deprecated, use preg_replace_callback instead H:\study\wamp64\www\online-study\ThinkPHP\Lib\Core\Db.class.php 第 604 行.
SQL: SELECT `username`,`picture` FROM `edu_users` WHERE ( `id` = 98 ) LIMIT 1   [ RunTime:0.000519s ]
NOTIC: [8192] preg_replace(): The /e modifier is deprecated, use preg_replace_callback instead H:\study\wamp64\www\online-study\ThinkPHP\Lib\Core\Db.class.php 第 604 行.
SQL: SELECT COUNT(*) AS tp_count FROM `edu_friend` WHERE ( uid=98 ) LIMIT 1   [ RunTime:0.000473s ]
NOTIC: [8192] preg_replace(): The /e modifier is deprecated, use preg_replace_callback instead H:\study\wamp64\www\online-study\ThinkPHP\Lib\Core\Db.class.php 第 604 行.
SQL: SELECT `username`,`picture` FROM `edu_users` WHERE ( `id` = 67 ) LIMIT 1   [ RunTime:0.000480s ]
NOTIC: [8192] preg_replace(): The /e modifier is deprecated, use preg_replace_callback instead H:\study\wamp64\www\online-study\ThinkPHP\Lib\Core\Db.class.php 第 604 行.
SQL: SELECT COUNT(*) AS tp_count FROM `edu_friend` WHERE ( uid=67 ) LIMIT 1   [ RunTime:0.000516s ]
NOTIC: [8192] preg_replace(): The /e modifier is deprecated, use preg_replace_callback instead H:\study\wamp64\www\online-study\ThinkPHP\Lib\Core\Db.class.php 第 604 行.
SQL: SELECT `username`,`picture` FROM `edu_users` WHERE ( `id` = 63 ) LIMIT 1   [ RunTime:0.000557s ]
NOTIC: [8192] preg_replace(): The /e modifier is deprecated, use preg_replace_callback instead H:\study\wamp64\www\online-study\ThinkPHP\Lib\Core\Db.class.php 第 604 行.
SQL: SELECT COUNT(*) AS tp_count FROM `edu_friend` WHERE ( uid=63 ) LIMIT 1   [ RunTime:0.000684s ]
NOTIC: [8192] preg_replace(): The /e modifier is deprecated, use preg_replace_callback instead H:\study\wamp64\www\online-study\ThinkPHP\Lib\Core\Db.class.php 第 604 行.
SQL: SELECT `username`,`picture` FROM `edu_users` WHERE ( `id` = 68 ) LIMIT 1   [ RunTime:0.000617s ]
NOTIC: [8192] preg_replace(): The /e modifier is deprecated, use preg_replace_callback instead H:\study\wamp64\www\online-study\ThinkPHP\Lib\Core\Db.class.php 第 604 行.
SQL: SELECT COUNT(*) AS tp_count FROM `edu_friend` WHERE ( uid=68 ) LIMIT 1   [ RunTime:0.000579s ]
SQL: SHOW COLUMNS FROM `edu_video` [ RunTime:0.000740s ]
NOTIC: [8192] preg_replace(): The /e modifier is deprecated, use preg_replace_callback instead H:\study\wamp64\www\online-study\ThinkPHP\Lib\Core\Db.class.php 第 604 行.
SQL: SELECT * FROM `edu_video` ORDER BY addtime desc LIMIT 3   [ RunTime:0.000633s ]
NOTIC: [8192] preg_replace(): The /e modifier is deprecated, use preg_replace_callback instead H:\study\wamp64\www\online-study\ThinkPHP\Lib\Core\Db.class.php 第 604 行.
SQL: SELECT * FROM `edu_video` WHERE ( status=2 ) ORDER BY favonum desc LIMIT 8   [ RunTime:0.000652s ]
NOTIC: [8192] preg_replace(): The /e modifier is deprecated, use preg_replace_callback instead H:\study\wamp64\www\online-study\ThinkPHP\Lib\Core\Db.class.php 第 604 行.
SQL: SELECT * FROM `edu_video` WHERE ( status=2 ) ORDER BY clicknum desc LIMIT 10   [ RunTime:0.000792s ]
SQL: SHOW COLUMNS FROM `edu_cat` [ RunTime:0.000797s ]
NOTIC: [8192] preg_replace(): The /e modifier is deprecated, use preg_replace_callback instead H:\study\wamp64\www\online-study\ThinkPHP\Lib\Core\Db.class.php 第 604 行.
SQL: SELECT `id`,`name` FROM `edu_cat` WHERE ( pid=0 ) LIMIT 6   [ RunTime:0.000543s ]
NOTIC: [8192] preg_replace(): The /e modifier is deprecated, use preg_replace_callback instead H:\study\wamp64\www\online-study\ThinkPHP\Lib\Core\Db.class.php 第 604 行.
SQL: SELECT * FROM `edu_video` WHERE ( status=2 ) ORDER BY addtime desc LIMIT 5   [ RunTime:0.000603s ]
SQL: select nid,count(*) num from edu_zan where nid<>0 group by nid order by num desc limit 3 [ RunTime:0.000618s ]
SQL: SHOW COLUMNS FROM `edu_note` [ RunTime:0.000814s ]
ERR: 1146:Table 'edu002.edu_note' doesn't exist
 [ SQL语句 ] : SHOW COLUMNS FROM `edu_note`
NOTIC: [8192] preg_replace(): The /e modifier is deprecated, use preg_replace_callback instead H:\study\wamp64\www\online-study\ThinkPHP\Lib\Core\Db.class.php 第 604 行.
SQL: SELECT * FROM `edu_note` WHERE ( `id` = '23' ) LIMIT 1   [ RunTime:0.000547s ]
ERR: 1146:Table 'edu002.edu_note' doesn't exist
 [ SQL语句 ] : SELECT * FROM `edu_note` WHERE ( `id` = '23' ) LIMIT 1  
NOTIC: [8192] preg_replace(): The /e modifier is deprecated, use preg_replace_callback instead H:\study\wamp64\www\online-study\ThinkPHP\Lib\Core\Db.class.php 第 604 行.
SQL: SELECT `username` FROM `edu_users` LIMIT 1   [ RunTime:0.000497s ]
SQL: SHOW COLUMNS FROM `edu_video` [ RunTime:0.001214s ]
NOTIC: [8192] preg_replace(): The /e modifier is deprecated, use preg_replace_callback instead H:\study\wamp64\www\online-study\ThinkPHP\Lib\Core\Db.class.php 第 604 行.
SQL: SELECT `videoname` FROM `edu_video` LIMIT 1   [ RunTime:0.000630s ]
NOTIC: [8192] preg_replace(): The /e modifier is deprecated, use preg_replace_callback instead H:\study\wamp64\www\online-study\ThinkPHP\Lib\Core\Db.class.php 第 604 行.
SQL: SELECT * FROM `edu_note` WHERE ( `id` = '38' ) LIMIT 1   [ RunTime:0.000658s ]
ERR: 1146:Table 'edu002.edu_note' doesn't exist
 [ SQL语句 ] : SELECT * FROM `edu_note` WHERE ( `id` = '38' ) LIMIT 1  
NOTIC: [8192] preg_replace(): The /e modifier is deprecated, use preg_replace_callback instead H:\study\wamp64\www\online-study\ThinkPHP\Lib\Core\Db.class.php 第 604 行.
SQL: SELECT `username` FROM `edu_users` LIMIT 1   [ RunTime:0.000523s ]
NOTIC: [8192] preg_replace(): The /e modifier is deprecated, use preg_replace_callback instead H:\study\wamp64\www\online-study\ThinkPHP\Lib\Core\Db.class.php 第 604 行.
SQL: SELECT `videoname` FROM `edu_video` LIMIT 1   [ RunTime:0.000550s ]
NOTIC: [8192] preg_replace(): The /e modifier is deprecated, use preg_replace_callback instead H:\study\wamp64\www\online-study\ThinkPHP\Lib\Core\Db.class.php 第 604 行.
SQL: SELECT * FROM `edu_note` WHERE ( `id` = '39' ) LIMIT 1   [ RunTime:0.000573s ]
ERR: 1146:Table 'edu002.edu_note' doesn't exist
 [ SQL语句 ] : SELECT * FROM `edu_note` WHERE ( `id` = '39' ) LIMIT 1  
NOTIC: [8192] preg_replace(): The /e modifier is deprecated, use preg_replace_callback instead H:\study\wamp64\www\online-study\ThinkPHP\Lib\Core\Db.class.php 第 604 行.
SQL: SELECT `username` FROM `edu_users` LIMIT 1   [ RunTime:0.000511s ]
NOTIC: [8192] preg_replace(): The /e modifier is deprecated, use preg_replace_callback instead H:\study\wamp64\www\online-study\ThinkPHP\Lib\Core\Db.class.php 第 604 行.
SQL: SELECT `videoname` FROM `edu_video` LIMIT 1   [ RunTime:0.000487s ]
SQL: select uid,count(*) num from edu_note group by uid order by num desc limit 8 [ RunTime:0.000505s ]
ERR: 1146:Table 'edu002.edu_note' doesn't exist
 [ SQL语句 ] : select uid,count(*) num from edu_note group by uid order by num desc limit 8
NOTIC: [2] Invalid argument supplied for foreach() H:\study\wamp64\www\online-study\Home\Lib\Action\IndexAction.class.php 第 79 行.
SQL: SHOW COLUMNS FROM `edu_cat` [ RunTime:0.000727s ]
NOTIC: [8192] preg_replace(): The /e modifier is deprecated, use preg_replace_callback instead H:\study\wamp64\www\online-study\ThinkPHP\Lib\Core\Db.class.php 第 604 行.
SQL: SELECT `id`,`name` FROM `edu_cat` WHERE ( pid!=0 )  [ RunTime:0.000779s ]
SQL: SHOW COLUMNS FROM `bbs_message` [ RunTime:0.001070s ]
NOTIC: [8192] preg_replace(): The /e modifier is deprecated, use preg_replace_callback instead H:\study\wamp64\www\online-study\ThinkPHP\Lib\Core\Db.class.php 第 604 行.
SQL: SELECT `id`,`title` FROM `bbs_message` WHERE ( (`keyword` LIKE '17') OR (`keyword` LIKE '%,17') OR (`keyword` LIKE '17,%') OR (`keyword` LIKE '%,17,%') ) AND ( `status` = '1' ) ORDER BY addtime desc LIMIT 3   [ RunTime:0.000768s ]
NOTIC: [8192] preg_replace(): The /e modifier is deprecated, use preg_replace_callback instead H:\study\wamp64\www\online-study\ThinkPHP\Lib\Core\Db.class.php 第 604 行.
SQL: SELECT COUNT(*) AS tp_count FROM `bbs_message` WHERE ( (`keyword` LIKE '17') OR (`keyword` LIKE '%,17') OR (`keyword` LIKE '17,%') OR (`keyword` LIKE '%,17,%') ) AND ( `status` = '1' ) LIMIT 1   [ RunTime:0.000899s ]
NOTIC: [8192] preg_replace(): The /e modifier is deprecated, use preg_replace_callback instead H:\study\wamp64\www\online-study\ThinkPHP\Lib\Core\Db.class.php 第 604 行.
SQL: SELECT `id`,`title` FROM `bbs_message` WHERE ( (`keyword` LIKE '15') OR (`keyword` LIKE '%,15') OR (`keyword` LIKE '15,%') OR (`keyword` LIKE '%,15,%') ) AND ( `status` = '1' ) ORDER BY addtime desc LIMIT 3   [ RunTime:0.000758s ]
NOTIC: [8192] preg_replace(): The /e modifier is deprecated, use preg_replace_callback instead H:\study\wamp64\www\online-study\ThinkPHP\Lib\Core\Db.class.php 第 604 行.
SQL: SELECT COUNT(*) AS tp_count FROM `bbs_message` WHERE ( (`keyword` LIKE '15') OR (`keyword` LIKE '%,15') OR (`keyword` LIKE '15,%') OR (`keyword` LIKE '%,15,%') ) AND ( `status` = '1' ) LIMIT 1   [ RunTime:0.000751s ]
NOTIC: [8192] preg_replace(): The /e modifier is deprecated, use preg_replace_callback instead H:\study\wamp64\www\online-study\ThinkPHP\Lib\Core\Db.class.php 第 604 行.
SQL: SELECT `id`,`title` FROM `bbs_message` WHERE ( (`keyword` LIKE '9') OR (`keyword` LIKE '%,9') OR (`keyword` LIKE '9,%') OR (`keyword` LIKE '%,9,%') ) AND ( `status` = '1' ) ORDER BY addtime desc LIMIT 3   [ RunTime:0.000671s ]
NOTIC: [8192] preg_replace(): The /e modifier is deprecated, use preg_replace_callback instead H:\study\wamp64\www\online-study\ThinkPHP\Lib\Core\Db.class.php 第 604 行.
SQL: SELECT COUNT(*) AS tp_count FROM `bbs_message` WHERE ( (`keyword` LIKE '9') OR (`keyword` LIKE '%,9') OR (`keyword` LIKE '9,%') OR (`keyword` LIKE '%,9,%') ) AND ( `status` = '1' ) LIMIT 1   [ RunTime:0.000681s ]
NOTIC: [8192] preg_replace(): The /e modifier is deprecated, use preg_replace_callback instead H:\study\wamp64\www\online-study\ThinkPHP\Lib\Core\Db.class.php 第 604 行.
SQL: SELECT `id`,`title` FROM `bbs_message` WHERE ( (`keyword` LIKE '10') OR (`keyword` LIKE '%,10') OR (`keyword` LIKE '10,%') OR (`keyword` LIKE '%,10,%') ) AND ( `status` = '1' ) ORDER BY addtime desc LIMIT 3   [ RunTime:0.000745s ]
NOTIC: [8192] preg_replace(): The /e modifier is deprecated, use preg_replace_callback instead H:\study\wamp64\www\online-study\ThinkPHP\Lib\Core\Db.class.php 第 604 行.
SQL: SELECT COUNT(*) AS tp_count FROM `bbs_message` WHERE ( (`keyword` LIKE '10') OR (`keyword` LIKE '%,10') OR (`keyword` LIKE '10,%') OR (`keyword` LIKE '%,10,%') ) AND ( `status` = '1' ) LIMIT 1   [ RunTime:0.000658s ]
NOTIC: [8192] preg_replace(): The /e modifier is deprecated, use preg_replace_callback instead H:\study\wamp64\www\online-study\ThinkPHP\Lib\Core\Db.class.php 第 604 行.
SQL: SELECT `id`,`title` FROM `bbs_message` WHERE ( (`keyword` LIKE '28') OR (`keyword` LIKE '%,28') OR (`keyword` LIKE '28,%') OR (`keyword` LIKE '%,28,%') ) AND ( `status` = '1' ) ORDER BY addtime desc LIMIT 3   [ RunTime:0.000640s ]
NOTIC: [8192] preg_replace(): The /e modifier is deprecated, use preg_replace_callback instead H:\study\wamp64\www\online-study\ThinkPHP\Lib\Core\Db.class.php 第 604 行.
SQL: SELECT COUNT(*) AS tp_count FROM `bbs_message` WHERE ( (`keyword` LIKE '28') OR (`keyword` LIKE '%,28') OR (`keyword` LIKE '28,%') OR (`keyword` LIKE '%,28,%') ) AND ( `status` = '1' ) LIMIT 1   [ RunTime:0.000709s ]
NOTIC: [8192] preg_replace(): The /e modifier is deprecated, use preg_replace_callback instead H:\study\wamp64\www\online-study\ThinkPHP\Lib\Core\Db.class.php 第 604 行.
SQL: SELECT `id`,`title` FROM `bbs_message` WHERE ( (`keyword` LIKE '27') OR (`keyword` LIKE '%,27') OR (`keyword` LIKE '27,%') OR (`keyword` LIKE '%,27,%') ) AND ( `status` = '1' ) ORDER BY addtime desc LIMIT 3   [ RunTime:0.000779s ]
NOTIC: [8192] preg_replace(): The /e modifier is deprecated, use preg_replace_callback instead H:\study\wamp64\www\online-study\ThinkPHP\Lib\Core\Db.class.php 第 604 行.
SQL: SELECT COUNT(*) AS tp_count FROM `bbs_message` WHERE ( (`keyword` LIKE '27') OR (`keyword` LIKE '%,27') OR (`keyword` LIKE '27,%') OR (`keyword` LIKE '%,27,%') ) AND ( `status` = '1' ) LIMIT 1   [ RunTime:0.001187s ]
SQL: SHOW COLUMNS FROM `bbs_question` [ RunTime:0.001190s ]
NOTIC: [8192] preg_replace(): The /e modifier is deprecated, use preg_replace_callback instead H:\study\wamp64\www\online-study\ThinkPHP\Lib\Core\Db.class.php 第 604 行.
SQL: SELECT `id`,`uid`,`content` FROM `bbs_question` WHERE ( `status` = '1' ) AND ( `isbest` = '1' ) AND ( `replay` <> '' ) ORDER BY addtime desc LIMIT 6   [ RunTime:0.001008s ]
NOTIC: [8192] preg_replace(): The /e modifier is deprecated, use preg_replace_callback instead H:\study\wamp64\www\online-study\ThinkPHP\Lib\Core\Db.class.php 第 604 行.
SQL: SELECT `username`,`name` FROM `edu_users` WHERE ( `id` = 65 ) LIMIT 1   [ RunTime:0.000782s ]
NOTIC: [8192] preg_replace(): The /e modifier is deprecated, use preg_replace_callback instead H:\study\wamp64\www\online-study\ThinkPHP\Lib\Core\Db.class.php 第 604 行.
SQL: SELECT `username`,`name` FROM `edu_users` WHERE ( `id` = 93 ) LIMIT 1   [ RunTime:0.000667s ]
NOTIC: [8192] preg_replace(): The /e modifier is deprecated, use preg_replace_callback instead H:\study\wamp64\www\online-study\ThinkPHP\Lib\Core\Db.class.php 第 604 行.
SQL: SELECT `username`,`name` FROM `edu_users` WHERE ( `id` = 76 ) LIMIT 1   [ RunTime:0.000565s ]
NOTIC: [8192] preg_replace(): The /e modifier is deprecated, use preg_replace_callback instead H:\study\wamp64\www\online-study\ThinkPHP\Lib\Core\Db.class.php 第 604 行.
SQL: SELECT `username`,`name` FROM `edu_users` WHERE ( `id` = 74 ) LIMIT 1   [ RunTime:0.000522s ]
NOTIC: [8192] preg_replace(): The /e modifier is deprecated, use preg_replace_callback instead H:\study\wamp64\www\online-study\ThinkPHP\Lib\Core\Db.class.php 第 604 行.
SQL: SELECT `username`,`name` FROM `edu_users` WHERE ( `id` = 71 ) LIMIT 1   [ RunTime:0.000497s ]
NOTIC: [8192] preg_replace(): The /e modifier is deprecated, use preg_replace_callback instead H:\study\wamp64\www\online-study\ThinkPHP\Lib\Core\Db.class.php 第 604 行.
SQL: SELECT `username`,`name` FROM `edu_users` WHERE ( `id` = 69 ) LIMIT 1   [ RunTime:0.000481s ]
SQL: SHOW COLUMNS FROM `edu_flink` [ RunTime:0.000839s ]
NOTIC: [8192] preg_replace(): The /e modifier is deprecated, use preg_replace_callback instead H:\study\wamp64\www\online-study\ThinkPHP\Lib\Core\Db.class.php 第 604 行.
SQL: SELECT * FROM `edu_flink` WHERE ( status=2 )  [ RunTime:0.000508s ]
ERR: 1054:Unknown column 'status' in 'where clause'
 [ SQL语句 ] : SELECT * FROM `edu_flink` WHERE ( status=2 ) 
INFO: [ view_parse ] --START--
INFO: ParseTemplate Behavior ::run [ RunTime:0.028493s ]
INFO: [ view_parse ] --END-- [ RunTime:0.028647s ]
INFO: [ view_filter ] --START--
INFO: ContentReplace Behavior ::run [ RunTime:0.000660s ]
INFO: TokenBuild Behavior ::run [ RunTime:0.000439s ]
INFO: WriteHtmlCache Behavior ::run [ RunTime:0.000389s ]
INFO: ShowRuntime Behavior ::run [ RunTime:0.000538s ]
INFO: [ view_filter ] --END-- [ RunTime:0.002332s ]
INFO: [ view_end ] --START--
INFO: ShowPageTrace Behavior ::run [ RunTime:0.001140s ]
INFO: [ view_end ] --END-- [ RunTime:0.001451s ]

[ 2019-06-09T21:24:36+08:00 ] 127.0.0.1 /online-study/index/Library/detail/id/56
INFO: [ route_check ] --START--
INFO: CheckRoute Behavior ::run [ RunTime:0.001704s ]
INFO: [ route_check ] --END-- [ RunTime:0.002111s ]
NOTIC: [8192] preg_replace(): The /e modifier is deprecated, use preg_replace_callback instead H:\study\wamp64\www\online-study\ThinkPHP\Lib\Core\Dispatcher.class.php 第 132 行.
INFO: [ app_begin ] --START--
INFO: ReadHtmlCache Behavior ::run [ RunTime:0.000733s ]
INFO: [ app_begin ] --END-- [ RunTime:0.000962s ]
NOTIC: [8] Undefined index: _type H:\study\wamp64\www\online-study\ThinkPHP\Lib\Core\Model.class.php 第 583 行.
NOTIC: [8192] preg_replace(): The /e modifier is deprecated, use preg_replace_callback instead H:\study\wamp64\www\online-study\ThinkPHP\Lib\Core\Db.class.php 第 604 行.
NOTIC: [8192] mysql_escape_string(): This function is deprecated; use mysql_real_escape_string() instead. H:\study\wamp64\www\online-study\ThinkPHP\Lib\Driver\Db\DbMysql.class.php 第 333 行.
NOTIC: [8192] mysql_connect(): The mysql extension is deprecated and will be removed in the future: use mysqli or PDO instead H:\study\wamp64\www\online-study\ThinkPHP\Lib\Driver\Db\DbMysql.class.php 第 55 行.
SQL: SELECT * FROM `edu_library` WHERE ( `id` = '56' ) LIMIT 1   [ RunTime:0.000604s ]
NOTIC: [8] Undefined index: _type H:\study\wamp64\www\online-study\ThinkPHP\Lib\Core\Model.class.php 第 583 行.
NOTIC: [8] Undefined index: _type H:\study\wamp64\www\online-study\ThinkPHP\Lib\Core\Model.class.php 第 583 行.
NOTIC: [8] Undefined index: _type H:\study\wamp64\www\online-study\ThinkPHP\Lib\Core\Model.class.php 第 583 行.
NOTIC: [8] Undefined index: _type H:\study\wamp64\www\online-study\ThinkPHP\Lib\Core\Model.class.php 第 583 行.
NOTIC: [8] Undefined index: _type H:\study\wamp64\www\online-study\ThinkPHP\Lib\Core\Model.class.php 第 583 行.
NOTIC: [8] Undefined index: _type H:\study\wamp64\www\online-study\ThinkPHP\Lib\Core\Model.class.php 第 583 行.
NOTIC: [8] Undefined index: _type H:\study\wamp64\www\online-study\ThinkPHP\Lib\Core\Model.class.php 第 583 行.
NOTIC: [8] Undefined index: _type H:\study\wamp64\www\online-study\ThinkPHP\Lib\Core\Model.class.php 第 583 行.
NOTIC: [8] Undefined index: _type H:\study\wamp64\www\online-study\ThinkPHP\Lib\Core\Model.class.php 第 583 行.
NOTIC: [8] Undefined index: _type H:\study\wamp64\www\online-study\ThinkPHP\Lib\Core\Model.class.php 第 583 行.
NOTIC: [8] Undefined index: _type H:\study\wamp64\www\online-study\ThinkPHP\Lib\Core\Model.class.php 第 583 行.
NOTIC: [8] Undefined index: _type H:\study\wamp64\www\online-study\ThinkPHP\Lib\Core\Model.class.php 第 583 行.
SQL: UPDATE `edu_library` SET `tid`='10',`uid`='98',`title`='Linux开发',`name`='5cf75faa7cca3.pdf',`size`='1150287',`type`='application/pdf',`addtime`='1559715754',`favonum`='0',`clicknum`=7,`dwloadnum`='0',`status`='2' WHERE ( `id` = '56' ) [ RunTime:0.000503s ]
NOTIC: [8] Undefined index: _type H:\study\wamp64\www\online-study\ThinkPHP\Lib\Core\Model.class.php 第 583 行.
NOTIC: [8192] preg_replace(): The /e modifier is deprecated, use preg_replace_callback instead H:\study\wamp64\www\online-study\ThinkPHP\Lib\Core\Db.class.php 第 604 行.
SQL: SELECT * FROM `edu_users` WHERE ( `id` = '98' ) LIMIT 1   [ RunTime:0.000962s ]
SQL: SHOW COLUMNS FROM `edu_cat` [ RunTime:0.001058s ]
NOTIC: [8192] preg_replace(): The /e modifier is deprecated, use preg_replace_callback instead H:\study\wamp64\www\online-study\ThinkPHP\Lib\Core\Db.class.php 第 604 行.
SQL: SELECT `name` FROM `edu_cat` WHERE ( `id` = 10 ) LIMIT 1   [ RunTime:0.000604s ]
NOTIC: [2048] Only variables should be passed by reference H:\study\wamp64\www\online-study\Home\Lib\Action\LibraryAction.class.php 第 215 行.
SQL: SHOW COLUMNS FROM `edu_libcom` [ RunTime:0.000838s ]
ERR: 1146:Table 'edu002.edu_libcom' doesn't exist
 [ SQL语句 ] : SHOW COLUMNS FROM `edu_libcom`
NOTIC: [8192] preg_replace(): The /e modifier is deprecated, use preg_replace_callback instead H:\study\wamp64\www\online-study\ThinkPHP\Lib\Core\Db.class.php 第 604 行.
SQL: SELECT COUNT(*) AS tp_count FROM `edu_libcom` WHERE ( `lid` = '56' ) LIMIT 1   [ RunTime:0.000660s ]
ERR: 1146:Table 'edu002.edu_libcom' doesn't exist
 [ SQL语句 ] : SELECT COUNT(*) AS tp_count FROM `edu_libcom` WHERE ( `lid` = '56' ) LIMIT 1  
NOTIC: [8192] preg_replace(): The /e modifier is deprecated, use preg_replace_callback instead H:\study\wamp64\www\online-study\ThinkPHP\Lib\Core\Db.class.php 第 604 行.
SQL: SELECT * FROM `edu_libcom` WHERE ( `lid` = '56' ) ORDER BY addtime desc LIMIT 0,5   [ RunTime:0.000545s ]
ERR: 1146:Table 'edu002.edu_libcom' doesn't exist
 [ SQL语句 ] : SELECT * FROM `edu_libcom` WHERE ( `lid` = '56' ) ORDER BY addtime desc LIMIT 0,5  
NOTIC: [2] Invalid argument supplied for foreach() H:\study\wamp64\www\online-study\Home\Lib\Action\LibcomAction.class.php 第 24 行.
SQL: SHOW COLUMNS FROM `edu_zan` [ RunTime:0.001170s ]
SQL: SHOW COLUMNS FROM `edu_collect` [ RunTime:0.001099s ]
NOTIC: [8192] preg_replace(): The /e modifier is deprecated, use preg_replace_callback instead H:\study\wamp64\www\online-study\ThinkPHP\Lib\Core\Db.class.php 第 604 行.
SQL: SELECT * FROM `edu_zan` WHERE ( `uid` = '98' ) AND ( `lid` = '56' ) LIMIT 1   [ RunTime:0.000744s ]
NOTIC: [8192] preg_replace(): The /e modifier is deprecated, use preg_replace_callback instead H:\study\wamp64\www\online-study\ThinkPHP\Lib\Core\Db.class.php 第 604 行.
SQL: SELECT * FROM `edu_collect` WHERE ( `uid` = '98' ) AND ( `lid` = '56' ) LIMIT 1   [ RunTime:0.000604s ]
NOTIC: [8192] preg_replace(): The /e modifier is deprecated, use preg_replace_callback instead H:\study\wamp64\www\online-study\ThinkPHP\Lib\Core\Db.class.php 第 604 行.
SQL: SELECT COUNT(*) AS tp_count FROM `edu_collect` WHERE ( `uid` = '98' ) AND ( `lid` = '56' ) LIMIT 1   [ RunTime:0.000594s ]
NOTIC: [8192] preg_replace(): The /e modifier is deprecated, use preg_replace_callback instead H:\study\wamp64\www\online-study\ThinkPHP\Lib\Core\Db.class.php 第 604 行.
SQL: SELECT * FROM `edu_library` WHERE ( status=2 ) ORDER BY favonum desc LIMIT 10   [ RunTime:0.000767s ]
INFO: [ view_parse ] --START--
NOTIC: [8] Undefined index: com H:\study\wamp64\www\online-study\Home\Runtime\Cache\12ad97b8676788da21bb179b05b3c3dbfeb2a841.file.detail.html.php 第 86 行.
NOTIC: [8] Trying to get property of non-object H:\study\wamp64\www\online-study\Home\Runtime\Cache\12ad97b8676788da21bb179b05b3c3dbfeb2a841.file.detail.html.php 第 86 行.
NOTIC: [8] Undefined index: hfnum H:\study\wamp64\www\online-study\Home\Runtime\Cache\954aebadd419e5b74239c6baf95fe1c609edee61.file.head.html.php 第 61 行.
INFO: ParseTemplate Behavior ::run [ RunTime:0.013668s ]
INFO: [ view_parse ] --END-- [ RunTime:0.013788s ]
INFO: [ view_filter ] --START--
INFO: ContentReplace Behavior ::run [ RunTime:0.000575s ]
INFO: TokenBuild Behavior ::run [ RunTime:0.000365s ]
INFO: WriteHtmlCache Behavior ::run [ RunTime:0.000346s ]
INFO: ShowRuntime Behavior ::run [ RunTime:0.000425s ]
INFO: [ view_filter ] --END-- [ RunTime:0.001983s ]
INFO: [ view_end ] --START--
INFO: ShowPageTrace Behavior ::run [ RunTime:0.000877s ]
INFO: [ view_end ] --END-- [ RunTime:0.001109s ]

[ 2019-06-09T21:24:39+08:00 ] 127.0.0.1 /online-study/index.php/Library/dwload/id/56
INFO: [ route_check ] --START--
INFO: CheckRoute Behavior ::run [ RunTime:0.000539s ]
INFO: [ route_check ] --END-- [ RunTime:0.000663s ]
NOTIC: [8192] preg_replace(): The /e modifier is deprecated, use preg_replace_callback instead H:\study\wamp64\www\online-study\ThinkPHP\Lib\Core\Dispatcher.class.php 第 132 行.
INFO: [ app_begin ] --START--
INFO: ReadHtmlCache Behavior ::run [ RunTime:0.000435s ]
INFO: [ app_begin ] --END-- [ RunTime:0.000537s ]
NOTIC: [8192] mysql_connect(): The mysql extension is deprecated and will be removed in the future: use mysqli or PDO instead H:\study\wamp64\www\online-study\ThinkPHP\Lib\Driver\Db\DbMysql.class.php 第 55 行.
SQL: SHOW COLUMNS FROM `edu_library` [ RunTime:0.000766s ]
NOTIC: [8192] preg_replace(): The /e modifier is deprecated, use preg_replace_callback instead H:\study\wamp64\www\online-study\ThinkPHP\Lib\Core\Db.class.php 第 604 行.
SQL: SELECT * FROM `edu_library` WHERE ( `id` = 56 ) LIMIT 1   [ RunTime:0.000541s ]
SQL: UPDATE `edu_library` SET `tid`=10,`uid`=98,`title`='Linux开发',`name`='5cf75faa7cca3.pdf',`size`=1150287,`type`='application/pdf',`addtime`=1559715754,`favonum`=0,`clicknum`=7,`dwloadnum`=1,`status`=2 WHERE ( `id` = 56 ) [ RunTime:0.000498s ]

